{'model': {'C': 1, 'K': 30, 'M': 169, 'P': 7, 'adaptive': True, 's': 2},
 'paths': {'ckpt': None, 'save': 'trained_nets/LPDSNet'},
 'train': {'fit': {'backtrack_thresh': 2,
                   'clip_grad': 0.05,
                   'demosaic': False,
                   'epochs': 6000,
                   'mcsure': False,
                   'noise_std': [0, 126],
                   'save_freq': 5,
                   'val_freq': 50,
                   'verbose': True},
           'loaders': {'batch_size': 10,
                       'crop_size': 256,
                       'end_slice': 8,
                       'load_color': False,
                       'scaling_fac': 2000.0,
                       'start_slice': 0,
                       'trn_path_list': ['../../datasets/fastmri_preprocessed/brain_T2W_coil_combined/train'],
                       'tst_path_list': ['../../datasets/fastmri_preprocessed/brain_T2W_coil_combined/test'],
                       'val_path_list': ['../../datasets/fastmri_preprocessed/brain_T2W_coil_combined/val']},
           'opt': {'lr': 0.001},
           'sched': {'gamma': 0.95, 'step_size': 50}},
 'type': 'LPDSNet'}
Loading ['../../datasets/fastmri_preprocessed/brain_T2W_coil_combined/train']:
Loading ['../../datasets/fastmri_preprocessed/brain_T2W_coil_combined/val']:
Loading ['../../datasets/fastmri_preprocessed/brain_T2W_coil_combined/test']:
Running power-method on initial dictionary...
Done. L=3.410e+03-7.381e-06j.
Current Learning Rate(s):
0.001
Total Number of Parameters: 755,490
Using trained_nets/LPDSNet ...
fit: using device cuda:0
TRAIN PSNR: 24.442 dB
TRAIN PSNR: 25.763 dB
TRAIN PSNR: 26.167 dB
TRAIN PSNR: 26.383 dB
TRAIN PSNR: 26.472 dB
Checkpoint: trained_nets/LPDSNet/net.ckpt
TRAIN PSNR: nan dB
Loss has diverged. Backtracking to trained_nets/LPDSNet/net.ckpt ...
Loading net state-dict...
Loading opt state-dict...
Loading sched state-dict...
Updated Learning Rate(s): [0.0008]
TRAIN PSNR: 26.611 dB
TRAIN PSNR: 26.638 dB
TRAIN PSNR: 26.742 dB
TRAIN PSNR: 26.671 dB
TRAIN PSNR: 26.676 dB
Checkpoint: trained_nets/LPDSNet/net.ckpt
TRAIN PSNR: nan dB
Loss has diverged. Backtracking to trained_nets/LPDSNet/net.ckpt ...
Loading net state-dict...
Loading opt state-dict...
Loading sched state-dict...
Updated Learning Rate(s): [0.00064]
TRAIN PSNR: 26.428 dB
TRAIN PSNR: 26.740 dB
TRAIN PSNR: 26.796 dB
TRAIN PSNR: 26.851 dB
TRAIN PSNR: 26.952 dB
Checkpoint: trained_nets/LPDSNet/net.ckpt
TRAIN PSNR: 26.764 dB
TRAIN PSNR: 26.889 dB
TRAIN PSNR: 26.879 dB
TRAIN PSNR: 26.987 dB
TRAIN PSNR: 26.923 dB
Checkpoint: trained_nets/LPDSNet/net.ckpt
TRAIN PSNR: 26.760 dB
TRAIN PSNR: 26.712 dB
TRAIN PSNR: 26.692 dB
TRAIN PSNR: 26.925 dB
TRAIN PSNR: 27.016 dB
Checkpoint: trained_nets/LPDSNet/net.ckpt
TRAIN PSNR: 27.044 dB
TRAIN PSNR: 27.025 dB
TRAIN PSNR: 27.008 dB
TRAIN PSNR: 26.871 dB
TRAIN PSNR: 27.056 dB
Checkpoint: trained_nets/LPDSNet/net.ckpt
TRAIN PSNR: 26.923 dB
TRAIN PSNR: 27.038 dB
TRAIN PSNR: 26.971 dB
TRAIN PSNR: 26.948 dB
TRAIN PSNR: 27.157 dB
Checkpoint: trained_nets/LPDSNet/net.ckpt
TRAIN PSNR: 27.036 dB
TRAIN PSNR: 26.986 dB
TRAIN PSNR: 27.001 dB
TRAIN PSNR: 27.017 dB
TRAIN PSNR: 27.010 dB
Checkpoint: trained_nets/LPDSNet/net.ckpt
TRAIN PSNR: 27.037 dB
TRAIN PSNR: 27.152 dB
TRAIN PSNR: 27.021 dB
TRAIN PSNR: 27.103 dB
TRAIN PSNR: 27.109 dB
Checkpoint: trained_nets/LPDSNet/net.ckpt
TRAIN PSNR: 19.810 dB
Loss has diverged. Backtracking to trained_nets/LPDSNet/net.ckpt ...
Loading net state-dict...
Loading opt state-dict...
Loading sched state-dict...
Updated Learning Rate(s): [0.000512]
TRAIN PSNR: 27.107 dB
TRAIN PSNR: 27.068 dB
TRAIN PSNR: 27.152 dB
TRAIN PSNR: 27.216 dB
TRAIN PSNR: 27.165 dB
VAL PSNR: 29.236 dB
Updated Learning Rate(s): 
[0.00048640000000000006]
Checkpoint: trained_nets/LPDSNet/net.ckpt
TRAIN PSNR: 27.189 dB
TRAIN PSNR: 27.115 dB
TRAIN PSNR: 27.074 dB
TRAIN PSNR: 27.095 dB
TRAIN PSNR: 27.156 dB
Checkpoint: trained_nets/LPDSNet/net.ckpt
TRAIN PSNR: 27.233 dB
TRAIN PSNR: 27.242 dB
TRAIN PSNR: 27.161 dB
TRAIN PSNR: 27.280 dB
TRAIN PSNR: 27.250 dB
Checkpoint: trained_nets/LPDSNet/net.ckpt
TRAIN PSNR: 27.111 dB
TRAIN PSNR: 27.188 dB
TRAIN PSNR: 27.081 dB
TRAIN PSNR: 27.213 dB
TRAIN PSNR: 27.018 dB
Checkpoint: trained_nets/LPDSNet/net.ckpt
TRAIN PSNR: 27.161 dB
TRAIN PSNR: 27.221 dB
TRAIN PSNR: 27.172 dB
TRAIN PSNR: 27.162 dB
TRAIN PSNR: 27.173 dB
Checkpoint: trained_nets/LPDSNet/net.ckpt
TRAIN PSNR: 27.242 dB
TRAIN PSNR: 27.141 dB
TRAIN PSNR: 27.245 dB
TRAIN PSNR: 27.171 dB
TRAIN PSNR: 27.157 dB
Checkpoint: trained_nets/LPDSNet/net.ckpt
TRAIN PSNR: 27.163 dB
TRAIN PSNR: 27.092 dB
TRAIN PSNR: 27.060 dB
TRAIN PSNR: 27.248 dB
TRAIN PSNR: 27.208 dB
Checkpoint: trained_nets/LPDSNet/net.ckpt
TRAIN PSNR: 27.146 dB
TRAIN PSNR: 27.228 dB
TRAIN PSNR: 27.226 dB
TRAIN PSNR: 27.219 dB
TRAIN PSNR: 27.326 dB
Checkpoint: trained_nets/LPDSNet/net.ckpt
TRAIN PSNR: 27.175 dB
TRAIN PSNR: 27.193 dB
TRAIN PSNR: 27.246 dB
TRAIN PSNR: 27.239 dB
TRAIN PSNR: 27.193 dB
Checkpoint: trained_nets/LPDSNet/net.ckpt
TRAIN PSNR: 27.260 dB
TRAIN PSNR: 27.106 dB
TRAIN PSNR: 27.194 dB
TRAIN PSNR: 27.271 dB
TRAIN PSNR: 27.053 dB
Checkpoint: trained_nets/LPDSNet/net.ckpt
TRAIN PSNR: 27.254 dB
TRAIN PSNR: 27.175 dB
TRAIN PSNR: 27.181 dB
TRAIN PSNR: 27.277 dB
TRAIN PSNR: 27.276 dB
VAL PSNR: 29.312 dB
Updated Learning Rate(s): 
[0.00046208]
Checkpoint: trained_nets/LPDSNet/net.ckpt
TRAIN PSNR: 27.253 dB
TRAIN PSNR: 27.274 dB
TRAIN PSNR: 27.186 dB
TRAIN PSNR: 27.073 dB
TRAIN PSNR: 27.198 dB
Checkpoint: trained_nets/LPDSNet/net.ckpt
TRAIN PSNR: 27.164 dB
TRAIN PSNR: 27.234 dB
TRAIN PSNR: 27.277 dB
TRAIN PSNR: 27.099 dB
TRAIN PSNR: 27.273 dB
Checkpoint: trained_nets/LPDSNet/net.ckpt
TRAIN PSNR: 27.314 dB
TRAIN PSNR: 27.206 dB
TRAIN PSNR: 27.189 dB
TRAIN PSNR: 27.236 dB
TRAIN PSNR: 27.276 dB
Checkpoint: trained_nets/LPDSNet/net.ckpt
TRAIN PSNR: 27.292 dB
TRAIN PSNR: 27.247 dB
TRAIN PSNR: 27.109 dB
TRAIN PSNR: 27.128 dB
TRAIN PSNR: 27.187 dB
Checkpoint: trained_nets/LPDSNet/net.ckpt
TRAIN PSNR: 27.306 dB
TRAIN PSNR: 27.271 dB
TRAIN PSNR: 27.289 dB
TRAIN PSNR: 27.331 dB
TRAIN PSNR: 27.057 dB
Checkpoint: trained_nets/LPDSNet/net.ckpt
TRAIN PSNR: 27.241 dB
TRAIN PSNR: 27.285 dB
TRAIN PSNR: 27.291 dB
TRAIN PSNR: 27.262 dB
TRAIN PSNR: 27.195 dB
Checkpoint: trained_nets/LPDSNet/net.ckpt
TRAIN PSNR: 27.271 dB
TRAIN PSNR: 27.236 dB
TRAIN PSNR: 27.309 dB
TRAIN PSNR: 27.219 dB
TRAIN PSNR: 27.142 dB
Checkpoint: trained_nets/LPDSNet/net.ckpt
TRAIN PSNR: 27.244 dB
TRAIN PSNR: 27.403 dB
TRAIN PSNR: 27.369 dB
TRAIN PSNR: 27.155 dB
TRAIN PSNR: 27.322 dB
Checkpoint: trained_nets/LPDSNet/net.ckpt
TRAIN PSNR: 27.186 dB
TRAIN PSNR: 27.349 dB
TRAIN PSNR: 27.292 dB
TRAIN PSNR: 27.242 dB
TRAIN PSNR: 27.244 dB
Checkpoint: trained_nets/LPDSNet/net.ckpt
TRAIN PSNR: 27.269 dB
TRAIN PSNR: 27.285 dB
TRAIN PSNR: 27.315 dB
TRAIN PSNR: 27.178 dB
TRAIN PSNR: 27.139 dB
VAL PSNR: 29.319 dB
Updated Learning Rate(s): 
[0.000438976]
Checkpoint: trained_nets/LPDSNet/net.ckpt
TRAIN PSNR: 27.225 dB
TRAIN PSNR: 27.241 dB
TRAIN PSNR: 27.174 dB
TRAIN PSNR: 27.260 dB
TRAIN PSNR: 27.264 dB
Checkpoint: trained_nets/LPDSNet/net.ckpt
TRAIN PSNR: 27.347 dB
