{'model': {'C': 1, 'K': 20, 'M': 32, 'P': 7, 'adaptive': True, 's': 1},
 'paths': {'ckpt': None, 'save': 'trained_nets/CDLNet-s2030'},
 'train': {'fit': {'backtrack_thresh': 2,
                   'clip_grad': 0.05,
                   'demosaic': False,
                   'epochs': 6000,
                   'mcsure': False,
                   'noise_std': [20, 30],
                   'save_freq': 5,
                   'val_freq': 50,
                   'verbose': True},
           'loaders': {'batch_size': 10,
                       'crop_size': 128,
                       'end_slice': 8,
                       'load_color': False,
                       'start_slice': 0,
                       'trn_path_list': ['../../datasets/fastmri_preprocessed/brain_T2W_coil_combined/train'],
                       'tst_path_list': ['../../datasets/fastmri_preprocessed/brain_T2W_coil_combined/test'],
                       'val_path_list': ['../../datasets/fastmri_preprocessed/brain_T2W_coil_combined/val']},
           'opt': {'lr': 0.001},
           'sched': {'gamma': 0.95, 'step_size': 50}},
 'type': 'CDLNet'}
Loading ['../../datasets/fastmri_preprocessed/brain_T2W_coil_combined/train']:
Loading ['../../datasets/fastmri_preprocessed/brain_T2W_coil_combined/val']:
Loading ['../../datasets/fastmri_preprocessed/brain_T2W_coil_combined/test']:
Running power-method on initial dictionary...
Done. L=2.394e+03-2.055e-06j.
Current Learning Rate(s):
0.001
Total Number of Parameters: 95,360
Using trained_nets/CDLNet-s2030 ...
fit: using device cuda:0
TRAIN PSNR: -95.818 dB
Loss has diverged. Backtracking to trained_nets/CDLNet-s2030/0.ckpt ...
Loading net state-dict...
Loading opt state-dict...
Loading sched state-dict...
Updated Learning Rate(s): [0.0008]
TRAIN PSNR: -94.272 dB
Loss has diverged. Backtracking to trained_nets/CDLNet-s2030/0.ckpt ...
Loading net state-dict...
Loading opt state-dict...
Loading sched state-dict...
Updated Learning Rate(s): [0.00064]
TRAIN PSNR: -92.822 dB
Loss has diverged. Backtracking to trained_nets/CDLNet-s2030/0.ckpt ...
Loading net state-dict...
Loading opt state-dict...
Loading sched state-dict...
Updated Learning Rate(s): [0.000512]
TRAIN PSNR: -91.383 dB
Loss has diverged. Backtracking to trained_nets/CDLNet-s2030/0.ckpt ...
Loading net state-dict...
Loading opt state-dict...
Loading sched state-dict...
Updated Learning Rate(s): [0.0004096]
TRAIN PSNR: -89.562 dB
Loss has diverged. Backtracking to trained_nets/CDLNet-s2030/0.ckpt ...
Loading net state-dict...
Loading opt state-dict...
Loading sched state-dict...
Updated Learning Rate(s): [0.00032768]
TRAIN PSNR: -88.136 dB
Loss has diverged. Backtracking to trained_nets/CDLNet-s2030/0.ckpt ...
Loading net state-dict...
Loading opt state-dict...
Loading sched state-dict...
Updated Learning Rate(s): [0.00026214]
TRAIN PSNR: -86.672 dB
Loss has diverged. Backtracking to trained_nets/CDLNet-s2030/0.ckpt ...
Loading net state-dict...
Loading opt state-dict...
Loading sched state-dict...
Updated Learning Rate(s): [0.00020972]
TRAIN PSNR: -84.867 dB
Loss has diverged. Backtracking to trained_nets/CDLNet-s2030/0.ckpt ...
Loading net state-dict...
Loading opt state-dict...
Loading sched state-dict...
Updated Learning Rate(s): [0.00016777]
TRAIN PSNR: -83.038 dB
Loss has diverged. Backtracking to trained_nets/CDLNet-s2030/0.ckpt ...
Loading net state-dict...
Loading opt state-dict...
Loading sched state-dict...
Updated Learning Rate(s): [0.00013422]
TRAIN PSNR: -81.470 dB
Loss has diverged. Backtracking to trained_nets/CDLNet-s2030/0.ckpt ...
Loading net state-dict...
Loading opt state-dict...
Loading sched state-dict...
Updated Learning Rate(s): [0.00010737]
TRAIN PSNR: -79.901 dB
Loss has diverged. Backtracking to trained_nets/CDLNet-s2030/0.ckpt ...
Loading net state-dict...
Loading opt state-dict...
Loading sched state-dict...
Updated Learning Rate(s): [8.58993459e-05]
TRAIN PSNR: -77.582 dB
Loss has diverged. Backtracking to trained_nets/CDLNet-s2030/0.ckpt ...
Loading net state-dict...
Loading opt state-dict...
Loading sched state-dict...
Updated Learning Rate(s): [6.87194767e-05]
TRAIN PSNR: -75.975 dB
Loss has diverged. Backtracking to trained_nets/CDLNet-s2030/0.ckpt ...
Loading net state-dict...
Loading opt state-dict...
Loading sched state-dict...
Updated Learning Rate(s): [5.49755814e-05]
TRAIN PSNR: -74.317 dB
Loss has diverged. Backtracking to trained_nets/CDLNet-s2030/0.ckpt ...
Loading net state-dict...
Loading opt state-dict...
Loading sched state-dict...
Updated Learning Rate(s): [4.39804651e-05]
TRAIN PSNR: -72.598 dB
Loss has diverged. Backtracking to trained_nets/CDLNet-s2030/0.ckpt ...
Loading net state-dict...
Loading opt state-dict...
Loading sched state-dict...
Updated Learning Rate(s): [3.51843721e-05]
TRAIN PSNR: -70.169 dB
Loss has diverged. Backtracking to trained_nets/CDLNet-s2030/0.ckpt ...
Loading net state-dict...
Loading opt state-dict...
Loading sched state-dict...
Updated Learning Rate(s): [2.81474977e-05]
TRAIN PSNR: -68.875 dB
Loss has diverged. Backtracking to trained_nets/CDLNet-s2030/0.ckpt ...
Loading net state-dict...
Loading opt state-dict...
Loading sched state-dict...
Updated Learning Rate(s): [2.25179981e-05]
TRAIN PSNR: -67.310 dB
Loss has diverged. Backtracking to trained_nets/CDLNet-s2030/0.ckpt ...
Loading net state-dict...
Loading opt state-dict...
Loading sched state-dict...
Updated Learning Rate(s): [1.80143985e-05]
TRAIN PSNR: -65.387 dB
Loss has diverged. Backtracking to trained_nets/CDLNet-s2030/0.ckpt ...
Loading net state-dict...
Loading opt state-dict...
Loading sched state-dict...
Updated Learning Rate(s): [1.44115188e-05]
TRAIN PSNR: -63.744 dB
Loss has diverged. Backtracking to trained_nets/CDLNet-s2030/0.ckpt ...
Loading net state-dict...
Loading opt state-dict...
Loading sched state-dict...
Updated Learning Rate(s): [1.1529215e-05]
TRAIN PSNR: -61.973 dB
Loss has diverged. Backtracking to trained_nets/CDLNet-s2030/0.ckpt ...
Loading net state-dict...
Loading opt state-dict...
Loading sched state-dict...
Updated Learning Rate(s): [9.22337204e-06]
TRAIN PSNR: -61.020 dB
Loss has diverged. Backtracking to trained_nets/CDLNet-s2030/0.ckpt ...
Loading net state-dict...
Loading opt state-dict...
Loading sched state-dict...
Updated Learning Rate(s): [7.37869763e-06]
TRAIN PSNR: -59.899 dB
Loss has diverged. Backtracking to trained_nets/CDLNet-s2030/0.ckpt ...
Loading net state-dict...
Loading opt state-dict...
Loading sched state-dict...
Updated Learning Rate(s): [5.9029581e-06]
TRAIN PSNR: -58.909 dB
Loss has diverged. Backtracking to trained_nets/CDLNet-s2030/0.ckpt ...
Loading net state-dict...
Loading opt state-dict...
Loading sched state-dict...
Updated Learning Rate(s): [4.72236648e-06]
TRAIN PSNR: -58.098 dB
Loss has diverged. Backtracking to trained_nets/CDLNet-s2030/0.ckpt ...
Loading net state-dict...
Loading opt state-dict...
Loading sched state-dict...
Updated Learning Rate(s): [3.77789319e-06]
TRAIN PSNR: -57.674 dB
Loss has diverged. Backtracking to trained_nets/CDLNet-s2030/0.ckpt ...
Loading net state-dict...
Loading opt state-dict...
Loading sched state-dict...
Updated Learning Rate(s): [3.02231455e-06]
TRAIN PSNR: -57.679 dB
Loss has diverged. Backtracking to trained_nets/CDLNet-s2030/0.ckpt ...
Loading net state-dict...
Loading opt state-dict...
Loading sched state-dict...
Updated Learning Rate(s): [2.41785164e-06]
TRAIN PSNR: -57.361 dB
Loss has diverged. Backtracking to trained_nets/CDLNet-s2030/0.ckpt ...
Loading net state-dict...
Loading opt state-dict...
Loading sched state-dict...
Updated Learning Rate(s): [1.93428131e-06]
TRAIN PSNR: -57.359 dB
Loss has diverged. Backtracking to trained_nets/CDLNet-s2030/0.ckpt ...
Loading net state-dict...
Loading opt state-dict...
Loading sched state-dict...
Updated Learning Rate(s): [1.54742505e-06]
TRAIN PSNR: -57.372 dB
Loss has diverged. Backtracking to trained_nets/CDLNet-s2030/0.ckpt ...
Loading net state-dict...
Loading opt state-dict...
Loading sched state-dict...
Updated Learning Rate(s): [1.23794004e-06]
TRAIN PSNR: -57.613 dB
Loss has diverged. Backtracking to trained_nets/CDLNet-s2030/0.ckpt ...
Loading net state-dict...
Loading opt state-dict...
Loading sched state-dict...
Updated Learning Rate(s): [9.90352031e-07]
TRAIN PSNR: -57.684 dB
Loss has diverged. Backtracking to trained_nets/CDLNet-s2030/0.ckpt ...
Loading net state-dict...
Loading opt state-dict...
Loading sched state-dict...
Updated Learning Rate(s): [7.92281625e-07]
TRAIN PSNR: -57.535 dB
Loss has diverged. Backtracking to trained_nets/CDLNet-s2030/0.ckpt ...
Loading net state-dict...
Loading opt state-dict...
Loading sched state-dict...
Updated Learning Rate(s): [6.338253e-07]
TRAIN PSNR: -57.913 dB
Loss has diverged. Backtracking to trained_nets/CDLNet-s2030/0.ckpt ...
Loading net state-dict...
Loading opt state-dict...
Loading sched state-dict...
Updated Learning Rate(s): [5.0706024e-07]
TRAIN PSNR: -57.625 dB
Loss has diverged. Backtracking to trained_nets/CDLNet-s2030/0.ckpt ...
Loading net state-dict...
Loading opt state-dict...
Loading sched state-dict...
Updated Learning Rate(s): [4.05648192e-07]
TRAIN PSNR: -57.955 dB
Loss has diverged. Backtracking to trained_nets/CDLNet-s2030/0.ckpt ...
Loading net state-dict...
Loading opt state-dict...
Loading sched state-dict...
Updated Learning Rate(s): [3.24518554e-07]
TRAIN PSNR: -58.234 dB
Loss has diverged. Backtracking to trained_nets/CDLNet-s2030/0.ckpt ...
Loading net state-dict...
Loading opt state-dict...
Loading sched state-dict...
Updated Learning Rate(s): [2.59614843e-07]
TRAIN PSNR: -57.904 dB
Loss has diverged. Backtracking to trained_nets/CDLNet-s2030/0.ckpt ...
Loading net state-dict...
Loading opt state-dict...
Loading sched state-dict...
Updated Learning Rate(s): [2.07691874e-07]
TRAIN PSNR: -58.482 dB
Loss has diverged. Backtracking to trained_nets/CDLNet-s2030/0.ckpt ...
Loading net state-dict...
Loading opt state-dict...
Loading sched state-dict...
Updated Learning Rate(s): [1.66153499e-07]
TRAIN PSNR: -58.445 dB
Loss has diverged. Backtracking to trained_nets/CDLNet-s2030/0.ckpt ...
Loading net state-dict...
Loading opt state-dict...
Loading sched state-dict...
Updated Learning Rate(s): [1.329228e-07]
TRAIN PSNR: -58.471 dB
Loss has diverged. Backtracking to trained_nets/CDLNet-s2030/0.ckpt ...
Loading net state-dict...
Loading opt state-dict...
Loading sched state-dict...
Updated Learning Rate(s): [1.0633824e-07]
TRAIN PSNR: -58.489 dB
Loss has diverged. Backtracking to trained_nets/CDLNet-s2030/0.ckpt ...
Loading net state-dict...
Loading opt state-dict...
Loading sched state-dict...
Updated Learning Rate(s): [8.50705917e-08]
TRAIN PSNR: -58.210 dB
Loss has diverged. Backtracking to trained_nets/CDLNet-s2030/0.ckpt ...
Loading net state-dict...
Loading opt state-dict...
Loading sched state-dict...
Updated Learning Rate(s): [6.80564734e-08]
TRAIN PSNR: -58.467 dB
Loss has diverged. Backtracking to trained_nets/CDLNet-s2030/0.ckpt ...
Loading net state-dict...
Loading opt state-dict...
Loading sched state-dict...
Updated Learning Rate(s): [5.44451787e-08]
TRAIN PSNR: -58.654 dB
Loss has diverged. Backtracking to trained_nets/CDLNet-s2030/0.ckpt ...
Loading net state-dict...
Loading opt state-dict...
Loading sched state-dict...
Updated Learning Rate(s): [4.3556143e-08]
TRAIN PSNR: -58.430 dB
Loss has diverged. Backtracking to trained_nets/CDLNet-s2030/0.ckpt ...
Loading net state-dict...
Loading opt state-dict...
Loading sched state-dict...
Updated Learning Rate(s): [3.48449144e-08]
TRAIN PSNR: -58.453 dB
Loss has diverged. Backtracking to trained_nets/CDLNet-s2030/0.ckpt ...
Loading net state-dict...
Loading opt state-dict...
Loading sched state-dict...
Updated Learning Rate(s): [2.78759315e-08]
TRAIN PSNR: -59.338 dB
Loss has diverged. Backtracking to trained_nets/CDLNet-s2030/0.ckpt ...
Loading net state-dict...
Loading opt state-dict...
Loading sched state-dict...
Updated Learning Rate(s): [2.23007452e-08]
TRAIN PSNR: -58.805 dB
Loss has diverged. Backtracking to trained_nets/CDLNet-s2030/0.ckpt ...
Loading net state-dict...
Loading opt state-dict...
Loading sched state-dict...
Updated Learning Rate(s): [1.78405962e-08]
TRAIN PSNR: -58.472 dB
Loss has diverged. Backtracking to trained_nets/CDLNet-s2030/0.ckpt ...
Loading net state-dict...
Loading opt state-dict...
Loading sched state-dict...
Updated Learning Rate(s): [1.42724769e-08]
