{'model': {'C': 1, 'K': 30, 'M': 169, 'P': 7, 'adaptive': True, 's': 2},
 'paths': {'ckpt': None, 'save': 'trained_nets/LPDSNet'},
 'train': {'fit': {'backtrack_thresh': 2,
                   'clip_grad': 0.05,
                   'demosaic': False,
                   'epochs': 6000,
                   'mcsure': False,
                   'noise_std': [0, 126],
                   'save_freq': 5,
                   'val_freq': 50,
                   'verbose': True},
           'loaders': {'batch_size': 10,
                       'crop_size': 256,
                       'end_slice': 8,
                       'load_color': False,
                       'scaling_fac': 2000.0,
                       'start_slice': 0,
                       'trn_path_list': ['../../datasets/fastmri_preprocessed/brain_T2W_coil_combined/train'],
                       'tst_path_list': ['../../datasets/fastmri_preprocessed/brain_T2W_coil_combined/test'],
                       'val_path_list': ['../../datasets/fastmri_preprocessed/brain_T2W_coil_combined/val']},
           'opt': {'lr': 0.001},
           'sched': {'gamma': 0.95, 'step_size': 50}},
 'type': 'LPDSNet'}
Loading ['../../datasets/fastmri_preprocessed/brain_T2W_coil_combined/train']:
Loading ['../../datasets/fastmri_preprocessed/brain_T2W_coil_combined/val']:
Loading ['../../datasets/fastmri_preprocessed/brain_T2W_coil_combined/test']:
Running power-method on initial dictionary...
Done. L=3.206e+03+4.042e-07j.
Current Learning Rate(s):
0.001
Total Number of Parameters: 755,490
Using trained_nets/LPDSNet ...
fit: using device cuda:0
TRAIN PSNR: 23.918 dB
TRAIN PSNR: 25.612 dB
TRAIN PSNR: 26.148 dB
TRAIN PSNR: 26.353 dB
TRAIN PSNR: 26.486 dB
Checkpoint: trained_nets/LPDSNet/net.ckpt
TRAIN PSNR: nan dB
Loss has diverged. Backtracking to trained_nets/LPDSNet/net.ckpt ...
Loading net state-dict...
Loading opt state-dict...
Loading sched state-dict...
Updated Learning Rate(s): [0.0008]
TRAIN PSNR: 26.687 dB
TRAIN PSNR: 26.623 dB
TRAIN PSNR: 26.694 dB
TRAIN PSNR: 26.794 dB
TRAIN PSNR: 26.777 dB
Checkpoint: trained_nets/LPDSNet/net.ckpt
TRAIN PSNR: 26.837 dB
TRAIN PSNR: 26.634 dB
TRAIN PSNR: nan dB
Loss has diverged. Backtracking to trained_nets/LPDSNet/net.ckpt ...
Loading net state-dict...
Loading opt state-dict...
Loading sched state-dict...
Updated Learning Rate(s): [0.00064]
TRAIN PSNR: 26.911 dB
TRAIN PSNR: 26.917 dB
TRAIN PSNR: 26.873 dB
TRAIN PSNR: 5.691 dB
Loss has diverged. Backtracking to trained_nets/LPDSNet/net.ckpt ...
Loading net state-dict...
Loading opt state-dict...
Loading sched state-dict...
Updated Learning Rate(s): [0.000512]
TRAIN PSNR: 26.797 dB
TRAIN PSNR: 26.590 dB
TRAIN PSNR: 26.958 dB
TRAIN PSNR: 26.723 dB
TRAIN PSNR: 26.819 dB
Checkpoint: trained_nets/LPDSNet/net.ckpt
TRAIN PSNR: 26.820 dB
TRAIN PSNR: 26.971 dB
TRAIN PSNR: 26.974 dB
TRAIN PSNR: 26.919 dB
TRAIN PSNR: 27.007 dB
Checkpoint: trained_nets/LPDSNet/net.ckpt
TRAIN PSNR: 26.938 dB
TRAIN PSNR: 26.881 dB
TRAIN PSNR: 26.865 dB
TRAIN PSNR: 26.889 dB
TRAIN PSNR: 26.977 dB
Checkpoint: trained_nets/LPDSNet/net.ckpt
TRAIN PSNR: 26.983 dB
TRAIN PSNR: 26.957 dB
TRAIN PSNR: 27.050 dB
TRAIN PSNR: 27.122 dB
TRAIN PSNR: 27.180 dB
Checkpoint: trained_nets/LPDSNet/net.ckpt
TRAIN PSNR: 27.019 dB
TRAIN PSNR: 27.010 dB
TRAIN PSNR: 26.758 dB
TRAIN PSNR: 27.127 dB
TRAIN PSNR: 27.008 dB
Checkpoint: trained_nets/LPDSNet/net.ckpt
TRAIN PSNR: 26.923 dB
TRAIN PSNR: 27.011 dB
TRAIN PSNR: 27.096 dB
TRAIN PSNR: 27.073 dB
TRAIN PSNR: 26.963 dB
Checkpoint: trained_nets/LPDSNet/net.ckpt
TRAIN PSNR: 27.056 dB
TRAIN PSNR: 27.057 dB
TRAIN PSNR: 27.151 dB
TRAIN PSNR: 27.083 dB
TRAIN PSNR: 27.127 dB
Checkpoint: trained_nets/LPDSNet/net.ckpt
TRAIN PSNR: 27.100 dB
TRAIN PSNR: 27.072 dB
TRAIN PSNR: 27.083 dB
TRAIN PSNR: 27.229 dB
TRAIN PSNR: 27.073 dB
VAL PSNR: 29.200 dB
Updated Learning Rate(s): 
[0.00048640000000000006]
Checkpoint: trained_nets/LPDSNet/net.ckpt
TRAIN PSNR: 27.249 dB
TRAIN PSNR: 27.255 dB
TRAIN PSNR: 27.142 dB
TRAIN PSNR: 27.111 dB
TRAIN PSNR: 27.182 dB
Checkpoint: trained_nets/LPDSNet/net.ckpt
TRAIN PSNR: 27.185 dB
TRAIN PSNR: 26.956 dB
TRAIN PSNR: 27.122 dB
TRAIN PSNR: 27.148 dB
TRAIN PSNR: 27.205 dB
Checkpoint: trained_nets/LPDSNet/net.ckpt
TRAIN PSNR: 27.201 dB
TRAIN PSNR: 27.057 dB
TRAIN PSNR: 27.216 dB
TRAIN PSNR: 27.080 dB
TRAIN PSNR: 27.250 dB
Checkpoint: trained_nets/LPDSNet/net.ckpt
TRAIN PSNR: 27.210 dB
TRAIN PSNR: 27.084 dB
TRAIN PSNR: 27.186 dB
TRAIN PSNR: 27.271 dB
TRAIN PSNR: 27.162 dB
Checkpoint: trained_nets/LPDSNet/net.ckpt
TRAIN PSNR: 27.218 dB
TRAIN PSNR: 27.216 dB
TRAIN PSNR: 27.215 dB
TRAIN PSNR: 27.297 dB
TRAIN PSNR: 27.279 dB
Checkpoint: trained_nets/LPDSNet/net.ckpt
TRAIN PSNR: 27.126 dB
TRAIN PSNR: 27.252 dB
TRAIN PSNR: 27.249 dB
TRAIN PSNR: 26.933 dB
TRAIN PSNR: 27.083 dB
Checkpoint: trained_nets/LPDSNet/net.ckpt
TRAIN PSNR: 27.173 dB
TRAIN PSNR: 27.348 dB
TRAIN PSNR: 27.298 dB
TRAIN PSNR: 27.294 dB
TRAIN PSNR: 27.297 dB
Checkpoint: trained_nets/LPDSNet/net.ckpt
TRAIN PSNR: 27.244 dB
TRAIN PSNR: 27.196 dB
TRAIN PSNR: 27.183 dB
TRAIN PSNR: 27.189 dB
TRAIN PSNR: 27.333 dB
Checkpoint: trained_nets/LPDSNet/net.ckpt
TRAIN PSNR: 27.052 dB
TRAIN PSNR: 27.261 dB
TRAIN PSNR: 27.200 dB
TRAIN PSNR: 27.224 dB
TRAIN PSNR: 27.170 dB
Checkpoint: trained_nets/LPDSNet/net.ckpt
TRAIN PSNR: 27.235 dB
TRAIN PSNR: 27.187 dB
TRAIN PSNR: 27.192 dB
TRAIN PSNR: 27.240 dB
TRAIN PSNR: 27.148 dB
VAL PSNR: 29.318 dB
Updated Learning Rate(s): 
[0.00046208]
Checkpoint: trained_nets/LPDSNet/net.ckpt
TRAIN PSNR: 27.250 dB
TRAIN PSNR: 27.172 dB
TRAIN PSNR: 27.301 dB
TRAIN PSNR: 27.288 dB
TRAIN PSNR: 27.227 dB
Checkpoint: trained_nets/LPDSNet/net.ckpt
TRAIN PSNR: 27.335 dB
TRAIN PSNR: 27.301 dB
TRAIN PSNR: 27.182 dB
TRAIN PSNR: 27.215 dB
TRAIN PSNR: 27.262 dB
Checkpoint: trained_nets/LPDSNet/net.ckpt
TRAIN PSNR: 27.131 dB
TRAIN PSNR: 27.295 dB
TRAIN PSNR: 27.315 dB
TRAIN PSNR: 27.309 dB
TRAIN PSNR: 27.272 dB
Checkpoint: trained_nets/LPDSNet/net.ckpt
TRAIN PSNR: 27.289 dB
TRAIN PSNR: 27.143 dB
TRAIN PSNR: 27.301 dB
TRAIN PSNR: 27.297 dB
TRAIN PSNR: 27.329 dB
Checkpoint: trained_nets/LPDSNet/net.ckpt
TRAIN PSNR: 27.342 dB
TRAIN PSNR: 27.217 dB
TRAIN PSNR: 27.248 dB
TRAIN PSNR: 27.161 dB
TRAIN PSNR: 27.308 dB
Checkpoint: trained_nets/LPDSNet/net.ckpt
TRAIN PSNR: 27.289 dB
TRAIN PSNR: 27.205 dB
TRAIN PSNR: 27.355 dB
TRAIN PSNR: 27.364 dB
TRAIN PSNR: 27.427 dB
Checkpoint: trained_nets/LPDSNet/net.ckpt
TRAIN PSNR: 27.230 dB
TRAIN PSNR: 27.296 dB
TRAIN PSNR: 27.276 dB
TRAIN PSNR: 27.242 dB
TRAIN PSNR: 27.234 dB
Checkpoint: trained_nets/LPDSNet/net.ckpt
TRAIN PSNR: 27.282 dB
TRAIN PSNR: 27.267 dB
TRAIN PSNR: 27.331 dB
TRAIN PSNR: 27.166 dB
TRAIN PSNR: 27.370 dB
Checkpoint: trained_nets/LPDSNet/net.ckpt
TRAIN PSNR: 27.195 dB
TRAIN PSNR: 27.450 dB
TRAIN PSNR: 27.288 dB
TRAIN PSNR: 27.312 dB
TRAIN PSNR: 27.344 dB
Checkpoint: trained_nets/LPDSNet/net.ckpt
TRAIN PSNR: 27.233 dB
TRAIN PSNR: 27.240 dB
TRAIN PSNR: 27.336 dB
TRAIN PSNR: 27.223 dB
TRAIN PSNR: 27.327 dB
VAL PSNR: 29.391 dB
Updated Learning Rate(s): 
[0.000438976]
Checkpoint: trained_nets/LPDSNet/net.ckpt
TRAIN PSNR: 27.285 dB
TRAIN PSNR: 27.347 dB
TRAIN PSNR: 27.345 dB
TRAIN PSNR: 27.263 dB
TRAIN PSNR: 27.374 dB
Checkpoint: trained_nets/LPDSNet/net.ckpt
TRAIN PSNR: 27.266 dB
TRAIN PSNR: 27.335 dB
TRAIN PSNR: 27.373 dB
TRAIN PSNR: 27.323 dB
TRAIN PSNR: 27.271 dB
Checkpoint: trained_nets/LPDSNet/net.ckpt
TRAIN PSNR: 27.322 dB
TRAIN PSNR: 27.298 dB
TRAIN PSNR: 27.378 dB
TRAIN PSNR: 27.343 dB
TRAIN PSNR: 27.155 dB
Checkpoint: trained_nets/LPDSNet/net.ckpt
TRAIN PSNR: 27.388 dB
TRAIN PSNR: 27.293 dB
TRAIN PSNR: 27.242 dB
TRAIN PSNR: 27.412 dB
TRAIN PSNR: 27.237 dB
Checkpoint: trained_nets/LPDSNet/net.ckpt
TRAIN PSNR: 27.394 dB
TRAIN PSNR: 27.258 dB
TRAIN PSNR: 27.391 dB
TRAIN PSNR: 27.328 dB
TRAIN PSNR: 27.287 dB
Checkpoint: trained_nets/LPDSNet/net.ckpt
TRAIN PSNR: 27.263 dB
TRAIN PSNR: 27.335 dB
TRAIN PSNR: 27.320 dB
TRAIN PSNR: 27.180 dB
TRAIN PSNR: 27.334 dB
Checkpoint: trained_nets/LPDSNet/net.ckpt
TRAIN PSNR: 27.425 dB
TRAIN PSNR: 27.342 dB
TRAIN PSNR: 27.333 dB
TRAIN PSNR: 27.392 dB
TRAIN PSNR: 27.382 dB
Checkpoint: trained_nets/LPDSNet/net.ckpt
TRAIN PSNR: 27.402 dB
TRAIN PSNR: 27.278 dB
TRAIN PSNR: 27.326 dB
TRAIN PSNR: 27.310 dB
TRAIN PSNR: 27.472 dB
Checkpoint: trained_nets/LPDSNet/net.ckpt
TRAIN PSNR: 27.295 dB
TRAIN PSNR: 27.357 dB
TRAIN PSNR: 27.301 dB
TRAIN PSNR: 27.336 dB
TRAIN PSNR: 27.358 dB
Checkpoint: trained_nets/LPDSNet/net.ckpt
TRAIN PSNR: 27.210 dB
TRAIN PSNR: 27.280 dB
TRAIN PSNR: 27.340 dB
TRAIN PSNR: 27.445 dB
TRAIN PSNR: 27.370 dB
VAL PSNR: 29.412 dB
Updated Learning Rate(s): 
[0.00041702719999999995]
Checkpoint: trained_nets/LPDSNet/net.ckpt
TRAIN PSNR: 27.406 dB
TRAIN PSNR: 27.350 dB
TRAIN PSNR: 27.309 dB
TRAIN PSNR: 27.286 dB
TRAIN PSNR: 27.327 dB
Checkpoint: trained_nets/LPDSNet/net.ckpt
TRAIN PSNR: 27.289 dB
TRAIN PSNR: 27.313 dB
TRAIN PSNR: 27.275 dB
TRAIN PSNR: 27.315 dB
TRAIN PSNR: 27.419 dB
Checkpoint: trained_nets/LPDSNet/net.ckpt
TRAIN PSNR: 27.334 dB
TRAIN PSNR: 27.288 dB
TRAIN PSNR: 27.403 dB
TRAIN PSNR: 27.407 dB
TRAIN PSNR: 27.449 dB
Checkpoint: trained_nets/LPDSNet/net.ckpt
TRAIN PSNR: 27.429 dB
TRAIN PSNR: 27.227 dB
TRAIN PSNR: 27.361 dB
TRAIN PSNR: 27.387 dB
TRAIN PSNR: 27.333 dB
Checkpoint: trained_nets/LPDSNet/net.ckpt
TRAIN PSNR: 27.391 dB
TRAIN PSNR: 27.393 dB
TRAIN PSNR: 27.327 dB
TRAIN PSNR: 27.423 dB
TRAIN PSNR: 27.388 dB
Checkpoint: trained_nets/LPDSNet/net.ckpt
TRAIN PSNR: 27.331 dB
TRAIN PSNR: 27.360 dB
TRAIN PSNR: 27.377 dB
TRAIN PSNR: 27.347 dB
TRAIN PSNR: 27.278 dB
Checkpoint: trained_nets/LPDSNet/net.ckpt
TRAIN PSNR: 27.349 dB
TRAIN PSNR: 27.348 dB
TRAIN PSNR: 27.326 dB
TRAIN PSNR: 27.333 dB
TRAIN PSNR: 27.374 dB
Checkpoint: trained_nets/LPDSNet/net.ckpt
TRAIN PSNR: 27.425 dB
TRAIN PSNR: 27.370 dB
TRAIN PSNR: 27.377 dB
TRAIN PSNR: 27.305 dB
