{'model': {'C': 1, 'K': 30, 'M': 169, 'P': 7, 'adaptive': True, 's': 2},
 'paths': {'ckpt': None, 'save': 'trained_nets/CDLNet-s2030'},
 'train': {'fit': {'backtrack_thresh': 2,
                   'clip_grad': 0.05,
                   'demosaic': False,
                   'epochs': 6000,
                   'mcsure': False,
                   'noise_std': [0, 191],
                   'save_freq': 5,
                   'val_freq': 50,
                   'verbose': True},
           'loaders': {'batch_size': 10,
                       'crop_size': 256,
                       'end_slice': 8,
                       'load_color': False,
                       'scaling_fac': 2000.0,
                       'start_slice': 0,
                       'trn_path_list': ['../../datasets/fastmri_preprocessed/brain_T2W_coil_combined/train'],
                       'tst_path_list': ['../../datasets/fastmri_preprocessed/brain_T2W_coil_combined/test'],
                       'val_path_list': ['../../datasets/fastmri_preprocessed/brain_T2W_coil_combined/val']},
           'opt': {'lr': 0.001},
           'sched': {'gamma': 0.95, 'step_size': 50}},
 'type': 'CDLNet'}
Loading ['../../datasets/fastmri_preprocessed/brain_T2W_coil_combined/train']:
Loading ['../../datasets/fastmri_preprocessed/brain_T2W_coil_combined/val']:
Loading ['../../datasets/fastmri_preprocessed/brain_T2W_coil_combined/test']:
Running power-method on initial dictionary...
Done. L=3.206e+03+2.813e-06j.
Current Learning Rate(s):
0.001
Total Number of Parameters: 755,430
Using trained_nets/CDLNet-s2030 ...
fit: using device cuda:0
TRAIN PSNR: 23.985 dB
TRAIN PSNR: 25.458 dB
TRAIN PSNR: 25.855 dB
TRAIN PSNR: 25.904 dB
TRAIN PSNR: 25.918 dB
Checkpoint: trained_nets/CDLNet-s2030/net.ckpt
TRAIN PSNR: 26.125 dB
TRAIN PSNR: 26.096 dB
TRAIN PSNR: 26.106 dB
TRAIN PSNR: nan dB
Loss has diverged. Backtracking to trained_nets/CDLNet-s2030/net.ckpt ...
Loading net state-dict...
Loading opt state-dict...
Loading sched state-dict...
Updated Learning Rate(s): [0.0008]
TRAIN PSNR: 26.161 dB
TRAIN PSNR: 26.188 dB
TRAIN PSNR: 26.138 dB
TRAIN PSNR: 26.246 dB
TRAIN PSNR: 26.116 dB
Checkpoint: trained_nets/CDLNet-s2030/net.ckpt
TRAIN PSNR: 26.289 dB
TRAIN PSNR: 26.270 dB
TRAIN PSNR: nan dB
Loss has diverged. Backtracking to trained_nets/CDLNet-s2030/net.ckpt ...
Loading net state-dict...
Loading opt state-dict...
Loading sched state-dict...
Updated Learning Rate(s): [0.00064]
TRAIN PSNR: nan dB
Loss has diverged. Backtracking to trained_nets/CDLNet-s2030/net.ckpt ...
Loading net state-dict...
Loading opt state-dict...
Loading sched state-dict...
Updated Learning Rate(s): [0.000512]
TRAIN PSNR: 26.346 dB
TRAIN PSNR: 26.334 dB
TRAIN PSNR: 26.272 dB
TRAIN PSNR: 26.394 dB
TRAIN PSNR: nan dB
Loss has diverged. Backtracking to trained_nets/CDLNet-s2030/net.ckpt ...
Loading net state-dict...
Loading opt state-dict...
Loading sched state-dict...
Updated Learning Rate(s): [0.0004096]
TRAIN PSNR: 26.412 dB
TRAIN PSNR: 26.379 dB
TRAIN PSNR: 26.274 dB
TRAIN PSNR: 26.359 dB
TRAIN PSNR: 5.855 dB
Loss has diverged. Backtracking to trained_nets/CDLNet-s2030/net.ckpt ...
Loading net state-dict...
Loading opt state-dict...
Loading sched state-dict...
Updated Learning Rate(s): [0.00032768]
TRAIN PSNR: 26.350 dB
TRAIN PSNR: 21.603 dB
Loss has diverged. Backtracking to trained_nets/CDLNet-s2030/net.ckpt ...
Loading net state-dict...
Loading opt state-dict...
Loading sched state-dict...
Updated Learning Rate(s): [0.00026214]
TRAIN PSNR: 26.372 dB
TRAIN PSNR: 26.480 dB
TRAIN PSNR: 22.305 dB
Loss has diverged. Backtracking to trained_nets/CDLNet-s2030/net.ckpt ...
Loading net state-dict...
Loading opt state-dict...
Loading sched state-dict...
Updated Learning Rate(s): [0.00020972]
TRAIN PSNR: 26.243 dB
TRAIN PSNR: 26.373 dB
TRAIN PSNR: 25.269 dB
TRAIN PSNR: 26.160 dB
TRAIN PSNR: 26.353 dB
Checkpoint: trained_nets/CDLNet-s2030/net.ckpt
TRAIN PSNR: 26.387 dB
TRAIN PSNR: 26.342 dB
TRAIN PSNR: 26.472 dB
TRAIN PSNR: 26.391 dB
TRAIN PSNR: 26.446 dB
Checkpoint: trained_nets/CDLNet-s2030/net.ckpt
TRAIN PSNR: 26.367 dB
TRAIN PSNR: 26.421 dB
TRAIN PSNR: 26.431 dB
TRAIN PSNR: 26.378 dB
TRAIN PSNR: 26.343 dB
Checkpoint: trained_nets/CDLNet-s2030/net.ckpt
TRAIN PSNR: 26.180 dB
TRAIN PSNR: 26.461 dB
TRAIN PSNR: 26.456 dB
TRAIN PSNR: 26.500 dB
TRAIN PSNR: 26.468 dB
Checkpoint: trained_nets/CDLNet-s2030/net.ckpt
TRAIN PSNR: 26.471 dB
TRAIN PSNR: 26.451 dB
TRAIN PSNR: 26.583 dB
TRAIN PSNR: 26.593 dB
TRAIN PSNR: 26.523 dB
Checkpoint: trained_nets/CDLNet-s2030/net.ckpt
TRAIN PSNR: 26.552 dB
TRAIN PSNR: 26.499 dB
TRAIN PSNR: 26.477 dB
TRAIN PSNR: 26.443 dB
TRAIN PSNR: 26.492 dB
Checkpoint: trained_nets/CDLNet-s2030/net.ckpt
TRAIN PSNR: 26.634 dB
TRAIN PSNR: 26.467 dB
TRAIN PSNR: 26.479 dB
TRAIN PSNR: 26.490 dB
TRAIN PSNR: 26.561 dB
Checkpoint: trained_nets/CDLNet-s2030/net.ckpt
TRAIN PSNR: 26.559 dB
TRAIN PSNR: 26.656 dB
TRAIN PSNR: 25.123 dB
TRAIN PSNR: 26.373 dB
TRAIN PSNR: 26.363 dB
VAL PSNR: 28.769 dB
Updated Learning Rate(s): 
[0.0001992294400000001]
Checkpoint: trained_nets/CDLNet-s2030/net.ckpt
TRAIN PSNR: 26.478 dB
TRAIN PSNR: 26.347 dB
TRAIN PSNR: 26.603 dB
TRAIN PSNR: 26.493 dB
TRAIN PSNR: 26.587 dB
Checkpoint: trained_nets/CDLNet-s2030/net.ckpt
TRAIN PSNR: 26.522 dB
TRAIN PSNR: 26.547 dB
TRAIN PSNR: 26.572 dB
TRAIN PSNR: 26.635 dB
TRAIN PSNR: 26.560 dB
Checkpoint: trained_nets/CDLNet-s2030/net.ckpt
TRAIN PSNR: 26.517 dB
TRAIN PSNR: 26.091 dB
TRAIN PSNR: 26.524 dB
TRAIN PSNR: 26.558 dB
TRAIN PSNR: 26.578 dB
Checkpoint: trained_nets/CDLNet-s2030/net.ckpt
TRAIN PSNR: 26.640 dB
TRAIN PSNR: 26.521 dB
TRAIN PSNR: 26.422 dB
TRAIN PSNR: 26.565 dB
TRAIN PSNR: 26.570 dB
Checkpoint: trained_nets/CDLNet-s2030/net.ckpt
TRAIN PSNR: 26.542 dB
TRAIN PSNR: 26.345 dB
TRAIN PSNR: 26.490 dB
TRAIN PSNR: 26.611 dB
TRAIN PSNR: 26.478 dB
Checkpoint: trained_nets/CDLNet-s2030/net.ckpt
TRAIN PSNR: 25.276 dB
TRAIN PSNR: 26.450 dB
TRAIN PSNR: 26.560 dB
TRAIN PSNR: 26.598 dB
TRAIN PSNR: 26.576 dB
Checkpoint: trained_nets/CDLNet-s2030/net.ckpt
TRAIN PSNR: 26.599 dB
TRAIN PSNR: 26.469 dB
TRAIN PSNR: 26.630 dB
TRAIN PSNR: 26.578 dB
TRAIN PSNR: 26.561 dB
Checkpoint: trained_nets/CDLNet-s2030/net.ckpt
TRAIN PSNR: 26.640 dB
TRAIN PSNR: 26.629 dB
TRAIN PSNR: 26.299 dB
TRAIN PSNR: 26.574 dB
TRAIN PSNR: 26.628 dB
Checkpoint: trained_nets/CDLNet-s2030/net.ckpt
TRAIN PSNR: 26.636 dB
TRAIN PSNR: 26.619 dB
TRAIN PSNR: 26.662 dB
TRAIN PSNR: 26.503 dB
TRAIN PSNR: 25.702 dB
Checkpoint: trained_nets/CDLNet-s2030/net.ckpt
TRAIN PSNR: 26.259 dB
TRAIN PSNR: 26.240 dB
TRAIN PSNR: 26.569 dB
TRAIN PSNR: 26.619 dB
TRAIN PSNR: 26.554 dB
VAL PSNR: 28.833 dB
Updated Learning Rate(s): 
[0.00018926796800000008]
Checkpoint: trained_nets/CDLNet-s2030/net.ckpt
TRAIN PSNR: 26.594 dB
TRAIN PSNR: 26.458 dB
TRAIN PSNR: 26.581 dB
TRAIN PSNR: 26.621 dB
TRAIN PSNR: 26.669 dB
Checkpoint: trained_nets/CDLNet-s2030/net.ckpt
TRAIN PSNR: 26.582 dB
TRAIN PSNR: 26.622 dB
TRAIN PSNR: 26.076 dB
TRAIN PSNR: 26.612 dB
TRAIN PSNR: 26.715 dB
Checkpoint: trained_nets/CDLNet-s2030/net.ckpt
TRAIN PSNR: 26.645 dB
TRAIN PSNR: 26.553 dB
TRAIN PSNR: 26.689 dB
TRAIN PSNR: 26.565 dB
TRAIN PSNR: 26.736 dB
Checkpoint: trained_nets/CDLNet-s2030/net.ckpt
TRAIN PSNR: 26.564 dB
TRAIN PSNR: 26.556 dB
TRAIN PSNR: 26.683 dB
TRAIN PSNR: 26.290 dB
TRAIN PSNR: 26.707 dB
Checkpoint: trained_nets/CDLNet-s2030/net.ckpt
TRAIN PSNR: 26.729 dB
TRAIN PSNR: 26.676 dB
TRAIN PSNR: 26.626 dB
TRAIN PSNR: 26.686 dB
TRAIN PSNR: 26.706 dB
Checkpoint: trained_nets/CDLNet-s2030/net.ckpt
TRAIN PSNR: 25.708 dB
TRAIN PSNR: 26.661 dB
TRAIN PSNR: 26.566 dB
TRAIN PSNR: 26.693 dB
TRAIN PSNR: 26.600 dB
Checkpoint: trained_nets/CDLNet-s2030/net.ckpt
TRAIN PSNR: 26.636 dB
TRAIN PSNR: 26.633 dB
TRAIN PSNR: 26.429 dB
TRAIN PSNR: 26.606 dB
TRAIN PSNR: 26.659 dB
Checkpoint: trained_nets/CDLNet-s2030/net.ckpt
TRAIN PSNR: 26.578 dB
TRAIN PSNR: 26.620 dB
TRAIN PSNR: 26.605 dB
TRAIN PSNR: 26.670 dB
TRAIN PSNR: 26.644 dB
Checkpoint: trained_nets/CDLNet-s2030/net.ckpt
TRAIN PSNR: 26.756 dB
TRAIN PSNR: 26.690 dB
TRAIN PSNR: 26.723 dB
TRAIN PSNR: 25.690 dB
TRAIN PSNR: 26.599 dB
Checkpoint: trained_nets/CDLNet-s2030/net.ckpt
TRAIN PSNR: 26.574 dB
TRAIN PSNR: 26.680 dB
TRAIN PSNR: 26.506 dB
TRAIN PSNR: 26.469 dB
TRAIN PSNR: 26.335 dB
VAL PSNR: 28.875 dB
Updated Learning Rate(s): 
[0.00017980456960000008]
Checkpoint: trained_nets/CDLNet-s2030/net.ckpt
TRAIN PSNR: 26.580 dB
TRAIN PSNR: 26.515 dB
TRAIN PSNR: 26.552 dB
TRAIN PSNR: 26.096 dB
TRAIN PSNR: 26.470 dB
Checkpoint: trained_nets/CDLNet-s2030/net.ckpt
TRAIN PSNR: 26.631 dB
TRAIN PSNR: 26.646 dB
TRAIN PSNR: 26.605 dB
TRAIN PSNR: 26.662 dB
TRAIN PSNR: 26.665 dB
Checkpoint: trained_nets/CDLNet-s2030/net.ckpt
TRAIN PSNR: 26.625 dB
TRAIN PSNR: 26.676 dB
TRAIN PSNR: 26.631 dB
TRAIN PSNR: 26.674 dB
TRAIN PSNR: 26.702 dB
Checkpoint: trained_nets/CDLNet-s2030/net.ckpt
TRAIN PSNR: 26.572 dB
TRAIN PSNR: 26.689 dB
TRAIN PSNR: 26.670 dB
TRAIN PSNR: 26.627 dB
TRAIN PSNR: 26.621 dB
Checkpoint: trained_nets/CDLNet-s2030/net.ckpt
TRAIN PSNR: 26.680 dB
TRAIN PSNR: 26.611 dB
TRAIN PSNR: 26.640 dB
TRAIN PSNR: 26.728 dB
TRAIN PSNR: 26.635 dB
Checkpoint: trained_nets/CDLNet-s2030/net.ckpt
TRAIN PSNR: 26.675 dB
TRAIN PSNR: 26.690 dB
TRAIN PSNR: 26.624 dB
TRAIN PSNR: 26.712 dB
TRAIN PSNR: 26.423 dB
Checkpoint: trained_nets/CDLNet-s2030/net.ckpt
TRAIN PSNR: 25.776 dB
TRAIN PSNR: 26.535 dB
TRAIN PSNR: 26.626 dB
TRAIN PSNR: 26.659 dB
TRAIN PSNR: 26.777 dB
Checkpoint: trained_nets/CDLNet-s2030/net.ckpt
TRAIN PSNR: 26.677 dB
TRAIN PSNR: 26.742 dB
TRAIN PSNR: 26.525 dB
TRAIN PSNR: 26.631 dB
TRAIN PSNR: 26.720 dB
Checkpoint: trained_nets/CDLNet-s2030/net.ckpt
TRAIN PSNR: 26.602 dB
TRAIN PSNR: 25.781 dB
TRAIN PSNR: 26.648 dB
TRAIN PSNR: 26.676 dB
TRAIN PSNR: 26.606 dB
Checkpoint: trained_nets/CDLNet-s2030/net.ckpt
TRAIN PSNR: 26.658 dB
TRAIN PSNR: 26.670 dB
TRAIN PSNR: 26.452 dB
TRAIN PSNR: 26.243 dB
TRAIN PSNR: 26.674 dB
VAL PSNR: 28.870 dB
Updated Learning Rate(s): 
[0.00017081434112000007]
Checkpoint: trained_nets/CDLNet-s2030/net.ckpt
TRAIN PSNR: 26.705 dB
TRAIN PSNR: 26.764 dB
TRAIN PSNR: 26.693 dB
TRAIN PSNR: 26.705 dB
TRAIN PSNR: 25.777 dB
Checkpoint: trained_nets/CDLNet-s2030/net.ckpt
TRAIN PSNR: 26.607 dB
TRAIN PSNR: 26.656 dB
TRAIN PSNR: 26.644 dB
TRAIN PSNR: 26.667 dB
TRAIN PSNR: 26.619 dB
Checkpoint: trained_nets/CDLNet-s2030/net.ckpt
TRAIN PSNR: 26.613 dB
TRAIN PSNR: 26.630 dB
TRAIN PSNR: 26.458 dB
TRAIN PSNR: 26.755 dB
TRAIN PSNR: 26.665 dB
Checkpoint: trained_nets/CDLNet-s2030/net.ckpt
TRAIN PSNR: 26.400 dB
TRAIN PSNR: 26.728 dB
TRAIN PSNR: 26.581 dB
TRAIN PSNR: 26.265 dB
TRAIN PSNR: 26.650 dB
Checkpoint: trained_nets/CDLNet-s2030/net.ckpt
TRAIN PSNR: 26.665 dB
TRAIN PSNR: 26.735 dB
TRAIN PSNR: 26.751 dB
TRAIN PSNR: 26.781 dB
TRAIN PSNR: 26.547 dB
Checkpoint: trained_nets/CDLNet-s2030/net.ckpt
TRAIN PSNR: 25.999 dB
TRAIN PSNR: 26.647 dB
TRAIN PSNR: 26.691 dB
TRAIN PSNR: 26.655 dB
TRAIN PSNR: 26.058 dB
Checkpoint: trained_nets/CDLNet-s2030/net.ckpt
TRAIN PSNR: 26.595 dB
TRAIN PSNR: 26.737 dB
TRAIN PSNR: 26.693 dB
TRAIN PSNR: 26.711 dB
TRAIN PSNR: 26.783 dB
Checkpoint: trained_nets/CDLNet-s2030/net.ckpt
TRAIN PSNR: 26.742 dB
TRAIN PSNR: 26.643 dB
TRAIN PSNR: 26.744 dB
TRAIN PSNR: 26.630 dB
TRAIN PSNR: 26.799 dB
Checkpoint: trained_nets/CDLNet-s2030/net.ckpt
TRAIN PSNR: 26.787 dB
TRAIN PSNR: 26.662 dB
TRAIN PSNR: 26.683 dB
TRAIN PSNR: 26.732 dB
TRAIN PSNR: 26.695 dB
Checkpoint: trained_nets/CDLNet-s2030/net.ckpt
TRAIN PSNR: 26.568 dB
TRAIN PSNR: 26.753 dB
TRAIN PSNR: 26.767 dB
TRAIN PSNR: 26.695 dB
TRAIN PSNR: 26.737 dB
VAL PSNR: 28.925 dB
Updated Learning Rate(s): 
[0.00016227362406400004]
Checkpoint: trained_nets/CDLNet-s2030/net.ckpt
TRAIN PSNR: 26.754 dB
TRAIN PSNR: 26.781 dB
TRAIN PSNR: 26.655 dB
TRAIN PSNR: 26.565 dB
TRAIN PSNR: 26.666 dB
Checkpoint: trained_nets/CDLNet-s2030/net.ckpt
TRAIN PSNR: 24.813 dB
TRAIN PSNR: 26.559 dB
TRAIN PSNR: 26.447 dB
TRAIN PSNR: 26.665 dB
TRAIN PSNR: 26.705 dB
Checkpoint: trained_nets/CDLNet-s2030/net.ckpt
TRAIN PSNR: 26.681 dB
TRAIN PSNR: 26.741 dB
TRAIN PSNR: 26.699 dB
TRAIN PSNR: 26.548 dB
TRAIN PSNR: 26.684 dB
Checkpoint: trained_nets/CDLNet-s2030/net.ckpt
TRAIN PSNR: 26.716 dB
TRAIN PSNR: 26.717 dB
TRAIN PSNR: 26.578 dB
TRAIN PSNR: 26.689 dB
TRAIN PSNR: 26.668 dB
Checkpoint: trained_nets/CDLNet-s2030/net.ckpt
TRAIN PSNR: 26.646 dB
TRAIN PSNR: 26.802 dB
TRAIN PSNR: 26.741 dB
TRAIN PSNR: 26.765 dB
TRAIN PSNR: 26.690 dB
Checkpoint: trained_nets/CDLNet-s2030/net.ckpt
TRAIN PSNR: 26.706 dB
TRAIN PSNR: 26.688 dB
TRAIN PSNR: 26.676 dB
TRAIN PSNR: 26.627 dB
TRAIN PSNR: 26.633 dB
Checkpoint: trained_nets/CDLNet-s2030/net.ckpt
TRAIN PSNR: 26.695 dB
TRAIN PSNR: 26.677 dB
TRAIN PSNR: 26.710 dB
TRAIN PSNR: 26.618 dB
TRAIN PSNR: 26.613 dB
Checkpoint: trained_nets/CDLNet-s2030/net.ckpt
TRAIN PSNR: 26.675 dB
TRAIN PSNR: 26.695 dB
TRAIN PSNR: 26.718 dB
TRAIN PSNR: 26.596 dB
TRAIN PSNR: 26.734 dB
Checkpoint: trained_nets/CDLNet-s2030/net.ckpt
TRAIN PSNR: 26.710 dB
TRAIN PSNR: 26.793 dB
TRAIN PSNR: 26.719 dB
TRAIN PSNR: 26.667 dB
TRAIN PSNR: 26.692 dB
Checkpoint: trained_nets/CDLNet-s2030/net.ckpt
TRAIN PSNR: 26.613 dB
TRAIN PSNR: 26.691 dB
TRAIN PSNR: 26.691 dB
TRAIN PSNR: 26.719 dB
TRAIN PSNR: 26.786 dB
VAL PSNR: 28.971 dB
Updated Learning Rate(s): 
[0.00015415994286080003]
Checkpoint: trained_nets/CDLNet-s2030/net.ckpt
TRAIN PSNR: 26.662 dB
TRAIN PSNR: 26.675 dB
TRAIN PSNR: 26.683 dB
TRAIN PSNR: 26.734 dB
TRAIN PSNR: 26.727 dB
Checkpoint: trained_nets/CDLNet-s2030/net.ckpt
TRAIN PSNR: 26.650 dB
TRAIN PSNR: 26.771 dB
TRAIN PSNR: 26.621 dB
TRAIN PSNR: 26.614 dB
TRAIN PSNR: 26.659 dB
Checkpoint: trained_nets/CDLNet-s2030/net.ckpt
TRAIN PSNR: 26.733 dB
TRAIN PSNR: 26.715 dB
TRAIN PSNR: 26.672 dB
TRAIN PSNR: 26.769 dB
TRAIN PSNR: 26.752 dB
Checkpoint: trained_nets/CDLNet-s2030/net.ckpt
TRAIN PSNR: 26.800 dB
TRAIN PSNR: 26.714 dB
TRAIN PSNR: 26.628 dB
TRAIN PSNR: 26.651 dB
TRAIN PSNR: 26.735 dB
Checkpoint: trained_nets/CDLNet-s2030/net.ckpt
TRAIN PSNR: 25.975 dB
TRAIN PSNR: 26.669 dB
TRAIN PSNR: 26.727 dB
TRAIN PSNR: 26.722 dB
TRAIN PSNR: 26.696 dB
Checkpoint: trained_nets/CDLNet-s2030/net.ckpt
TRAIN PSNR: 26.722 dB
TRAIN PSNR: 26.707 dB
TRAIN PSNR: 26.721 dB
TRAIN PSNR: 26.719 dB
TRAIN PSNR: 26.652 dB
Checkpoint: trained_nets/CDLNet-s2030/net.ckpt
TRAIN PSNR: 26.781 dB
TRAIN PSNR: 26.779 dB
TRAIN PSNR: 26.719 dB
TRAIN PSNR: 26.756 dB
TRAIN PSNR: 26.752 dB
Checkpoint: trained_nets/CDLNet-s2030/net.ckpt
TRAIN PSNR: 26.751 dB
TRAIN PSNR: 26.743 dB
TRAIN PSNR: 25.237 dB
TRAIN PSNR: 26.598 dB
TRAIN PSNR: 26.701 dB
Checkpoint: trained_nets/CDLNet-s2030/net.ckpt
TRAIN PSNR: 26.689 dB
TRAIN PSNR: 26.726 dB
TRAIN PSNR: 26.733 dB
TRAIN PSNR: 26.681 dB
TRAIN PSNR: 26.673 dB
Checkpoint: trained_nets/CDLNet-s2030/net.ckpt
TRAIN PSNR: 26.666 dB
TRAIN PSNR: 26.723 dB
TRAIN PSNR: 26.691 dB
TRAIN PSNR: 26.686 dB
TRAIN PSNR: 26.673 dB
VAL PSNR: 28.969 dB
Updated Learning Rate(s): 
[0.00014645194571776001]
Checkpoint: trained_nets/CDLNet-s2030/net.ckpt
TRAIN PSNR: 26.714 dB
TRAIN PSNR: 26.710 dB
TRAIN PSNR: 26.748 dB
TRAIN PSNR: 26.644 dB
TRAIN PSNR: 26.857 dB
Checkpoint: trained_nets/CDLNet-s2030/net.ckpt
TRAIN PSNR: 26.787 dB
TRAIN PSNR: 26.782 dB
TRAIN PSNR: 26.747 dB
TRAIN PSNR: 26.799 dB
TRAIN PSNR: 25.503 dB
Checkpoint: trained_nets/CDLNet-s2030/net.ckpt
TRAIN PSNR: 25.740 dB
TRAIN PSNR: 26.737 dB
TRAIN PSNR: 26.721 dB
TRAIN PSNR: 26.767 dB
TRAIN PSNR: 26.712 dB
Checkpoint: trained_nets/CDLNet-s2030/net.ckpt
TRAIN PSNR: 26.820 dB
TRAIN PSNR: 26.741 dB
TRAIN PSNR: 26.639 dB
TRAIN PSNR: 26.540 dB
TRAIN PSNR: 26.835 dB
Checkpoint: trained_nets/CDLNet-s2030/net.ckpt
TRAIN PSNR: 26.756 dB
TRAIN PSNR: 26.722 dB
TRAIN PSNR: 26.565 dB
TRAIN PSNR: 26.772 dB
TRAIN PSNR: 25.983 dB
Checkpoint: trained_nets/CDLNet-s2030/net.ckpt
TRAIN PSNR: 26.747 dB
TRAIN PSNR: 26.824 dB
TRAIN PSNR: 26.582 dB
TRAIN PSNR: 26.768 dB
TRAIN PSNR: 26.752 dB
Checkpoint: trained_nets/CDLNet-s2030/net.ckpt
TRAIN PSNR: 26.704 dB
TRAIN PSNR: 26.732 dB
TRAIN PSNR: 26.679 dB
TRAIN PSNR: 26.741 dB
TRAIN PSNR: 26.744 dB
Checkpoint: trained_nets/CDLNet-s2030/net.ckpt
TRAIN PSNR: 26.671 dB
TRAIN PSNR: 26.660 dB
TRAIN PSNR: 26.517 dB
TRAIN PSNR: 26.762 dB
TRAIN PSNR: 26.511 dB
Checkpoint: trained_nets/CDLNet-s2030/net.ckpt
TRAIN PSNR: 26.785 dB
TRAIN PSNR: 26.701 dB
TRAIN PSNR: 26.454 dB
TRAIN PSNR: 26.707 dB
TRAIN PSNR: 26.734 dB
Checkpoint: trained_nets/CDLNet-s2030/net.ckpt
TRAIN PSNR: 26.782 dB
TRAIN PSNR: 26.778 dB
TRAIN PSNR: 26.759 dB
TRAIN PSNR: 26.102 dB
TRAIN PSNR: 26.748 dB
VAL PSNR: 28.915 dB
Updated Learning Rate(s): 
[0.00013912934843187202]
Checkpoint: trained_nets/CDLNet-s2030/net.ckpt
TRAIN PSNR: 26.705 dB
TRAIN PSNR: 26.720 dB
TRAIN PSNR: 26.658 dB
TRAIN PSNR: 26.719 dB
TRAIN PSNR: 26.569 dB
Checkpoint: trained_nets/CDLNet-s2030/net.ckpt
TRAIN PSNR: 26.726 dB
TRAIN PSNR: 26.715 dB
TRAIN PSNR: 26.809 dB
TRAIN PSNR: 26.759 dB
TRAIN PSNR: 26.755 dB
Checkpoint: trained_nets/CDLNet-s2030/net.ckpt
TRAIN PSNR: 26.729 dB
TRAIN PSNR: 26.699 dB
TRAIN PSNR: 26.711 dB
TRAIN PSNR: 26.737 dB
TRAIN PSNR: 26.730 dB
Checkpoint: trained_nets/CDLNet-s2030/net.ckpt
TRAIN PSNR: 26.561 dB
TRAIN PSNR: 26.696 dB
TRAIN PSNR: 26.767 dB
TRAIN PSNR: 26.783 dB
TRAIN PSNR: 26.780 dB
Checkpoint: trained_nets/CDLNet-s2030/net.ckpt
TRAIN PSNR: 25.826 dB
TRAIN PSNR: 26.445 dB
TRAIN PSNR: 26.722 dB
TRAIN PSNR: 26.722 dB
TRAIN PSNR: 26.788 dB
Checkpoint: trained_nets/CDLNet-s2030/net.ckpt
TRAIN PSNR: 26.752 dB
TRAIN PSNR: 26.679 dB
TRAIN PSNR: 26.854 dB
TRAIN PSNR: 26.294 dB
TRAIN PSNR: 26.749 dB
Checkpoint: trained_nets/CDLNet-s2030/net.ckpt
TRAIN PSNR: 26.834 dB
TRAIN PSNR: 26.468 dB
TRAIN PSNR: 26.658 dB
TRAIN PSNR: 26.698 dB
TRAIN PSNR: 26.718 dB
Checkpoint: trained_nets/CDLNet-s2030/net.ckpt
TRAIN PSNR: 26.830 dB
TRAIN PSNR: 26.784 dB
TRAIN PSNR: 26.648 dB
TRAIN PSNR: 26.729 dB
TRAIN PSNR: 26.782 dB
Checkpoint: trained_nets/CDLNet-s2030/net.ckpt
TRAIN PSNR: 26.707 dB
TRAIN PSNR: 26.783 dB
TRAIN PSNR: 26.703 dB
TRAIN PSNR: 26.735 dB
TRAIN PSNR: 26.712 dB
Checkpoint: trained_nets/CDLNet-s2030/net.ckpt
TRAIN PSNR: 26.778 dB
TRAIN PSNR: 26.778 dB
TRAIN PSNR: 26.744 dB
TRAIN PSNR: 26.781 dB
TRAIN PSNR: 26.824 dB
VAL PSNR: 28.955 dB
Updated Learning Rate(s): 
[0.0001321728810102784]
Checkpoint: trained_nets/CDLNet-s2030/net.ckpt
TRAIN PSNR: 26.701 dB
TRAIN PSNR: 26.802 dB
TRAIN PSNR: 26.458 dB
TRAIN PSNR: 26.761 dB
TRAIN PSNR: 26.683 dB
Checkpoint: trained_nets/CDLNet-s2030/net.ckpt
TRAIN PSNR: 26.783 dB
TRAIN PSNR: 26.812 dB
TRAIN PSNR: 26.770 dB
TRAIN PSNR: 26.535 dB
TRAIN PSNR: 26.624 dB
Checkpoint: trained_nets/CDLNet-s2030/net.ckpt
TRAIN PSNR: 26.756 dB
TRAIN PSNR: 26.635 dB
TRAIN PSNR: 26.793 dB
TRAIN PSNR: 26.763 dB
TRAIN PSNR: 26.799 dB
Checkpoint: trained_nets/CDLNet-s2030/net.ckpt
TRAIN PSNR: 26.837 dB
TRAIN PSNR: 26.682 dB
TRAIN PSNR: 26.728 dB
TRAIN PSNR: 26.719 dB
TRAIN PSNR: 26.752 dB
Checkpoint: trained_nets/CDLNet-s2030/net.ckpt
TRAIN PSNR: 26.719 dB
TRAIN PSNR: 26.782 dB
TRAIN PSNR: 26.761 dB
TRAIN PSNR: 26.800 dB
TRAIN PSNR: 26.726 dB
Checkpoint: trained_nets/CDLNet-s2030/net.ckpt
TRAIN PSNR: 26.786 dB
TRAIN PSNR: 26.784 dB
TRAIN PSNR: 26.766 dB
TRAIN PSNR: 26.745 dB
TRAIN PSNR: 26.795 dB
Checkpoint: trained_nets/CDLNet-s2030/net.ckpt
TRAIN PSNR: 26.787 dB
TRAIN PSNR: 26.716 dB
TRAIN PSNR: 26.762 dB
TRAIN PSNR: 26.770 dB
TRAIN PSNR: 26.739 dB
Checkpoint: trained_nets/CDLNet-s2030/net.ckpt
TRAIN PSNR: 26.813 dB
TRAIN PSNR: 26.787 dB
TRAIN PSNR: 26.698 dB
TRAIN PSNR: 26.785 dB
TRAIN PSNR: 26.782 dB
Checkpoint: trained_nets/CDLNet-s2030/net.ckpt
TRAIN PSNR: 26.774 dB
TRAIN PSNR: 26.639 dB
TRAIN PSNR: 26.783 dB
TRAIN PSNR: 26.853 dB
TRAIN PSNR: 26.720 dB
Checkpoint: trained_nets/CDLNet-s2030/net.ckpt
TRAIN PSNR: 26.701 dB
TRAIN PSNR: 26.815 dB
TRAIN PSNR: 26.755 dB
TRAIN PSNR: 26.759 dB
TRAIN PSNR: 26.716 dB
VAL PSNR: 28.977 dB
Updated Learning Rate(s): 
[0.0001255642369597645]
Checkpoint: trained_nets/CDLNet-s2030/net.ckpt
TRAIN PSNR: 26.782 dB
TRAIN PSNR: 26.807 dB
TRAIN PSNR: 25.986 dB
TRAIN PSNR: 26.725 dB
TRAIN PSNR: 26.669 dB
Checkpoint: trained_nets/CDLNet-s2030/net.ckpt
TRAIN PSNR: 26.705 dB
TRAIN PSNR: 26.765 dB
TRAIN PSNR: 26.701 dB
TRAIN PSNR: 26.867 dB
TRAIN PSNR: 26.784 dB
Checkpoint: trained_nets/CDLNet-s2030/net.ckpt
TRAIN PSNR: 26.816 dB
TRAIN PSNR: 26.770 dB
TRAIN PSNR: 26.809 dB
TRAIN PSNR: 26.766 dB
TRAIN PSNR: 26.741 dB
Checkpoint: trained_nets/CDLNet-s2030/net.ckpt
TRAIN PSNR: 26.850 dB
TRAIN PSNR: 26.727 dB
TRAIN PSNR: 26.858 dB
TRAIN PSNR: 26.736 dB
TRAIN PSNR: 26.768 dB
Checkpoint: trained_nets/CDLNet-s2030/net.ckpt
TRAIN PSNR: 26.638 dB
TRAIN PSNR: 26.669 dB
TRAIN PSNR: 26.718 dB
TRAIN PSNR: 26.743 dB
TRAIN PSNR: 26.841 dB
Checkpoint: trained_nets/CDLNet-s2030/net.ckpt
TRAIN PSNR: 26.855 dB
TRAIN PSNR: 26.652 dB
TRAIN PSNR: 26.817 dB
TRAIN PSNR: 26.551 dB
TRAIN PSNR: 26.687 dB
Checkpoint: trained_nets/CDLNet-s2030/net.ckpt
TRAIN PSNR: 26.802 dB
TRAIN PSNR: 26.834 dB
TRAIN PSNR: 26.533 dB
TRAIN PSNR: 26.749 dB
TRAIN PSNR: 26.444 dB
Checkpoint: trained_nets/CDLNet-s2030/net.ckpt
TRAIN PSNR: 26.701 dB
TRAIN PSNR: 26.744 dB
TRAIN PSNR: 26.708 dB
TRAIN PSNR: 26.679 dB
TRAIN PSNR: 26.727 dB
Checkpoint: trained_nets/CDLNet-s2030/net.ckpt
TRAIN PSNR: 26.823 dB
TRAIN PSNR: 26.834 dB
TRAIN PSNR: 26.760 dB
TRAIN PSNR: 26.741 dB
TRAIN PSNR: 26.653 dB
Checkpoint: trained_nets/CDLNet-s2030/net.ckpt
TRAIN PSNR: 26.769 dB
TRAIN PSNR: 26.789 dB
TRAIN PSNR: 26.816 dB
TRAIN PSNR: 26.677 dB
TRAIN PSNR: 26.740 dB
VAL PSNR: 28.967 dB
Updated Learning Rate(s): 
[0.00011928602511177626]
Checkpoint: trained_nets/CDLNet-s2030/net.ckpt
TRAIN PSNR: 26.722 dB
TRAIN PSNR: 26.844 dB
TRAIN PSNR: 26.789 dB
TRAIN PSNR: 26.796 dB
TRAIN PSNR: 26.797 dB
Checkpoint: trained_nets/CDLNet-s2030/net.ckpt
TRAIN PSNR: 26.836 dB
TRAIN PSNR: 26.802 dB
TRAIN PSNR: 26.870 dB
TRAIN PSNR: 26.731 dB
TRAIN PSNR: 26.816 dB
Checkpoint: trained_nets/CDLNet-s2030/net.ckpt
TRAIN PSNR: 26.826 dB
TRAIN PSNR: 26.803 dB
TRAIN PSNR: 26.805 dB
TRAIN PSNR: 26.763 dB
TRAIN PSNR: 26.682 dB
Checkpoint: trained_nets/CDLNet-s2030/net.ckpt
TRAIN PSNR: 26.757 dB
TRAIN PSNR: 26.746 dB
TRAIN PSNR: 26.676 dB
TRAIN PSNR: 26.792 dB
TRAIN PSNR: 26.737 dB
Checkpoint: trained_nets/CDLNet-s2030/net.ckpt
TRAIN PSNR: 26.745 dB
TRAIN PSNR: 26.734 dB
TRAIN PSNR: 26.853 dB
TRAIN PSNR: 26.800 dB
TRAIN PSNR: 26.760 dB
Checkpoint: trained_nets/CDLNet-s2030/net.ckpt
TRAIN PSNR: 26.811 dB
TRAIN PSNR: 26.806 dB
TRAIN PSNR: 26.674 dB
TRAIN PSNR: 26.814 dB
TRAIN PSNR: 26.814 dB
Checkpoint: trained_nets/CDLNet-s2030/net.ckpt
TRAIN PSNR: 26.838 dB
TRAIN PSNR: 26.773 dB
TRAIN PSNR: 26.833 dB
TRAIN PSNR: 26.881 dB
TRAIN PSNR: 26.751 dB
Checkpoint: trained_nets/CDLNet-s2030/net.ckpt
TRAIN PSNR: 26.823 dB
TRAIN PSNR: 26.845 dB
TRAIN PSNR: 26.816 dB
TRAIN PSNR: 26.775 dB
TRAIN PSNR: 26.700 dB
Checkpoint: trained_nets/CDLNet-s2030/net.ckpt
TRAIN PSNR: 26.775 dB
TRAIN PSNR: 26.787 dB
TRAIN PSNR: 26.809 dB
TRAIN PSNR: 26.781 dB
TRAIN PSNR: 26.763 dB
Checkpoint: trained_nets/CDLNet-s2030/net.ckpt
TRAIN PSNR: 26.817 dB
TRAIN PSNR: 26.822 dB
TRAIN PSNR: 26.763 dB
TRAIN PSNR: 26.777 dB
TRAIN PSNR: 26.723 dB
VAL PSNR: 28.993 dB
Updated Learning Rate(s): 
[0.00011332172385618744]
Checkpoint: trained_nets/CDLNet-s2030/net.ckpt
TRAIN PSNR: 26.844 dB
TRAIN PSNR: 26.736 dB
TRAIN PSNR: 26.736 dB
TRAIN PSNR: 26.713 dB
TRAIN PSNR: 26.828 dB
Checkpoint: trained_nets/CDLNet-s2030/net.ckpt
TRAIN PSNR: 26.764 dB
TRAIN PSNR: 26.766 dB
TRAIN PSNR: 26.814 dB
TRAIN PSNR: 26.713 dB
TRAIN PSNR: 26.812 dB
Checkpoint: trained_nets/CDLNet-s2030/net.ckpt
TRAIN PSNR: 26.872 dB
TRAIN PSNR: 26.892 dB
TRAIN PSNR: 26.784 dB
TRAIN PSNR: 26.800 dB
TRAIN PSNR: 26.780 dB
Checkpoint: trained_nets/CDLNet-s2030/net.ckpt
TRAIN PSNR: 26.765 dB
TRAIN PSNR: 26.850 dB
TRAIN PSNR: 26.790 dB
TRAIN PSNR: 26.820 dB
TRAIN PSNR: 26.719 dB
Checkpoint: trained_nets/CDLNet-s2030/net.ckpt
TRAIN PSNR: 26.789 dB
TRAIN PSNR: 26.774 dB
TRAIN PSNR: 26.822 dB
TRAIN PSNR: 26.729 dB
TRAIN PSNR: 26.799 dB
Checkpoint: trained_nets/CDLNet-s2030/net.ckpt
TRAIN PSNR: 26.894 dB
TRAIN PSNR: 26.729 dB
TRAIN PSNR: 26.692 dB
TRAIN PSNR: 26.827 dB
TRAIN PSNR: 26.724 dB
Checkpoint: trained_nets/CDLNet-s2030/net.ckpt
TRAIN PSNR: 26.820 dB
TRAIN PSNR: 26.740 dB
TRAIN PSNR: 25.932 dB
TRAIN PSNR: 26.771 dB
TRAIN PSNR: 26.718 dB
Checkpoint: trained_nets/CDLNet-s2030/net.ckpt
TRAIN PSNR: 26.741 dB
TRAIN PSNR: 26.801 dB
TRAIN PSNR: 26.799 dB
TRAIN PSNR: 26.716 dB
TRAIN PSNR: 26.792 dB
Checkpoint: trained_nets/CDLNet-s2030/net.ckpt
TRAIN PSNR: 26.884 dB
TRAIN PSNR: 26.808 dB
TRAIN PSNR: 26.779 dB
TRAIN PSNR: 26.680 dB
TRAIN PSNR: 26.783 dB
Checkpoint: trained_nets/CDLNet-s2030/net.ckpt
TRAIN PSNR: 26.828 dB
TRAIN PSNR: 26.728 dB
TRAIN PSNR: 26.864 dB
TRAIN PSNR: 26.871 dB
TRAIN PSNR: 26.744 dB
VAL PSNR: 29.029 dB
Updated Learning Rate(s): 
[0.00010765563766337806]
Checkpoint: trained_nets/CDLNet-s2030/net.ckpt
TRAIN PSNR: 26.834 dB
TRAIN PSNR: 26.839 dB
TRAIN PSNR: 26.907 dB
TRAIN PSNR: 26.855 dB
TRAIN PSNR: 26.756 dB
Checkpoint: trained_nets/CDLNet-s2030/net.ckpt
TRAIN PSNR: 26.810 dB
TRAIN PSNR: 26.797 dB
TRAIN PSNR: 26.781 dB
TRAIN PSNR: 26.815 dB
TRAIN PSNR: 26.751 dB
Checkpoint: trained_nets/CDLNet-s2030/net.ckpt
TRAIN PSNR: 26.734 dB
TRAIN PSNR: 26.817 dB
TRAIN PSNR: 26.759 dB
TRAIN PSNR: 26.809 dB
TRAIN PSNR: 26.796 dB
Checkpoint: trained_nets/CDLNet-s2030/net.ckpt
TRAIN PSNR: 26.713 dB
TRAIN PSNR: 26.801 dB
TRAIN PSNR: 26.775 dB
TRAIN PSNR: 26.849 dB
TRAIN PSNR: 26.739 dB
Checkpoint: trained_nets/CDLNet-s2030/net.ckpt
TRAIN PSNR: 26.680 dB
TRAIN PSNR: 26.632 dB
TRAIN PSNR: 26.563 dB
TRAIN PSNR: 25.871 dB
TRAIN PSNR: 26.807 dB
Checkpoint: trained_nets/CDLNet-s2030/net.ckpt
TRAIN PSNR: 26.733 dB
TRAIN PSNR: 26.833 dB
TRAIN PSNR: 26.774 dB
TRAIN PSNR: 26.692 dB
TRAIN PSNR: 26.819 dB
Checkpoint: trained_nets/CDLNet-s2030/net.ckpt
TRAIN PSNR: 26.669 dB
TRAIN PSNR: 26.816 dB
TRAIN PSNR: 26.799 dB
TRAIN PSNR: 26.793 dB
TRAIN PSNR: 26.792 dB
Checkpoint: trained_nets/CDLNet-s2030/net.ckpt
TRAIN PSNR: 26.871 dB
TRAIN PSNR: 26.830 dB
TRAIN PSNR: 26.858 dB
TRAIN PSNR: 26.816 dB
TRAIN PSNR: 26.806 dB
Checkpoint: trained_nets/CDLNet-s2030/net.ckpt
TRAIN PSNR: 26.782 dB
TRAIN PSNR: 26.710 dB
TRAIN PSNR: 26.688 dB
TRAIN PSNR: 26.795 dB
TRAIN PSNR: 26.800 dB
Checkpoint: trained_nets/CDLNet-s2030/net.ckpt
TRAIN PSNR: 26.864 dB
TRAIN PSNR: 26.879 dB
TRAIN PSNR: 26.815 dB
TRAIN PSNR: 26.740 dB
TRAIN PSNR: 26.801 dB
VAL PSNR: 29.018 dB
Updated Learning Rate(s): 
[0.00010227285578020915]
Checkpoint: trained_nets/CDLNet-s2030/net.ckpt
TRAIN PSNR: 26.843 dB
TRAIN PSNR: 26.799 dB
TRAIN PSNR: 26.806 dB
TRAIN PSNR: 26.829 dB
TRAIN PSNR: 26.793 dB
Checkpoint: trained_nets/CDLNet-s2030/net.ckpt
TRAIN PSNR: 26.859 dB
TRAIN PSNR: 26.807 dB
TRAIN PSNR: 26.836 dB
TRAIN PSNR: 26.856 dB
TRAIN PSNR: 26.824 dB
Checkpoint: trained_nets/CDLNet-s2030/net.ckpt
TRAIN PSNR: 26.848 dB
TRAIN PSNR: 26.909 dB
TRAIN PSNR: 26.774 dB
TRAIN PSNR: 26.760 dB
TRAIN PSNR: 26.807 dB
Checkpoint: trained_nets/CDLNet-s2030/net.ckpt
TRAIN PSNR: 26.876 dB
TRAIN PSNR: 26.829 dB
TRAIN PSNR: 26.797 dB
TRAIN PSNR: 26.781 dB
TRAIN PSNR: 26.627 dB
Checkpoint: trained_nets/CDLNet-s2030/net.ckpt
TRAIN PSNR: 26.800 dB
TRAIN PSNR: 26.738 dB
TRAIN PSNR: 26.813 dB
TRAIN PSNR: 26.784 dB
TRAIN PSNR: 26.772 dB
Checkpoint: trained_nets/CDLNet-s2030/net.ckpt
TRAIN PSNR: 26.836 dB
TRAIN PSNR: 26.805 dB
TRAIN PSNR: 26.849 dB
TRAIN PSNR: 26.768 dB
TRAIN PSNR: 26.772 dB
Checkpoint: trained_nets/CDLNet-s2030/net.ckpt
TRAIN PSNR: 26.826 dB
TRAIN PSNR: 26.836 dB
TRAIN PSNR: 26.749 dB
TRAIN PSNR: 26.805 dB
TRAIN PSNR: 26.783 dB
Checkpoint: trained_nets/CDLNet-s2030/net.ckpt
TRAIN PSNR: 26.759 dB
TRAIN PSNR: 26.762 dB
TRAIN PSNR: 26.892 dB
TRAIN PSNR: 26.784 dB
TRAIN PSNR: 26.813 dB
Checkpoint: trained_nets/CDLNet-s2030/net.ckpt
TRAIN PSNR: 26.723 dB
TRAIN PSNR: 26.737 dB
TRAIN PSNR: 26.800 dB
TRAIN PSNR: 26.799 dB
TRAIN PSNR: 26.855 dB
Checkpoint: trained_nets/CDLNet-s2030/net.ckpt
TRAIN PSNR: 26.739 dB
TRAIN PSNR: 26.885 dB
TRAIN PSNR: 26.892 dB
TRAIN PSNR: 26.798 dB
TRAIN PSNR: 26.768 dB
VAL PSNR: 29.041 dB
Updated Learning Rate(s): 
[9.715921299119869e-05]
Checkpoint: trained_nets/CDLNet-s2030/net.ckpt
TRAIN PSNR: 26.778 dB
TRAIN PSNR: 26.902 dB
TRAIN PSNR: 26.795 dB
TRAIN PSNR: 26.817 dB
TRAIN PSNR: 26.739 dB
Checkpoint: trained_nets/CDLNet-s2030/net.ckpt
TRAIN PSNR: 26.801 dB
TRAIN PSNR: 26.770 dB
TRAIN PSNR: 26.796 dB
TRAIN PSNR: 26.838 dB
TRAIN PSNR: 26.798 dB
Checkpoint: trained_nets/CDLNet-s2030/net.ckpt
TRAIN PSNR: 26.836 dB
TRAIN PSNR: 26.871 dB
TRAIN PSNR: 26.806 dB
TRAIN PSNR: 26.865 dB
TRAIN PSNR: 26.855 dB
Checkpoint: trained_nets/CDLNet-s2030/net.ckpt
TRAIN PSNR: 26.815 dB
TRAIN PSNR: 26.828 dB
TRAIN PSNR: 26.778 dB
TRAIN PSNR: 26.752 dB
TRAIN PSNR: 26.773 dB
Checkpoint: trained_nets/CDLNet-s2030/net.ckpt
TRAIN PSNR: 26.834 dB
TRAIN PSNR: 26.775 dB
TRAIN PSNR: 26.592 dB
TRAIN PSNR: 26.853 dB
TRAIN PSNR: 26.828 dB
Checkpoint: trained_nets/CDLNet-s2030/net.ckpt
TRAIN PSNR: 26.765 dB
TRAIN PSNR: 26.923 dB
TRAIN PSNR: 26.802 dB
TRAIN PSNR: 26.829 dB
TRAIN PSNR: 26.877 dB
Checkpoint: trained_nets/CDLNet-s2030/net.ckpt
TRAIN PSNR: 26.702 dB
TRAIN PSNR: 26.833 dB
TRAIN PSNR: 26.747 dB
TRAIN PSNR: 26.822 dB
TRAIN PSNR: 26.842 dB
Checkpoint: trained_nets/CDLNet-s2030/net.ckpt
TRAIN PSNR: 26.830 dB
TRAIN PSNR: 26.932 dB
TRAIN PSNR: 26.744 dB
TRAIN PSNR: 26.821 dB
TRAIN PSNR: 26.750 dB
Checkpoint: trained_nets/CDLNet-s2030/net.ckpt
TRAIN PSNR: 26.745 dB
TRAIN PSNR: 26.801 dB
TRAIN PSNR: 26.871 dB
TRAIN PSNR: 26.865 dB
TRAIN PSNR: 26.915 dB
Checkpoint: trained_nets/CDLNet-s2030/net.ckpt
TRAIN PSNR: 26.856 dB
TRAIN PSNR: 26.844 dB
TRAIN PSNR: 26.808 dB
TRAIN PSNR: 26.877 dB
TRAIN PSNR: 26.807 dB
VAL PSNR: 29.023 dB
Updated Learning Rate(s): 
[9.230125234163875e-05]
Checkpoint: trained_nets/CDLNet-s2030/net.ckpt
TRAIN PSNR: 26.845 dB
TRAIN PSNR: 26.832 dB
TRAIN PSNR: 26.813 dB
TRAIN PSNR: 26.874 dB
TRAIN PSNR: 26.763 dB
Checkpoint: trained_nets/CDLNet-s2030/net.ckpt
TRAIN PSNR: 26.780 dB
TRAIN PSNR: 26.792 dB
TRAIN PSNR: 26.882 dB
TRAIN PSNR: 26.732 dB
TRAIN PSNR: 26.828 dB
Checkpoint: trained_nets/CDLNet-s2030/net.ckpt
TRAIN PSNR: 26.856 dB
TRAIN PSNR: 26.847 dB
TRAIN PSNR: 26.819 dB
TRAIN PSNR: 26.834 dB
TRAIN PSNR: 26.836 dB
Checkpoint: trained_nets/CDLNet-s2030/net.ckpt
TRAIN PSNR: 26.902 dB
TRAIN PSNR: 26.812 dB
TRAIN PSNR: 26.886 dB
TRAIN PSNR: 26.824 dB
TRAIN PSNR: 26.864 dB
Checkpoint: trained_nets/CDLNet-s2030/net.ckpt
TRAIN PSNR: 26.890 dB
TRAIN PSNR: 26.897 dB
TRAIN PSNR: 26.795 dB
TRAIN PSNR: 26.793 dB
TRAIN PSNR: 26.853 dB
Checkpoint: trained_nets/CDLNet-s2030/net.ckpt
TRAIN PSNR: 26.904 dB
TRAIN PSNR: 26.767 dB
TRAIN PSNR: 26.746 dB
TRAIN PSNR: 26.900 dB
TRAIN PSNR: 26.809 dB
Checkpoint: trained_nets/CDLNet-s2030/net.ckpt
TRAIN PSNR: 26.762 dB
TRAIN PSNR: 26.796 dB
TRAIN PSNR: 26.807 dB
TRAIN PSNR: 26.848 dB
TRAIN PSNR: 26.784 dB
Checkpoint: trained_nets/CDLNet-s2030/net.ckpt
TRAIN PSNR: 26.849 dB
TRAIN PSNR: 26.889 dB
TRAIN PSNR: 26.807 dB
TRAIN PSNR: 26.779 dB
TRAIN PSNR: 26.789 dB
Checkpoint: trained_nets/CDLNet-s2030/net.ckpt
TRAIN PSNR: 26.858 dB
TRAIN PSNR: 26.733 dB
TRAIN PSNR: 26.800 dB
TRAIN PSNR: 26.780 dB
TRAIN PSNR: 26.817 dB
Checkpoint: trained_nets/CDLNet-s2030/net.ckpt
TRAIN PSNR: 26.824 dB
TRAIN PSNR: 26.783 dB
TRAIN PSNR: 26.827 dB
TRAIN PSNR: 26.792 dB
TRAIN PSNR: 26.746 dB
VAL PSNR: 29.021 dB
Updated Learning Rate(s): 
[8.768618972455681e-05]
Checkpoint: trained_nets/CDLNet-s2030/net.ckpt
TRAIN PSNR: 26.885 dB
TRAIN PSNR: 26.800 dB
TRAIN PSNR: 26.745 dB
TRAIN PSNR: 26.899 dB
TRAIN PSNR: 26.853 dB
Checkpoint: trained_nets/CDLNet-s2030/net.ckpt
TRAIN PSNR: 26.850 dB
TRAIN PSNR: 26.900 dB
TRAIN PSNR: 26.848 dB
TRAIN PSNR: 26.852 dB
TRAIN PSNR: 26.804 dB
Checkpoint: trained_nets/CDLNet-s2030/net.ckpt
TRAIN PSNR: 26.790 dB
TRAIN PSNR: 26.896 dB
TRAIN PSNR: 26.811 dB
TRAIN PSNR: 26.866 dB
TRAIN PSNR: 26.816 dB
Checkpoint: trained_nets/CDLNet-s2030/net.ckpt
TRAIN PSNR: 26.862 dB
TRAIN PSNR: 26.737 dB
TRAIN PSNR: 26.804 dB
TRAIN PSNR: 26.746 dB
TRAIN PSNR: 26.872 dB
Checkpoint: trained_nets/CDLNet-s2030/net.ckpt
TRAIN PSNR: 26.795 dB
TRAIN PSNR: 26.833 dB
TRAIN PSNR: 26.769 dB
TRAIN PSNR: 26.951 dB
TRAIN PSNR: 26.845 dB
Checkpoint: trained_nets/CDLNet-s2030/net.ckpt
TRAIN PSNR: 26.845 dB
TRAIN PSNR: 26.874 dB
TRAIN PSNR: 26.806 dB
TRAIN PSNR: 26.906 dB
TRAIN PSNR: 26.869 dB
Checkpoint: trained_nets/CDLNet-s2030/net.ckpt
TRAIN PSNR: 26.908 dB
TRAIN PSNR: 26.826 dB
TRAIN PSNR: 26.861 dB
TRAIN PSNR: 26.838 dB
TRAIN PSNR: 26.797 dB
Checkpoint: trained_nets/CDLNet-s2030/net.ckpt
TRAIN PSNR: 26.725 dB
TRAIN PSNR: 26.869 dB
TRAIN PSNR: 26.804 dB
TRAIN PSNR: 26.851 dB
TRAIN PSNR: 26.985 dB
Checkpoint: trained_nets/CDLNet-s2030/net.ckpt
TRAIN PSNR: 26.817 dB
TRAIN PSNR: 26.719 dB
TRAIN PSNR: 26.838 dB
TRAIN PSNR: 26.811 dB
TRAIN PSNR: 26.905 dB
Checkpoint: trained_nets/CDLNet-s2030/net.ckpt
TRAIN PSNR: 26.856 dB
TRAIN PSNR: 26.848 dB
TRAIN PSNR: 26.718 dB
TRAIN PSNR: 26.850 dB
TRAIN PSNR: 26.827 dB
VAL PSNR: 29.018 dB
Updated Learning Rate(s): 
[8.330188023832897e-05]
Checkpoint: trained_nets/CDLNet-s2030/net.ckpt
TRAIN PSNR: 26.786 dB
TRAIN PSNR: 26.893 dB
TRAIN PSNR: 26.855 dB
TRAIN PSNR: 26.830 dB
TRAIN PSNR: 26.829 dB
Checkpoint: trained_nets/CDLNet-s2030/net.ckpt
TRAIN PSNR: 26.866 dB
TRAIN PSNR: 26.859 dB
TRAIN PSNR: 26.820 dB
TRAIN PSNR: 26.972 dB
TRAIN PSNR: 26.916 dB
Checkpoint: trained_nets/CDLNet-s2030/net.ckpt
TRAIN PSNR: 26.817 dB
TRAIN PSNR: 26.862 dB
TRAIN PSNR: 26.727 dB
TRAIN PSNR: 26.885 dB
TRAIN PSNR: 26.863 dB
Checkpoint: trained_nets/CDLNet-s2030/net.ckpt
TRAIN PSNR: 26.789 dB
TRAIN PSNR: 26.840 dB
TRAIN PSNR: 26.905 dB
TRAIN PSNR: 26.788 dB
TRAIN PSNR: 26.923 dB
Checkpoint: trained_nets/CDLNet-s2030/net.ckpt
TRAIN PSNR: 26.844 dB
TRAIN PSNR: 26.779 dB
TRAIN PSNR: 26.910 dB
TRAIN PSNR: 26.821 dB
TRAIN PSNR: 26.810 dB
Checkpoint: trained_nets/CDLNet-s2030/net.ckpt
TRAIN PSNR: 26.810 dB
TRAIN PSNR: 26.852 dB
TRAIN PSNR: 26.771 dB
TRAIN PSNR: 26.801 dB
TRAIN PSNR: 26.790 dB
Checkpoint: trained_nets/CDLNet-s2030/net.ckpt
TRAIN PSNR: 26.771 dB
TRAIN PSNR: 26.793 dB
TRAIN PSNR: 26.916 dB
TRAIN PSNR: 26.902 dB
TRAIN PSNR: 26.936 dB
Checkpoint: trained_nets/CDLNet-s2030/net.ckpt
TRAIN PSNR: 26.887 dB
TRAIN PSNR: 26.761 dB
TRAIN PSNR: 26.721 dB
TRAIN PSNR: 26.779 dB
TRAIN PSNR: 26.802 dB
Checkpoint: trained_nets/CDLNet-s2030/net.ckpt
TRAIN PSNR: 26.863 dB
TRAIN PSNR: 26.937 dB
TRAIN PSNR: 26.830 dB
TRAIN PSNR: 26.787 dB
TRAIN PSNR: 26.847 dB
Checkpoint: trained_nets/CDLNet-s2030/net.ckpt
TRAIN PSNR: 26.930 dB
TRAIN PSNR: 26.815 dB
TRAIN PSNR: 26.754 dB
TRAIN PSNR: 26.884 dB
TRAIN PSNR: 26.743 dB
VAL PSNR: 29.032 dB
Updated Learning Rate(s): 
[7.913678622641252e-05]
Checkpoint: trained_nets/CDLNet-s2030/net.ckpt
TRAIN PSNR: 26.854 dB
TRAIN PSNR: 26.807 dB
TRAIN PSNR: 26.810 dB
TRAIN PSNR: 26.851 dB
TRAIN PSNR: 26.854 dB
Checkpoint: trained_nets/CDLNet-s2030/net.ckpt
TRAIN PSNR: 26.796 dB
TRAIN PSNR: 26.841 dB
TRAIN PSNR: 26.943 dB
TRAIN PSNR: 26.887 dB
TRAIN PSNR: 26.859 dB
Checkpoint: trained_nets/CDLNet-s2030/net.ckpt
TRAIN PSNR: 26.881 dB
TRAIN PSNR: 26.935 dB
TRAIN PSNR: 26.854 dB
TRAIN PSNR: 26.844 dB
TRAIN PSNR: 26.850 dB
Checkpoint: trained_nets/CDLNet-s2030/net.ckpt
TRAIN PSNR: 26.827 dB
TRAIN PSNR: 26.812 dB
TRAIN PSNR: 26.745 dB
TRAIN PSNR: 26.928 dB
TRAIN PSNR: 26.800 dB
Checkpoint: trained_nets/CDLNet-s2030/net.ckpt
TRAIN PSNR: 26.861 dB
TRAIN PSNR: 26.866 dB
TRAIN PSNR: 26.901 dB
TRAIN PSNR: 26.879 dB
TRAIN PSNR: 26.852 dB
Checkpoint: trained_nets/CDLNet-s2030/net.ckpt
TRAIN PSNR: 26.826 dB
TRAIN PSNR: 26.863 dB
TRAIN PSNR: 26.874 dB
TRAIN PSNR: 26.810 dB
TRAIN PSNR: 26.855 dB
Checkpoint: trained_nets/CDLNet-s2030/net.ckpt
TRAIN PSNR: 26.813 dB
TRAIN PSNR: 26.840 dB
TRAIN PSNR: 26.783 dB
TRAIN PSNR: 26.806 dB
TRAIN PSNR: 26.815 dB
Checkpoint: trained_nets/CDLNet-s2030/net.ckpt
TRAIN PSNR: 26.774 dB
TRAIN PSNR: 26.846 dB
TRAIN PSNR: 26.791 dB
TRAIN PSNR: 26.839 dB
TRAIN PSNR: 26.823 dB
Checkpoint: trained_nets/CDLNet-s2030/net.ckpt
TRAIN PSNR: 26.799 dB
TRAIN PSNR: 26.893 dB
TRAIN PSNR: 26.796 dB
TRAIN PSNR: 26.782 dB
TRAIN PSNR: 26.841 dB
Checkpoint: trained_nets/CDLNet-s2030/net.ckpt
TRAIN PSNR: 26.816 dB
TRAIN PSNR: 26.834 dB
TRAIN PSNR: 26.778 dB
TRAIN PSNR: 26.814 dB
TRAIN PSNR: 26.834 dB
VAL PSNR: 29.015 dB
Updated Learning Rate(s): 
[7.517994691509189e-05]
Checkpoint: trained_nets/CDLNet-s2030/net.ckpt
TRAIN PSNR: 26.886 dB
TRAIN PSNR: 26.739 dB
TRAIN PSNR: 26.832 dB
TRAIN PSNR: 26.881 dB
TRAIN PSNR: 26.866 dB
Checkpoint: trained_nets/CDLNet-s2030/net.ckpt
TRAIN PSNR: 26.925 dB
TRAIN PSNR: 26.781 dB
TRAIN PSNR: 26.850 dB
TRAIN PSNR: 26.917 dB
TRAIN PSNR: 26.858 dB
Checkpoint: trained_nets/CDLNet-s2030/net.ckpt
TRAIN PSNR: 26.892 dB
TRAIN PSNR: 26.800 dB
TRAIN PSNR: 26.852 dB
TRAIN PSNR: 26.832 dB
TRAIN PSNR: 26.830 dB
Checkpoint: trained_nets/CDLNet-s2030/net.ckpt
TRAIN PSNR: 26.900 dB
TRAIN PSNR: 26.886 dB
TRAIN PSNR: 26.751 dB
TRAIN PSNR: 26.899 dB
TRAIN PSNR: 26.899 dB
Checkpoint: trained_nets/CDLNet-s2030/net.ckpt
TRAIN PSNR: 26.732 dB
TRAIN PSNR: 26.837 dB
TRAIN PSNR: 26.816 dB
TRAIN PSNR: 26.871 dB
TRAIN PSNR: 26.821 dB
Checkpoint: trained_nets/CDLNet-s2030/net.ckpt
TRAIN PSNR: 26.760 dB
TRAIN PSNR: 26.874 dB
TRAIN PSNR: 26.891 dB
TRAIN PSNR: 26.860 dB
TRAIN PSNR: 26.823 dB
Checkpoint: trained_nets/CDLNet-s2030/net.ckpt
TRAIN PSNR: 26.921 dB
TRAIN PSNR: 26.895 dB
TRAIN PSNR: 26.767 dB
TRAIN PSNR: 26.859 dB
TRAIN PSNR: 26.786 dB
Checkpoint: trained_nets/CDLNet-s2030/net.ckpt
TRAIN PSNR: 26.923 dB
TRAIN PSNR: 26.876 dB
TRAIN PSNR: 26.806 dB
TRAIN PSNR: 26.815 dB
TRAIN PSNR: 26.876 dB
Checkpoint: trained_nets/CDLNet-s2030/net.ckpt
TRAIN PSNR: 26.911 dB
TRAIN PSNR: 26.871 dB
TRAIN PSNR: 26.921 dB
TRAIN PSNR: 26.857 dB
TRAIN PSNR: 26.886 dB
Checkpoint: trained_nets/CDLNet-s2030/net.ckpt
TRAIN PSNR: 26.852 dB
TRAIN PSNR: 26.892 dB
TRAIN PSNR: 26.795 dB
TRAIN PSNR: 26.874 dB
TRAIN PSNR: 26.871 dB
VAL PSNR: 29.045 dB
Updated Learning Rate(s): 
[7.14209495693373e-05]
Checkpoint: trained_nets/CDLNet-s2030/net.ckpt
TRAIN PSNR: 26.876 dB
TRAIN PSNR: 26.885 dB
TRAIN PSNR: 26.858 dB
TRAIN PSNR: 26.719 dB
TRAIN PSNR: 26.752 dB
Checkpoint: trained_nets/CDLNet-s2030/net.ckpt
TRAIN PSNR: 26.915 dB
TRAIN PSNR: 26.869 dB
TRAIN PSNR: 26.845 dB
TRAIN PSNR: 26.759 dB
TRAIN PSNR: 26.857 dB
Checkpoint: trained_nets/CDLNet-s2030/net.ckpt
TRAIN PSNR: 26.899 dB
TRAIN PSNR: 26.840 dB
TRAIN PSNR: 26.826 dB
TRAIN PSNR: 26.832 dB
TRAIN PSNR: 26.835 dB
Checkpoint: trained_nets/CDLNet-s2030/net.ckpt
TRAIN PSNR: 26.885 dB
TRAIN PSNR: 26.904 dB
TRAIN PSNR: 26.811 dB
TRAIN PSNR: 27.018 dB
TRAIN PSNR: 26.779 dB
Checkpoint: trained_nets/CDLNet-s2030/net.ckpt
TRAIN PSNR: 26.849 dB
TRAIN PSNR: 26.930 dB
TRAIN PSNR: 26.848 dB
TRAIN PSNR: 26.893 dB
TRAIN PSNR: 26.871 dB
Checkpoint: trained_nets/CDLNet-s2030/net.ckpt
TRAIN PSNR: 26.871 dB
TRAIN PSNR: 26.863 dB
TRAIN PSNR: 26.795 dB
TRAIN PSNR: 26.879 dB
TRAIN PSNR: 26.815 dB
Checkpoint: trained_nets/CDLNet-s2030/net.ckpt
TRAIN PSNR: 26.931 dB
TRAIN PSNR: 26.863 dB
TRAIN PSNR: 26.760 dB
TRAIN PSNR: 26.929 dB
TRAIN PSNR: 26.886 dB
Checkpoint: trained_nets/CDLNet-s2030/net.ckpt
TRAIN PSNR: 26.834 dB
TRAIN PSNR: 26.865 dB
TRAIN PSNR: 26.801 dB
TRAIN PSNR: 26.851 dB
TRAIN PSNR: 26.798 dB
Checkpoint: trained_nets/CDLNet-s2030/net.ckpt
TRAIN PSNR: 26.797 dB
TRAIN PSNR: 26.876 dB
TRAIN PSNR: 26.812 dB
TRAIN PSNR: 26.874 dB
TRAIN PSNR: 26.803 dB
Checkpoint: trained_nets/CDLNet-s2030/net.ckpt
TRAIN PSNR: 26.804 dB
TRAIN PSNR: 26.876 dB
TRAIN PSNR: 26.902 dB
TRAIN PSNR: 26.939 dB
TRAIN PSNR: 26.958 dB
VAL PSNR: 29.070 dB
Updated Learning Rate(s): 
[6.784990209087042e-05]
Checkpoint: trained_nets/CDLNet-s2030/net.ckpt
TRAIN PSNR: 26.896 dB
TRAIN PSNR: 26.890 dB
TRAIN PSNR: 26.866 dB
TRAIN PSNR: 26.860 dB
TRAIN PSNR: 26.909 dB
Checkpoint: trained_nets/CDLNet-s2030/net.ckpt
TRAIN PSNR: 26.863 dB
TRAIN PSNR: 26.862 dB
TRAIN PSNR: 26.934 dB
TRAIN PSNR: 26.866 dB
TRAIN PSNR: 26.879 dB
Checkpoint: trained_nets/CDLNet-s2030/net.ckpt
TRAIN PSNR: 26.825 dB
TRAIN PSNR: 26.862 dB
TRAIN PSNR: 26.886 dB
TRAIN PSNR: 26.886 dB
TRAIN PSNR: 26.891 dB
Checkpoint: trained_nets/CDLNet-s2030/net.ckpt
TRAIN PSNR: 26.874 dB
TRAIN PSNR: 26.831 dB
TRAIN PSNR: 26.874 dB
TRAIN PSNR: 26.880 dB
TRAIN PSNR: 26.923 dB
Checkpoint: trained_nets/CDLNet-s2030/net.ckpt
TRAIN PSNR: 26.872 dB
TRAIN PSNR: 26.872 dB
TRAIN PSNR: 26.951 dB
TRAIN PSNR: 26.886 dB
TRAIN PSNR: 26.815 dB
Checkpoint: trained_nets/CDLNet-s2030/net.ckpt
TRAIN PSNR: 26.786 dB
TRAIN PSNR: 26.810 dB
TRAIN PSNR: 26.895 dB
TRAIN PSNR: 26.870 dB
TRAIN PSNR: 26.812 dB
Checkpoint: trained_nets/CDLNet-s2030/net.ckpt
TRAIN PSNR: 26.849 dB
TRAIN PSNR: 26.770 dB
TRAIN PSNR: 26.720 dB
TRAIN PSNR: 26.856 dB
TRAIN PSNR: 26.820 dB
Checkpoint: trained_nets/CDLNet-s2030/net.ckpt
TRAIN PSNR: 26.835 dB
TRAIN PSNR: 26.854 dB
TRAIN PSNR: 26.853 dB
TRAIN PSNR: 26.777 dB
TRAIN PSNR: 26.821 dB
Checkpoint: trained_nets/CDLNet-s2030/net.ckpt
TRAIN PSNR: 26.847 dB
TRAIN PSNR: 26.783 dB
TRAIN PSNR: 26.861 dB
TRAIN PSNR: 26.816 dB
TRAIN PSNR: 26.878 dB
Checkpoint: trained_nets/CDLNet-s2030/net.ckpt
TRAIN PSNR: 26.840 dB
TRAIN PSNR: 26.842 dB
TRAIN PSNR: 26.832 dB
TRAIN PSNR: 26.878 dB
TRAIN PSNR: 26.843 dB
VAL PSNR: 29.076 dB
Updated Learning Rate(s): 
[6.445740698632689e-05]
Checkpoint: trained_nets/CDLNet-s2030/net.ckpt
TRAIN PSNR: 26.847 dB
TRAIN PSNR: 26.834 dB
TRAIN PSNR: 26.950 dB
TRAIN PSNR: 26.908 dB
TRAIN PSNR: 26.884 dB
Checkpoint: trained_nets/CDLNet-s2030/net.ckpt
TRAIN PSNR: 26.902 dB
TRAIN PSNR: 26.836 dB
TRAIN PSNR: 26.935 dB
TRAIN PSNR: 26.806 dB
TRAIN PSNR: 26.830 dB
Checkpoint: trained_nets/CDLNet-s2030/net.ckpt
TRAIN PSNR: 26.862 dB
TRAIN PSNR: 26.824 dB
TRAIN PSNR: 26.878 dB
TRAIN PSNR: 26.851 dB
TRAIN PSNR: 26.856 dB
Checkpoint: trained_nets/CDLNet-s2030/net.ckpt
TRAIN PSNR: 26.791 dB
TRAIN PSNR: 26.919 dB
TRAIN PSNR: 26.848 dB
TRAIN PSNR: 26.833 dB
TRAIN PSNR: 27.021 dB
Checkpoint: trained_nets/CDLNet-s2030/net.ckpt
TRAIN PSNR: 26.910 dB
TRAIN PSNR: 26.843 dB
TRAIN PSNR: 26.866 dB
TRAIN PSNR: 26.845 dB
TRAIN PSNR: 26.829 dB
Checkpoint: trained_nets/CDLNet-s2030/net.ckpt
TRAIN PSNR: 26.794 dB
TRAIN PSNR: 26.803 dB
TRAIN PSNR: 26.869 dB
TRAIN PSNR: 26.873 dB
TRAIN PSNR: 26.878 dB
Checkpoint: trained_nets/CDLNet-s2030/net.ckpt
TRAIN PSNR: 26.782 dB
TRAIN PSNR: 26.907 dB
TRAIN PSNR: 26.894 dB
TRAIN PSNR: 26.845 dB
TRAIN PSNR: 26.988 dB
Checkpoint: trained_nets/CDLNet-s2030/net.ckpt
TRAIN PSNR: 26.934 dB
TRAIN PSNR: 26.790 dB
TRAIN PSNR: 26.899 dB
TRAIN PSNR: 26.883 dB
