{'model': {'C': 1, 'K': 20, 'M': 32, 'P': 7, 'adaptive': True, 's': 1},
 'paths': {'ckpt': None, 'save': 'trained_nets/CDLNet-s2030'},
 'train': {'fit': {'backtrack_thresh': 2,
                   'clip_grad': 0.05,
                   'demosaic': False,
                   'epochs': 6000,
                   'mcsure': False,
                   'noise_std': [20, 30],
                   'save_freq': 5,
                   'val_freq': 50,
                   'verbose': True},
           'loaders': {'batch_size': 10,
                       'crop_size': 128,
                       'end_slice': 8,
                       'load_color': False,
                       'start_slice': 0,
                       'trn_path_list': ['../../datasets/fastmri_preprocessed/brain_T2W_coil_combined/train'],
                       'tst_path_list': ['../../datasets/fastmri_preprocessed/brain_T2W_coil_combined/test'],
                       'val_path_list': ['../../datasets/fastmri_preprocessed/brain_T2W_coil_combined/val']},
           'opt': {'lr': 0.001},
           'sched': {'gamma': 0.95, 'step_size': 50}},
 'type': 'CDLNet'}
Loading ['../../datasets/fastmri_preprocessed/brain_T2W_coil_combined/train']:
Loading ['../../datasets/fastmri_preprocessed/brain_T2W_coil_combined/val']:
Loading ['../../datasets/fastmri_preprocessed/brain_T2W_coil_combined/test']:
Running power-method on initial dictionary...
Done. L=2.725e+03+1.390e-05j.
Current Learning Rate(s):
0.001
Total Number of Parameters: 95,360
Using trained_nets/CDLNet-s2030 ...
fit: using device cuda:0
TRAIN PSNR: 56.466 dB
TRAIN PSNR: 62.122 dB
TRAIN PSNR: 62.526 dB
TRAIN PSNR: 62.385 dB
TRAIN PSNR: 62.497 dB
Checkpoint: trained_nets/CDLNet-s2030/net.ckpt
TRAIN PSNR: 62.333 dB
TRAIN PSNR: 62.412 dB
TRAIN PSNR: 62.571 dB
TRAIN PSNR: 62.456 dB
TRAIN PSNR: 62.409 dB
Checkpoint: trained_nets/CDLNet-s2030/net.ckpt
TRAIN PSNR: 62.608 dB
TRAIN PSNR: 62.595 dB
TRAIN PSNR: 62.487 dB
TRAIN PSNR: 62.407 dB
TRAIN PSNR: 62.490 dB
Checkpoint: trained_nets/CDLNet-s2030/net.ckpt
TRAIN PSNR: 62.442 dB
TRAIN PSNR: 62.439 dB
TRAIN PSNR: 62.466 dB
TRAIN PSNR: 62.309 dB
TRAIN PSNR: 62.640 dB
Checkpoint: trained_nets/CDLNet-s2030/net.ckpt
TRAIN PSNR: 62.603 dB
TRAIN PSNR: 62.558 dB
TRAIN PSNR: 62.556 dB
TRAIN PSNR: 62.409 dB
TRAIN PSNR: 62.508 dB
Checkpoint: trained_nets/CDLNet-s2030/net.ckpt
TRAIN PSNR: 62.302 dB
TRAIN PSNR: 62.490 dB
TRAIN PSNR: 62.570 dB
TRAIN PSNR: 62.452 dB
TRAIN PSNR: 62.618 dB
Checkpoint: trained_nets/CDLNet-s2030/net.ckpt
TRAIN PSNR: 62.479 dB
TRAIN PSNR: 62.485 dB
TRAIN PSNR: 62.436 dB
TRAIN PSNR: 62.800 dB
TRAIN PSNR: 62.536 dB
Checkpoint: trained_nets/CDLNet-s2030/net.ckpt
TRAIN PSNR: 62.636 dB
TRAIN PSNR: 62.365 dB
TRAIN PSNR: 62.476 dB
TRAIN PSNR: 62.689 dB
TRAIN PSNR: 62.391 dB
Checkpoint: trained_nets/CDLNet-s2030/net.ckpt
TRAIN PSNR: 62.556 dB
TRAIN PSNR: 62.422 dB
TRAIN PSNR: 62.447 dB
TRAIN PSNR: 62.399 dB
TRAIN PSNR: 62.516 dB
Checkpoint: trained_nets/CDLNet-s2030/net.ckpt
TRAIN PSNR: 62.534 dB
TRAIN PSNR: 62.644 dB
TRAIN PSNR: 62.421 dB
TRAIN PSNR: 62.528 dB
TRAIN PSNR: 62.535 dB
VAL PSNR: 77.015 dB
Updated Learning Rate(s): 
[0.00095]
Checkpoint: trained_nets/CDLNet-s2030/net.ckpt
TRAIN PSNR: 62.540 dB
TRAIN PSNR: 62.532 dB
TRAIN PSNR: 62.609 dB
TRAIN PSNR: 62.485 dB
TRAIN PSNR: 62.710 dB
Checkpoint: trained_nets/CDLNet-s2030/net.ckpt
TRAIN PSNR: 62.495 dB
TRAIN PSNR: 62.553 dB
TRAIN PSNR: 62.617 dB
TRAIN PSNR: 62.359 dB
TRAIN PSNR: 62.600 dB
Checkpoint: trained_nets/CDLNet-s2030/net.ckpt
TRAIN PSNR: 62.595 dB
TRAIN PSNR: 62.615 dB
TRAIN PSNR: 62.521 dB
TRAIN PSNR: 62.374 dB
TRAIN PSNR: 62.510 dB
Checkpoint: trained_nets/CDLNet-s2030/net.ckpt
TRAIN PSNR: 62.428 dB
TRAIN PSNR: 62.386 dB
TRAIN PSNR: 62.577 dB
TRAIN PSNR: 62.486 dB
TRAIN PSNR: 62.621 dB
Checkpoint: trained_nets/CDLNet-s2030/net.ckpt
TRAIN PSNR: 62.699 dB
TRAIN PSNR: 62.561 dB
TRAIN PSNR: 62.668 dB
TRAIN PSNR: 62.622 dB
TRAIN PSNR: 62.575 dB
Checkpoint: trained_nets/CDLNet-s2030/net.ckpt
TRAIN PSNR: 62.621 dB
TRAIN PSNR: 62.475 dB
TRAIN PSNR: 62.468 dB
TRAIN PSNR: 62.531 dB
TRAIN PSNR: 62.352 dB
Checkpoint: trained_nets/CDLNet-s2030/net.ckpt
TRAIN PSNR: 62.509 dB
TRAIN PSNR: 62.509 dB
TRAIN PSNR: 62.446 dB
TRAIN PSNR: 62.617 dB
TRAIN PSNR: 62.509 dB
Checkpoint: trained_nets/CDLNet-s2030/net.ckpt
TRAIN PSNR: 62.466 dB
TRAIN PSNR: 62.542 dB
TRAIN PSNR: 62.504 dB
TRAIN PSNR: 62.550 dB
TRAIN PSNR: 62.592 dB
Checkpoint: trained_nets/CDLNet-s2030/net.ckpt
TRAIN PSNR: 62.345 dB
TRAIN PSNR: 62.444 dB
TRAIN PSNR: 62.468 dB
TRAIN PSNR: 62.609 dB
TRAIN PSNR: 62.533 dB
Checkpoint: trained_nets/CDLNet-s2030/net.ckpt
TRAIN PSNR: 62.388 dB
TRAIN PSNR: 62.366 dB
TRAIN PSNR: 62.649 dB
TRAIN PSNR: 62.473 dB
TRAIN PSNR: 62.526 dB
VAL PSNR: 76.616 dB
Updated Learning Rate(s): 
[0.0009025]
Checkpoint: trained_nets/CDLNet-s2030/net.ckpt
TRAIN PSNR: 62.370 dB
TRAIN PSNR: 62.679 dB
TRAIN PSNR: 62.554 dB
TRAIN PSNR: 62.471 dB
TRAIN PSNR: 62.567 dB
Checkpoint: trained_nets/CDLNet-s2030/net.ckpt
TRAIN PSNR: 62.604 dB
TRAIN PSNR: 62.445 dB
TRAIN PSNR: 62.554 dB
TRAIN PSNR: 62.648 dB
TRAIN PSNR: 62.576 dB
Checkpoint: trained_nets/CDLNet-s2030/net.ckpt
TRAIN PSNR: 62.526 dB
TRAIN PSNR: 62.352 dB
TRAIN PSNR: 62.547 dB
TRAIN PSNR: 62.328 dB
TRAIN PSNR: 62.325 dB
Checkpoint: trained_nets/CDLNet-s2030/net.ckpt
TRAIN PSNR: 62.607 dB
TRAIN PSNR: 62.545 dB
TRAIN PSNR: 62.537 dB
TRAIN PSNR: 62.412 dB
TRAIN PSNR: 62.620 dB
Checkpoint: trained_nets/CDLNet-s2030/net.ckpt
TRAIN PSNR: 62.423 dB
TRAIN PSNR: 62.372 dB
TRAIN PSNR: 62.535 dB
TRAIN PSNR: 62.549 dB
TRAIN PSNR: 62.483 dB
Checkpoint: trained_nets/CDLNet-s2030/net.ckpt
TRAIN PSNR: 62.473 dB
TRAIN PSNR: 62.521 dB
TRAIN PSNR: 62.417 dB
TRAIN PSNR: 62.563 dB
TRAIN PSNR: 62.397 dB
Checkpoint: trained_nets/CDLNet-s2030/net.ckpt
TRAIN PSNR: 62.376 dB
TRAIN PSNR: 62.488 dB
TRAIN PSNR: 62.644 dB
TRAIN PSNR: 62.509 dB
TRAIN PSNR: 62.555 dB
Checkpoint: trained_nets/CDLNet-s2030/net.ckpt
TRAIN PSNR: 62.732 dB
TRAIN PSNR: 62.435 dB
TRAIN PSNR: 62.388 dB
TRAIN PSNR: 62.516 dB
TRAIN PSNR: 62.517 dB
Checkpoint: trained_nets/CDLNet-s2030/net.ckpt
TRAIN PSNR: 62.643 dB
TRAIN PSNR: 62.368 dB
TRAIN PSNR: 62.504 dB
TRAIN PSNR: 62.416 dB
TRAIN PSNR: 62.503 dB
Checkpoint: trained_nets/CDLNet-s2030/net.ckpt
TRAIN PSNR: 62.525 dB
TRAIN PSNR: 62.553 dB
TRAIN PSNR: 62.550 dB
TRAIN PSNR: 62.670 dB
TRAIN PSNR: 62.515 dB
VAL PSNR: 76.840 dB
Updated Learning Rate(s): 
[0.000857375]
Checkpoint: trained_nets/CDLNet-s2030/net.ckpt
TRAIN PSNR: 62.416 dB
TRAIN PSNR: 62.618 dB
TRAIN PSNR: 62.498 dB
TRAIN PSNR: 62.628 dB
TRAIN PSNR: 62.409 dB
Checkpoint: trained_nets/CDLNet-s2030/net.ckpt
TRAIN PSNR: 62.458 dB
TRAIN PSNR: 62.546 dB
TRAIN PSNR: 62.494 dB
TRAIN PSNR: 62.663 dB
TRAIN PSNR: 62.435 dB
Checkpoint: trained_nets/CDLNet-s2030/net.ckpt
TRAIN PSNR: 62.427 dB
TRAIN PSNR: 62.425 dB
TRAIN PSNR: 62.623 dB
TRAIN PSNR: 62.337 dB
TRAIN PSNR: 62.572 dB
Checkpoint: trained_nets/CDLNet-s2030/net.ckpt
TRAIN PSNR: 62.457 dB
TRAIN PSNR: 62.724 dB
TRAIN PSNR: 62.394 dB
TRAIN PSNR: 62.511 dB
TRAIN PSNR: 62.350 dB
Checkpoint: trained_nets/CDLNet-s2030/net.ckpt
TRAIN PSNR: 62.529 dB
TRAIN PSNR: 62.161 dB
TRAIN PSNR: 62.556 dB
TRAIN PSNR: 62.472 dB
TRAIN PSNR: 62.541 dB
Checkpoint: trained_nets/CDLNet-s2030/net.ckpt
TRAIN PSNR: 62.492 dB
TRAIN PSNR: 62.579 dB
TRAIN PSNR: 62.507 dB
TRAIN PSNR: 62.484 dB
TRAIN PSNR: 62.474 dB
Checkpoint: trained_nets/CDLNet-s2030/net.ckpt
TRAIN PSNR: 62.493 dB
TRAIN PSNR: 62.584 dB
TRAIN PSNR: 62.439 dB
TRAIN PSNR: 62.313 dB
TRAIN PSNR: 62.447 dB
Checkpoint: trained_nets/CDLNet-s2030/net.ckpt
TRAIN PSNR: 62.383 dB
TRAIN PSNR: 62.460 dB
TRAIN PSNR: 62.242 dB
TRAIN PSNR: 62.574 dB
TRAIN PSNR: 62.562 dB
Checkpoint: trained_nets/CDLNet-s2030/net.ckpt
TRAIN PSNR: 62.480 dB
TRAIN PSNR: 62.482 dB
TRAIN PSNR: 62.436 dB
TRAIN PSNR: 62.513 dB
TRAIN PSNR: 62.480 dB
Checkpoint: trained_nets/CDLNet-s2030/net.ckpt
TRAIN PSNR: 62.353 dB
TRAIN PSNR: 62.546 dB
TRAIN PSNR: 62.628 dB
TRAIN PSNR: 62.525 dB
TRAIN PSNR: 62.559 dB
VAL PSNR: 77.096 dB
Updated Learning Rate(s): 
[0.0008145062499999999]
Checkpoint: trained_nets/CDLNet-s2030/net.ckpt
TRAIN PSNR: 62.309 dB
TRAIN PSNR: 62.422 dB
TRAIN PSNR: 62.664 dB
TRAIN PSNR: 62.498 dB
TRAIN PSNR: 62.370 dB
Checkpoint: trained_nets/CDLNet-s2030/net.ckpt
TRAIN PSNR: 62.410 dB
TRAIN PSNR: 62.346 dB
TRAIN PSNR: 62.403 dB
TRAIN PSNR: 62.528 dB
TRAIN PSNR: 62.431 dB
Checkpoint: trained_nets/CDLNet-s2030/net.ckpt
TRAIN PSNR: 62.536 dB
TRAIN PSNR: 62.663 dB
TRAIN PSNR: 62.616 dB
TRAIN PSNR: 62.361 dB
TRAIN PSNR: 62.527 dB
Checkpoint: trained_nets/CDLNet-s2030/net.ckpt
TRAIN PSNR: 62.415 dB
TRAIN PSNR: 62.391 dB
TRAIN PSNR: 62.487 dB
TRAIN PSNR: 62.522 dB
TRAIN PSNR: 62.485 dB
Checkpoint: trained_nets/CDLNet-s2030/net.ckpt
TRAIN PSNR: 62.513 dB
TRAIN PSNR: 62.406 dB
TRAIN PSNR: 62.564 dB
TRAIN PSNR: 62.520 dB
TRAIN PSNR: 62.416 dB
Checkpoint: trained_nets/CDLNet-s2030/net.ckpt
TRAIN PSNR: 62.684 dB
TRAIN PSNR: 62.399 dB
TRAIN PSNR: 62.540 dB
TRAIN PSNR: 62.613 dB
TRAIN PSNR: 62.471 dB
Checkpoint: trained_nets/CDLNet-s2030/net.ckpt
TRAIN PSNR: 62.698 dB
TRAIN PSNR: 62.623 dB
TRAIN PSNR: 62.650 dB
TRAIN PSNR: 62.382 dB
TRAIN PSNR: 62.418 dB
Checkpoint: trained_nets/CDLNet-s2030/net.ckpt
TRAIN PSNR: 62.383 dB
TRAIN PSNR: 62.560 dB
TRAIN PSNR: 62.547 dB
TRAIN PSNR: 62.494 dB
TRAIN PSNR: 62.741 dB
Checkpoint: trained_nets/CDLNet-s2030/net.ckpt
TRAIN PSNR: 62.566 dB
TRAIN PSNR: 62.513 dB
TRAIN PSNR: 62.474 dB
TRAIN PSNR: 62.461 dB
TRAIN PSNR: 62.517 dB
Checkpoint: trained_nets/CDLNet-s2030/net.ckpt
TRAIN PSNR: 62.491 dB
TRAIN PSNR: 62.414 dB
TRAIN PSNR: 62.472 dB
TRAIN PSNR: 62.308 dB
TRAIN PSNR: 62.555 dB
VAL PSNR: 76.953 dB
Updated Learning Rate(s): 
[0.0007737809374999998]
Checkpoint: trained_nets/CDLNet-s2030/net.ckpt
TRAIN PSNR: 62.404 dB
TRAIN PSNR: 62.670 dB
TRAIN PSNR: 62.542 dB
TRAIN PSNR: 62.542 dB
TRAIN PSNR: 62.284 dB
Checkpoint: trained_nets/CDLNet-s2030/net.ckpt
TRAIN PSNR: 62.499 dB
TRAIN PSNR: 62.636 dB
TRAIN PSNR: 62.343 dB
TRAIN PSNR: 62.512 dB
TRAIN PSNR: 62.413 dB
Checkpoint: trained_nets/CDLNet-s2030/net.ckpt
TRAIN PSNR: 62.607 dB
TRAIN PSNR: 62.529 dB
TRAIN PSNR: 62.500 dB
TRAIN PSNR: 62.469 dB
TRAIN PSNR: 62.502 dB
Checkpoint: trained_nets/CDLNet-s2030/net.ckpt
TRAIN PSNR: 62.407 dB
TRAIN PSNR: 62.385 dB
TRAIN PSNR: 62.644 dB
TRAIN PSNR: 62.478 dB
TRAIN PSNR: 62.439 dB
Checkpoint: trained_nets/CDLNet-s2030/net.ckpt
TRAIN PSNR: 62.703 dB
TRAIN PSNR: 62.388 dB
TRAIN PSNR: 62.475 dB
TRAIN PSNR: 62.496 dB
TRAIN PSNR: 62.539 dB
Checkpoint: trained_nets/CDLNet-s2030/net.ckpt
TRAIN PSNR: 62.563 dB
TRAIN PSNR: 62.531 dB
TRAIN PSNR: 62.411 dB
TRAIN PSNR: 62.657 dB
TRAIN PSNR: 62.446 dB
Checkpoint: trained_nets/CDLNet-s2030/net.ckpt
TRAIN PSNR: 62.571 dB
TRAIN PSNR: 62.571 dB
TRAIN PSNR: 62.504 dB
TRAIN PSNR: 62.436 dB
TRAIN PSNR: 62.601 dB
Checkpoint: trained_nets/CDLNet-s2030/net.ckpt
TRAIN PSNR: 62.447 dB
TRAIN PSNR: 62.373 dB
TRAIN PSNR: 62.331 dB
TRAIN PSNR: 62.552 dB
TRAIN PSNR: 62.571 dB
Checkpoint: trained_nets/CDLNet-s2030/net.ckpt
TRAIN PSNR: 62.716 dB
TRAIN PSNR: 62.626 dB
TRAIN PSNR: 62.412 dB
TRAIN PSNR: 62.580 dB
TRAIN PSNR: 62.536 dB
Checkpoint: trained_nets/CDLNet-s2030/net.ckpt
TRAIN PSNR: 62.456 dB
TRAIN PSNR: 62.501 dB
TRAIN PSNR: 62.478 dB
TRAIN PSNR: 62.399 dB
TRAIN PSNR: 62.474 dB
VAL PSNR: 77.371 dB
Updated Learning Rate(s): 
[0.0007350918906249997]
Checkpoint: trained_nets/CDLNet-s2030/net.ckpt
TRAIN PSNR: 62.691 dB
TRAIN PSNR: 62.455 dB
TRAIN PSNR: 62.426 dB
TRAIN PSNR: 62.534 dB
TRAIN PSNR: 62.556 dB
Checkpoint: trained_nets/CDLNet-s2030/net.ckpt
TRAIN PSNR: 62.570 dB
TRAIN PSNR: 62.303 dB
TRAIN PSNR: 62.493 dB
TRAIN PSNR: 62.585 dB
TRAIN PSNR: 62.540 dB
Checkpoint: trained_nets/CDLNet-s2030/net.ckpt
TRAIN PSNR: 62.490 dB
TRAIN PSNR: 62.522 dB
TRAIN PSNR: 62.553 dB
TRAIN PSNR: 62.457 dB
TRAIN PSNR: 62.444 dB
Checkpoint: trained_nets/CDLNet-s2030/net.ckpt
TRAIN PSNR: 62.544 dB
TRAIN PSNR: 62.549 dB
TRAIN PSNR: 62.675 dB
TRAIN PSNR: 62.505 dB
TRAIN PSNR: 62.473 dB
Checkpoint: trained_nets/CDLNet-s2030/net.ckpt
TRAIN PSNR: 62.700 dB
TRAIN PSNR: 62.461 dB
TRAIN PSNR: 62.716 dB
TRAIN PSNR: 62.471 dB
TRAIN PSNR: 62.525 dB
Checkpoint: trained_nets/CDLNet-s2030/net.ckpt
TRAIN PSNR: 62.518 dB
TRAIN PSNR: 62.341 dB
TRAIN PSNR: 62.468 dB
TRAIN PSNR: 62.610 dB
TRAIN PSNR: 62.295 dB
Checkpoint: trained_nets/CDLNet-s2030/net.ckpt
TRAIN PSNR: 62.425 dB
TRAIN PSNR: 62.470 dB
TRAIN PSNR: 62.502 dB
TRAIN PSNR: 62.366 dB
TRAIN PSNR: 62.562 dB
Checkpoint: trained_nets/CDLNet-s2030/net.ckpt
TRAIN PSNR: 62.577 dB
TRAIN PSNR: 62.479 dB
TRAIN PSNR: 62.490 dB
TRAIN PSNR: 62.423 dB
TRAIN PSNR: 62.543 dB
Checkpoint: trained_nets/CDLNet-s2030/net.ckpt
TRAIN PSNR: 62.334 dB
TRAIN PSNR: 62.580 dB
TRAIN PSNR: 62.562 dB
TRAIN PSNR: 62.634 dB
TRAIN PSNR: 62.454 dB
Checkpoint: trained_nets/CDLNet-s2030/net.ckpt
TRAIN PSNR: 62.349 dB
TRAIN PSNR: 62.495 dB
TRAIN PSNR: 62.472 dB
TRAIN PSNR: 62.516 dB
TRAIN PSNR: 62.497 dB
VAL PSNR: 76.868 dB
Updated Learning Rate(s): 
[0.0006983372960937497]
Checkpoint: trained_nets/CDLNet-s2030/net.ckpt
TRAIN PSNR: 62.503 dB
TRAIN PSNR: 62.526 dB
TRAIN PSNR: 62.419 dB
TRAIN PSNR: 62.479 dB
TRAIN PSNR: 62.498 dB
Checkpoint: trained_nets/CDLNet-s2030/net.ckpt
TRAIN PSNR: 62.508 dB
TRAIN PSNR: 62.495 dB
TRAIN PSNR: 62.552 dB
TRAIN PSNR: 62.605 dB
TRAIN PSNR: 62.603 dB
Checkpoint: trained_nets/CDLNet-s2030/net.ckpt
TRAIN PSNR: 62.678 dB
TRAIN PSNR: 62.478 dB
TRAIN PSNR: 62.530 dB
TRAIN PSNR: 62.524 dB
TRAIN PSNR: 62.599 dB
Checkpoint: trained_nets/CDLNet-s2030/net.ckpt
TRAIN PSNR: 62.339 dB
TRAIN PSNR: 62.546 dB
TRAIN PSNR: 62.439 dB
TRAIN PSNR: 62.473 dB
TRAIN PSNR: 62.454 dB
Checkpoint: trained_nets/CDLNet-s2030/net.ckpt
TRAIN PSNR: 62.628 dB
TRAIN PSNR: 62.552 dB
TRAIN PSNR: 62.490 dB
TRAIN PSNR: 62.487 dB
TRAIN PSNR: 62.330 dB
Checkpoint: trained_nets/CDLNet-s2030/net.ckpt
TRAIN PSNR: 62.409 dB
TRAIN PSNR: 62.402 dB
TRAIN PSNR: 62.407 dB
TRAIN PSNR: 62.444 dB
TRAIN PSNR: 62.442 dB
Checkpoint: trained_nets/CDLNet-s2030/net.ckpt
TRAIN PSNR: 62.532 dB
TRAIN PSNR: 62.394 dB
TRAIN PSNR: 62.479 dB
TRAIN PSNR: 62.519 dB
TRAIN PSNR: 62.502 dB
Checkpoint: trained_nets/CDLNet-s2030/net.ckpt
TRAIN PSNR: 62.556 dB
TRAIN PSNR: 62.597 dB
TRAIN PSNR: 62.518 dB
TRAIN PSNR: 62.698 dB
TRAIN PSNR: 62.471 dB
Checkpoint: trained_nets/CDLNet-s2030/net.ckpt
TRAIN PSNR: 62.433 dB
TRAIN PSNR: 62.595 dB
TRAIN PSNR: 62.626 dB
TRAIN PSNR: 62.490 dB
TRAIN PSNR: 62.532 dB
Checkpoint: trained_nets/CDLNet-s2030/net.ckpt
TRAIN PSNR: 62.309 dB
TRAIN PSNR: 62.468 dB
TRAIN PSNR: 62.529 dB
TRAIN PSNR: 62.506 dB
TRAIN PSNR: 62.446 dB
VAL PSNR: 76.773 dB
Updated Learning Rate(s): 
[0.0006634204312890621]
Checkpoint: trained_nets/CDLNet-s2030/net.ckpt
TRAIN PSNR: 62.639 dB
TRAIN PSNR: 62.533 dB
TRAIN PSNR: 62.445 dB
TRAIN PSNR: 62.607 dB
TRAIN PSNR: 62.370 dB
Checkpoint: trained_nets/CDLNet-s2030/net.ckpt
TRAIN PSNR: 62.408 dB
TRAIN PSNR: 62.570 dB
TRAIN PSNR: 62.511 dB
TRAIN PSNR: 62.472 dB
TRAIN PSNR: 62.563 dB
Checkpoint: trained_nets/CDLNet-s2030/net.ckpt
TRAIN PSNR: 62.331 dB
TRAIN PSNR: 62.548 dB
TRAIN PSNR: 62.404 dB
TRAIN PSNR: 62.572 dB
TRAIN PSNR: 62.592 dB
Checkpoint: trained_nets/CDLNet-s2030/net.ckpt
TRAIN PSNR: 62.339 dB
TRAIN PSNR: 62.459 dB
TRAIN PSNR: 62.293 dB
TRAIN PSNR: 62.510 dB
TRAIN PSNR: 62.478 dB
Checkpoint: trained_nets/CDLNet-s2030/net.ckpt
TRAIN PSNR: 62.469 dB
TRAIN PSNR: 62.509 dB
TRAIN PSNR: 62.503 dB
TRAIN PSNR: 62.483 dB
TRAIN PSNR: 62.724 dB
Checkpoint: trained_nets/CDLNet-s2030/net.ckpt
TRAIN PSNR: 62.398 dB
TRAIN PSNR: 62.434 dB
TRAIN PSNR: 62.415 dB
TRAIN PSNR: 62.594 dB
TRAIN PSNR: 62.458 dB
Checkpoint: trained_nets/CDLNet-s2030/net.ckpt
TRAIN PSNR: 62.486 dB
TRAIN PSNR: 62.587 dB
TRAIN PSNR: 62.394 dB
TRAIN PSNR: 62.344 dB
TRAIN PSNR: 62.454 dB
Checkpoint: trained_nets/CDLNet-s2030/net.ckpt
TRAIN PSNR: 62.532 dB
TRAIN PSNR: 62.480 dB
TRAIN PSNR: 62.563 dB
TRAIN PSNR: 62.484 dB
TRAIN PSNR: 62.582 dB
Checkpoint: trained_nets/CDLNet-s2030/net.ckpt
TRAIN PSNR: 62.373 dB
TRAIN PSNR: 62.503 dB
TRAIN PSNR: 62.504 dB
TRAIN PSNR: 62.562 dB
TRAIN PSNR: 62.531 dB
Checkpoint: trained_nets/CDLNet-s2030/net.ckpt
TRAIN PSNR: 62.466 dB
TRAIN PSNR: 62.407 dB
TRAIN PSNR: 62.581 dB
TRAIN PSNR: 62.518 dB
TRAIN PSNR: 62.501 dB
VAL PSNR: 76.516 dB
Updated Learning Rate(s): 
[0.000630249409724609]
Checkpoint: trained_nets/CDLNet-s2030/net.ckpt
TRAIN PSNR: 62.474 dB
TRAIN PSNR: 62.489 dB
TRAIN PSNR: 62.597 dB
TRAIN PSNR: 62.426 dB
TRAIN PSNR: 62.306 dB
Checkpoint: trained_nets/CDLNet-s2030/net.ckpt
TRAIN PSNR: 62.648 dB
TRAIN PSNR: 62.486 dB
TRAIN PSNR: 62.414 dB
TRAIN PSNR: 62.616 dB
TRAIN PSNR: 62.436 dB
Checkpoint: trained_nets/CDLNet-s2030/net.ckpt
TRAIN PSNR: 62.547 dB
TRAIN PSNR: 62.585 dB
TRAIN PSNR: 62.554 dB
TRAIN PSNR: 62.481 dB
TRAIN PSNR: 62.538 dB
Checkpoint: trained_nets/CDLNet-s2030/net.ckpt
TRAIN PSNR: 62.677 dB
TRAIN PSNR: 62.534 dB
TRAIN PSNR: 62.631 dB
TRAIN PSNR: 62.620 dB
TRAIN PSNR: 62.541 dB
Checkpoint: trained_nets/CDLNet-s2030/net.ckpt
TRAIN PSNR: 62.508 dB
TRAIN PSNR: 62.443 dB
TRAIN PSNR: 62.494 dB
TRAIN PSNR: 62.477 dB
TRAIN PSNR: 62.566 dB
Checkpoint: trained_nets/CDLNet-s2030/net.ckpt
TRAIN PSNR: 62.667 dB
TRAIN PSNR: 62.451 dB
TRAIN PSNR: 62.506 dB
TRAIN PSNR: 62.406 dB
TRAIN PSNR: 62.394 dB
Checkpoint: trained_nets/CDLNet-s2030/net.ckpt
TRAIN PSNR: 62.419 dB
TRAIN PSNR: 62.489 dB
TRAIN PSNR: 62.560 dB
TRAIN PSNR: 62.370 dB
TRAIN PSNR: 62.613 dB
Checkpoint: trained_nets/CDLNet-s2030/net.ckpt
TRAIN PSNR: 62.478 dB
TRAIN PSNR: 62.419 dB
TRAIN PSNR: 62.538 dB
TRAIN PSNR: 62.691 dB
TRAIN PSNR: 62.429 dB
Checkpoint: trained_nets/CDLNet-s2030/net.ckpt
TRAIN PSNR: 62.386 dB
TRAIN PSNR: 62.462 dB
TRAIN PSNR: 62.631 dB
TRAIN PSNR: 62.552 dB
TRAIN PSNR: 62.420 dB
Checkpoint: trained_nets/CDLNet-s2030/net.ckpt
TRAIN PSNR: 62.442 dB
TRAIN PSNR: 62.442 dB
TRAIN PSNR: 62.534 dB
TRAIN PSNR: 62.701 dB
TRAIN PSNR: 62.520 dB
VAL PSNR: 76.751 dB
Updated Learning Rate(s): 
[0.0005987369392383785]
Checkpoint: trained_nets/CDLNet-s2030/net.ckpt
TRAIN PSNR: 62.436 dB
TRAIN PSNR: 62.377 dB
TRAIN PSNR: 62.547 dB
TRAIN PSNR: 62.441 dB
TRAIN PSNR: 62.560 dB
Checkpoint: trained_nets/CDLNet-s2030/net.ckpt
TRAIN PSNR: 62.558 dB
TRAIN PSNR: 62.470 dB
TRAIN PSNR: 62.551 dB
TRAIN PSNR: 62.434 dB
TRAIN PSNR: 62.519 dB
Checkpoint: trained_nets/CDLNet-s2030/net.ckpt
TRAIN PSNR: 62.451 dB
TRAIN PSNR: 62.418 dB
TRAIN PSNR: 62.718 dB
TRAIN PSNR: 62.710 dB
TRAIN PSNR: 62.709 dB
Checkpoint: trained_nets/CDLNet-s2030/net.ckpt
TRAIN PSNR: 62.468 dB
TRAIN PSNR: 62.623 dB
TRAIN PSNR: 62.502 dB
TRAIN PSNR: 62.400 dB
TRAIN PSNR: 62.532 dB
Checkpoint: trained_nets/CDLNet-s2030/net.ckpt
TRAIN PSNR: 62.667 dB
TRAIN PSNR: 62.444 dB
TRAIN PSNR: 62.427 dB
TRAIN PSNR: 62.505 dB
TRAIN PSNR: 62.445 dB
Checkpoint: trained_nets/CDLNet-s2030/net.ckpt
TRAIN PSNR: 62.443 dB
TRAIN PSNR: 62.489 dB
TRAIN PSNR: 62.431 dB
TRAIN PSNR: 62.344 dB
TRAIN PSNR: 62.409 dB
Checkpoint: trained_nets/CDLNet-s2030/net.ckpt
TRAIN PSNR: 62.466 dB
TRAIN PSNR: 62.562 dB
TRAIN PSNR: 62.502 dB
TRAIN PSNR: 62.538 dB
TRAIN PSNR: 62.457 dB
Checkpoint: trained_nets/CDLNet-s2030/net.ckpt
TRAIN PSNR: 62.277 dB
TRAIN PSNR: 62.507 dB
TRAIN PSNR: 62.447 dB
TRAIN PSNR: 62.433 dB
TRAIN PSNR: 62.622 dB
Checkpoint: trained_nets/CDLNet-s2030/net.ckpt
TRAIN PSNR: 62.545 dB
TRAIN PSNR: 62.408 dB
TRAIN PSNR: 62.377 dB
TRAIN PSNR: 62.523 dB
TRAIN PSNR: 62.527 dB
Checkpoint: trained_nets/CDLNet-s2030/net.ckpt
TRAIN PSNR: 62.568 dB
TRAIN PSNR: 62.297 dB
TRAIN PSNR: 62.531 dB
TRAIN PSNR: 62.505 dB
TRAIN PSNR: 62.529 dB
VAL PSNR: 76.904 dB
Updated Learning Rate(s): 
[0.0005688000922764595]
Checkpoint: trained_nets/CDLNet-s2030/net.ckpt
TRAIN PSNR: 62.553 dB
TRAIN PSNR: 62.472 dB
TRAIN PSNR: 62.405 dB
TRAIN PSNR: 62.614 dB
TRAIN PSNR: 62.530 dB
Checkpoint: trained_nets/CDLNet-s2030/net.ckpt
TRAIN PSNR: 62.539 dB
TRAIN PSNR: 62.417 dB
TRAIN PSNR: 62.453 dB
TRAIN PSNR: 62.509 dB
TRAIN PSNR: 62.482 dB
Checkpoint: trained_nets/CDLNet-s2030/net.ckpt
TRAIN PSNR: 62.526 dB
TRAIN PSNR: 62.627 dB
TRAIN PSNR: 62.356 dB
TRAIN PSNR: 62.441 dB
TRAIN PSNR: 62.518 dB
Checkpoint: trained_nets/CDLNet-s2030/net.ckpt
TRAIN PSNR: 62.403 dB
TRAIN PSNR: 62.559 dB
TRAIN PSNR: 62.444 dB
TRAIN PSNR: 62.416 dB
TRAIN PSNR: 62.609 dB
Checkpoint: trained_nets/CDLNet-s2030/net.ckpt
TRAIN PSNR: 62.512 dB
TRAIN PSNR: 62.491 dB
TRAIN PSNR: 62.521 dB
TRAIN PSNR: 62.393 dB
TRAIN PSNR: 62.453 dB
Checkpoint: trained_nets/CDLNet-s2030/net.ckpt
TRAIN PSNR: 62.499 dB
TRAIN PSNR: 62.487 dB
TRAIN PSNR: 62.392 dB
TRAIN PSNR: 62.517 dB
TRAIN PSNR: 62.517 dB
Checkpoint: trained_nets/CDLNet-s2030/net.ckpt
TRAIN PSNR: 62.588 dB
TRAIN PSNR: 62.585 dB
TRAIN PSNR: 62.446 dB
TRAIN PSNR: 62.440 dB
TRAIN PSNR: 62.655 dB
Checkpoint: trained_nets/CDLNet-s2030/net.ckpt
TRAIN PSNR: 62.489 dB
TRAIN PSNR: 62.438 dB
TRAIN PSNR: 62.517 dB
TRAIN PSNR: 62.608 dB
TRAIN PSNR: 62.485 dB
Checkpoint: trained_nets/CDLNet-s2030/net.ckpt
TRAIN PSNR: 62.641 dB
TRAIN PSNR: 62.645 dB
TRAIN PSNR: 62.550 dB
TRAIN PSNR: 62.506 dB
TRAIN PSNR: 62.376 dB
Checkpoint: trained_nets/CDLNet-s2030/net.ckpt
TRAIN PSNR: 62.537 dB
TRAIN PSNR: 62.423 dB
TRAIN PSNR: 62.486 dB
TRAIN PSNR: 62.495 dB
TRAIN PSNR: 62.480 dB
VAL PSNR: 76.732 dB
Updated Learning Rate(s): 
[0.0005403600876626365]
Checkpoint: trained_nets/CDLNet-s2030/net.ckpt
TRAIN PSNR: 62.398 dB
TRAIN PSNR: 62.365 dB
TRAIN PSNR: 62.464 dB
TRAIN PSNR: 62.382 dB
TRAIN PSNR: 62.483 dB
Checkpoint: trained_nets/CDLNet-s2030/net.ckpt
TRAIN PSNR: 62.574 dB
TRAIN PSNR: 62.541 dB
TRAIN PSNR: 62.389 dB
TRAIN PSNR: 62.524 dB
TRAIN PSNR: 62.689 dB
Checkpoint: trained_nets/CDLNet-s2030/net.ckpt
TRAIN PSNR: 62.514 dB
TRAIN PSNR: 62.418 dB
TRAIN PSNR: 62.550 dB
TRAIN PSNR: 62.339 dB
TRAIN PSNR: 62.632 dB
Checkpoint: trained_nets/CDLNet-s2030/net.ckpt
TRAIN PSNR: 62.555 dB
TRAIN PSNR: 62.330 dB
TRAIN PSNR: 62.521 dB
TRAIN PSNR: 62.407 dB
TRAIN PSNR: 62.560 dB
Checkpoint: trained_nets/CDLNet-s2030/net.ckpt
TRAIN PSNR: 62.485 dB
TRAIN PSNR: 62.398 dB
TRAIN PSNR: 62.428 dB
TRAIN PSNR: 62.607 dB
TRAIN PSNR: 62.468 dB
Checkpoint: trained_nets/CDLNet-s2030/net.ckpt
TRAIN PSNR: 62.558 dB
TRAIN PSNR: 62.567 dB
TRAIN PSNR: 62.515 dB
TRAIN PSNR: 62.485 dB
TRAIN PSNR: 62.567 dB
Checkpoint: trained_nets/CDLNet-s2030/net.ckpt
TRAIN PSNR: 62.421 dB
TRAIN PSNR: 62.368 dB
TRAIN PSNR: 62.468 dB
TRAIN PSNR: 62.484 dB
TRAIN PSNR: 62.467 dB
Checkpoint: trained_nets/CDLNet-s2030/net.ckpt
TRAIN PSNR: 62.434 dB
TRAIN PSNR: 62.606 dB
TRAIN PSNR: 62.560 dB
TRAIN PSNR: 62.484 dB
TRAIN PSNR: 62.362 dB
Checkpoint: trained_nets/CDLNet-s2030/net.ckpt
TRAIN PSNR: 62.440 dB
TRAIN PSNR: 62.518 dB
TRAIN PSNR: 62.503 dB
TRAIN PSNR: 62.497 dB
TRAIN PSNR: 62.467 dB
Checkpoint: trained_nets/CDLNet-s2030/net.ckpt
TRAIN PSNR: 62.492 dB
TRAIN PSNR: 62.418 dB
TRAIN PSNR: 62.627 dB
TRAIN PSNR: 62.501 dB
TRAIN PSNR: 62.492 dB
VAL PSNR: 76.561 dB
Updated Learning Rate(s): 
[0.0005133420832795047]
Checkpoint: trained_nets/CDLNet-s2030/net.ckpt
TRAIN PSNR: 62.531 dB
TRAIN PSNR: 62.551 dB
TRAIN PSNR: 62.629 dB
TRAIN PSNR: 62.539 dB
TRAIN PSNR: 62.633 dB
Checkpoint: trained_nets/CDLNet-s2030/net.ckpt
TRAIN PSNR: 62.512 dB
TRAIN PSNR: 62.388 dB
TRAIN PSNR: 62.596 dB
TRAIN PSNR: 62.614 dB
TRAIN PSNR: 62.553 dB
Checkpoint: trained_nets/CDLNet-s2030/net.ckpt
TRAIN PSNR: 62.586 dB
TRAIN PSNR: 62.601 dB
TRAIN PSNR: 62.477 dB
TRAIN PSNR: 62.471 dB
TRAIN PSNR: 62.313 dB
Checkpoint: trained_nets/CDLNet-s2030/net.ckpt
TRAIN PSNR: 62.556 dB
TRAIN PSNR: 62.640 dB
TRAIN PSNR: 62.534 dB
TRAIN PSNR: 62.521 dB
TRAIN PSNR: 62.653 dB
Checkpoint: trained_nets/CDLNet-s2030/net.ckpt
TRAIN PSNR: 62.520 dB
TRAIN PSNR: 62.380 dB
TRAIN PSNR: 62.535 dB
TRAIN PSNR: 62.577 dB
TRAIN PSNR: 62.416 dB
Checkpoint: trained_nets/CDLNet-s2030/net.ckpt
TRAIN PSNR: 62.420 dB
TRAIN PSNR: 62.519 dB
TRAIN PSNR: 62.674 dB
TRAIN PSNR: 62.387 dB
TRAIN PSNR: 62.418 dB
Checkpoint: trained_nets/CDLNet-s2030/net.ckpt
TRAIN PSNR: 62.520 dB
TRAIN PSNR: 62.464 dB
TRAIN PSNR: 62.532 dB
TRAIN PSNR: 62.372 dB
TRAIN PSNR: 62.590 dB
Checkpoint: trained_nets/CDLNet-s2030/net.ckpt
TRAIN PSNR: 62.545 dB
TRAIN PSNR: 62.444 dB
TRAIN PSNR: 62.572 dB
TRAIN PSNR: 62.436 dB
TRAIN PSNR: 62.632 dB
Checkpoint: trained_nets/CDLNet-s2030/net.ckpt
TRAIN PSNR: 62.486 dB
TRAIN PSNR: 62.484 dB
TRAIN PSNR: 62.569 dB
TRAIN PSNR: 62.586 dB
TRAIN PSNR: 62.502 dB
Checkpoint: trained_nets/CDLNet-s2030/net.ckpt
TRAIN PSNR: 62.632 dB
TRAIN PSNR: 62.523 dB
TRAIN PSNR: 62.420 dB
TRAIN PSNR: 62.379 dB
TRAIN PSNR: 62.571 dB
VAL PSNR: 76.572 dB
Updated Learning Rate(s): 
[0.00048767497911552944]
Checkpoint: trained_nets/CDLNet-s2030/net.ckpt
TRAIN PSNR: 62.523 dB
TRAIN PSNR: 62.627 dB
TRAIN PSNR: 62.455 dB
TRAIN PSNR: 62.302 dB
TRAIN PSNR: 62.358 dB
Checkpoint: trained_nets/CDLNet-s2030/net.ckpt
TRAIN PSNR: 62.384 dB
TRAIN PSNR: 62.476 dB
TRAIN PSNR: 62.530 dB
TRAIN PSNR: 62.435 dB
TRAIN PSNR: 62.624 dB
Checkpoint: trained_nets/CDLNet-s2030/net.ckpt
TRAIN PSNR: 62.556 dB
TRAIN PSNR: 62.454 dB
TRAIN PSNR: 62.431 dB
TRAIN PSNR: 62.550 dB
TRAIN PSNR: 62.559 dB
Checkpoint: trained_nets/CDLNet-s2030/net.ckpt
TRAIN PSNR: 62.598 dB
TRAIN PSNR: 62.338 dB
TRAIN PSNR: 62.702 dB
TRAIN PSNR: 62.504 dB
TRAIN PSNR: 62.553 dB
Checkpoint: trained_nets/CDLNet-s2030/net.ckpt
TRAIN PSNR: 62.578 dB
TRAIN PSNR: 62.456 dB
TRAIN PSNR: 62.455 dB
TRAIN PSNR: 62.638 dB
TRAIN PSNR: 62.584 dB
Checkpoint: trained_nets/CDLNet-s2030/net.ckpt
TRAIN PSNR: 62.556 dB
TRAIN PSNR: 62.445 dB
TRAIN PSNR: 62.463 dB
TRAIN PSNR: 62.419 dB
TRAIN PSNR: 62.534 dB
Checkpoint: trained_nets/CDLNet-s2030/net.ckpt
TRAIN PSNR: 62.494 dB
TRAIN PSNR: 62.547 dB
TRAIN PSNR: 62.473 dB
TRAIN PSNR: 62.586 dB
TRAIN PSNR: 62.544 dB
Checkpoint: trained_nets/CDLNet-s2030/net.ckpt
TRAIN PSNR: 62.599 dB
TRAIN PSNR: 62.408 dB
TRAIN PSNR: 62.488 dB
TRAIN PSNR: 62.499 dB
TRAIN PSNR: 62.505 dB
Checkpoint: trained_nets/CDLNet-s2030/net.ckpt
TRAIN PSNR: 62.547 dB
TRAIN PSNR: 62.423 dB
TRAIN PSNR: 62.485 dB
TRAIN PSNR: 62.479 dB
TRAIN PSNR: 62.650 dB
Checkpoint: trained_nets/CDLNet-s2030/net.ckpt
TRAIN PSNR: 62.566 dB
TRAIN PSNR: 62.495 dB
TRAIN PSNR: 62.547 dB
TRAIN PSNR: 62.568 dB
TRAIN PSNR: 62.529 dB
VAL PSNR: 76.758 dB
Updated Learning Rate(s): 
[0.00046329123015975297]
Checkpoint: trained_nets/CDLNet-s2030/net.ckpt
TRAIN PSNR: 62.297 dB
TRAIN PSNR: 62.423 dB
TRAIN PSNR: 62.407 dB
TRAIN PSNR: 62.589 dB
TRAIN PSNR: 62.635 dB
Checkpoint: trained_nets/CDLNet-s2030/net.ckpt
TRAIN PSNR: 62.498 dB
TRAIN PSNR: 62.590 dB
TRAIN PSNR: 62.385 dB
TRAIN PSNR: 62.597 dB
TRAIN PSNR: 62.557 dB
Checkpoint: trained_nets/CDLNet-s2030/net.ckpt
TRAIN PSNR: 62.465 dB
TRAIN PSNR: 62.476 dB
TRAIN PSNR: 62.503 dB
TRAIN PSNR: 62.534 dB
TRAIN PSNR: 62.645 dB
Checkpoint: trained_nets/CDLNet-s2030/net.ckpt
TRAIN PSNR: 62.464 dB
TRAIN PSNR: 62.592 dB
TRAIN PSNR: 62.600 dB
TRAIN PSNR: 62.491 dB
TRAIN PSNR: 62.428 dB
Checkpoint: trained_nets/CDLNet-s2030/net.ckpt
TRAIN PSNR: 62.481 dB
TRAIN PSNR: 62.468 dB
TRAIN PSNR: 62.651 dB
TRAIN PSNR: 62.509 dB
TRAIN PSNR: 62.516 dB
Checkpoint: trained_nets/CDLNet-s2030/net.ckpt
TRAIN PSNR: 62.406 dB
TRAIN PSNR: 62.522 dB
TRAIN PSNR: 62.476 dB
TRAIN PSNR: 62.578 dB
TRAIN PSNR: 62.568 dB
Checkpoint: trained_nets/CDLNet-s2030/net.ckpt
TRAIN PSNR: 62.345 dB
TRAIN PSNR: 62.477 dB
TRAIN PSNR: 62.492 dB
TRAIN PSNR: 62.408 dB
TRAIN PSNR: 62.484 dB
Checkpoint: trained_nets/CDLNet-s2030/net.ckpt
TRAIN PSNR: 62.387 dB
TRAIN PSNR: 62.532 dB
TRAIN PSNR: 62.523 dB
TRAIN PSNR: 62.558 dB
TRAIN PSNR: 62.735 dB
Checkpoint: trained_nets/CDLNet-s2030/net.ckpt
TRAIN PSNR: 62.482 dB
TRAIN PSNR: 62.505 dB
TRAIN PSNR: 62.551 dB
TRAIN PSNR: 62.521 dB
TRAIN PSNR: 62.430 dB
Checkpoint: trained_nets/CDLNet-s2030/net.ckpt
TRAIN PSNR: 62.600 dB
TRAIN PSNR: 62.595 dB
TRAIN PSNR: 62.544 dB
TRAIN PSNR: 62.492 dB
TRAIN PSNR: 62.489 dB
VAL PSNR: 76.561 dB
Updated Learning Rate(s): 
[0.0004401266686517653]
Checkpoint: trained_nets/CDLNet-s2030/net.ckpt
TRAIN PSNR: 62.478 dB
TRAIN PSNR: 62.457 dB
TRAIN PSNR: 62.519 dB
TRAIN PSNR: 62.616 dB
TRAIN PSNR: 62.579 dB
Checkpoint: trained_nets/CDLNet-s2030/net.ckpt
TRAIN PSNR: 62.514 dB
TRAIN PSNR: 62.434 dB
TRAIN PSNR: 62.431 dB
TRAIN PSNR: 62.452 dB
TRAIN PSNR: 62.341 dB
Checkpoint: trained_nets/CDLNet-s2030/net.ckpt
TRAIN PSNR: 62.496 dB
TRAIN PSNR: 62.725 dB
TRAIN PSNR: 62.564 dB
TRAIN PSNR: 62.376 dB
TRAIN PSNR: 62.564 dB
Checkpoint: trained_nets/CDLNet-s2030/net.ckpt
TRAIN PSNR: 62.689 dB
TRAIN PSNR: 62.523 dB
TRAIN PSNR: 62.460 dB
TRAIN PSNR: 62.491 dB
TRAIN PSNR: 62.524 dB
Checkpoint: trained_nets/CDLNet-s2030/net.ckpt
TRAIN PSNR: 62.400 dB
TRAIN PSNR: 62.538 dB
TRAIN PSNR: 62.489 dB
TRAIN PSNR: 62.485 dB
TRAIN PSNR: 62.561 dB
Checkpoint: trained_nets/CDLNet-s2030/net.ckpt
TRAIN PSNR: 62.694 dB
TRAIN PSNR: 62.539 dB
TRAIN PSNR: 62.456 dB
TRAIN PSNR: 62.549 dB
TRAIN PSNR: 62.342 dB
Checkpoint: trained_nets/CDLNet-s2030/net.ckpt
TRAIN PSNR: 62.425 dB
TRAIN PSNR: 62.473 dB
TRAIN PSNR: 62.483 dB
TRAIN PSNR: 62.508 dB
TRAIN PSNR: 62.486 dB
Checkpoint: trained_nets/CDLNet-s2030/net.ckpt
TRAIN PSNR: 62.380 dB
TRAIN PSNR: 62.465 dB
TRAIN PSNR: 62.482 dB
TRAIN PSNR: 62.530 dB
TRAIN PSNR: 62.519 dB
Checkpoint: trained_nets/CDLNet-s2030/net.ckpt
TRAIN PSNR: 62.438 dB
TRAIN PSNR: 62.644 dB
TRAIN PSNR: 62.629 dB
TRAIN PSNR: 62.315 dB
TRAIN PSNR: 62.525 dB
Checkpoint: trained_nets/CDLNet-s2030/net.ckpt
TRAIN PSNR: 62.728 dB
TRAIN PSNR: 62.575 dB
TRAIN PSNR: 62.570 dB
TRAIN PSNR: 62.534 dB
TRAIN PSNR: 62.513 dB
VAL PSNR: 76.408 dB
Updated Learning Rate(s): 
[0.00041812033521917703]
Checkpoint: trained_nets/CDLNet-s2030/net.ckpt
TRAIN PSNR: 62.541 dB
TRAIN PSNR: 62.442 dB
TRAIN PSNR: 62.368 dB
TRAIN PSNR: 62.604 dB
TRAIN PSNR: 62.491 dB
Checkpoint: trained_nets/CDLNet-s2030/net.ckpt
TRAIN PSNR: 62.494 dB
TRAIN PSNR: 62.473 dB
TRAIN PSNR: 62.509 dB
TRAIN PSNR: 62.424 dB
TRAIN PSNR: 62.498 dB
Checkpoint: trained_nets/CDLNet-s2030/net.ckpt
TRAIN PSNR: 62.486 dB
TRAIN PSNR: 62.474 dB
TRAIN PSNR: 62.603 dB
TRAIN PSNR: 62.332 dB
TRAIN PSNR: 62.587 dB
Checkpoint: trained_nets/CDLNet-s2030/net.ckpt
TRAIN PSNR: 62.529 dB
TRAIN PSNR: 62.611 dB
TRAIN PSNR: 62.614 dB
TRAIN PSNR: 62.499 dB
TRAIN PSNR: 62.503 dB
Checkpoint: trained_nets/CDLNet-s2030/net.ckpt
TRAIN PSNR: 62.629 dB
TRAIN PSNR: 62.489 dB
TRAIN PSNR: 62.536 dB
TRAIN PSNR: 62.493 dB
TRAIN PSNR: 62.664 dB
Checkpoint: trained_nets/CDLNet-s2030/net.ckpt
TRAIN PSNR: 62.482 dB
TRAIN PSNR: 62.676 dB
TRAIN PSNR: 62.602 dB
TRAIN PSNR: 62.316 dB
TRAIN PSNR: 62.758 dB
Checkpoint: trained_nets/CDLNet-s2030/net.ckpt
TRAIN PSNR: 62.444 dB
TRAIN PSNR: 62.444 dB
TRAIN PSNR: 62.317 dB
TRAIN PSNR: 62.438 dB
TRAIN PSNR: 62.587 dB
Checkpoint: trained_nets/CDLNet-s2030/net.ckpt
TRAIN PSNR: 62.477 dB
TRAIN PSNR: 62.539 dB
TRAIN PSNR: 62.673 dB
TRAIN PSNR: 62.410 dB
TRAIN PSNR: 62.540 dB
Checkpoint: trained_nets/CDLNet-s2030/net.ckpt
TRAIN PSNR: 62.565 dB
TRAIN PSNR: 62.530 dB
TRAIN PSNR: 62.417 dB
TRAIN PSNR: 62.353 dB
TRAIN PSNR: 62.525 dB
Checkpoint: trained_nets/CDLNet-s2030/net.ckpt
TRAIN PSNR: 62.471 dB
TRAIN PSNR: 62.523 dB
TRAIN PSNR: 62.613 dB
TRAIN PSNR: 62.599 dB
TRAIN PSNR: 62.618 dB
VAL PSNR: 77.054 dB
Updated Learning Rate(s): 
[0.00039721431845821814]
Checkpoint: trained_nets/CDLNet-s2030/net.ckpt
TRAIN PSNR: 62.509 dB
TRAIN PSNR: 62.351 dB
TRAIN PSNR: 62.433 dB
TRAIN PSNR: 62.516 dB
TRAIN PSNR: 62.440 dB
Checkpoint: trained_nets/CDLNet-s2030/net.ckpt
TRAIN PSNR: 62.500 dB
TRAIN PSNR: 62.412 dB
TRAIN PSNR: 62.490 dB
TRAIN PSNR: 62.445 dB
TRAIN PSNR: 62.781 dB
Checkpoint: trained_nets/CDLNet-s2030/net.ckpt
TRAIN PSNR: 62.415 dB
TRAIN PSNR: 62.402 dB
TRAIN PSNR: 62.435 dB
TRAIN PSNR: 62.517 dB
TRAIN PSNR: 62.662 dB
Checkpoint: trained_nets/CDLNet-s2030/net.ckpt
TRAIN PSNR: 62.379 dB
TRAIN PSNR: 62.361 dB
TRAIN PSNR: 62.498 dB
