{'model': {'C': 1, 'K': 30, 'M': 169, 'P': 7, 'adaptive': True, 's': 2},
 'paths': {'ckpt': None, 'save': 'trained_nets/CDLNet-s2030'},
 'train': {'fit': {'backtrack_thresh': 2,
                   'clip_grad': 0.05,
                   'demosaic': False,
                   'epochs': 6000,
                   'mcsure': False,
                   'noise_std': [20, 30],
                   'save_freq': 5,
                   'val_freq': 50,
                   'verbose': True},
           'loaders': {'batch_size': 10,
                       'crop_size': 128,
                       'end_slice': 8,
                       'load_color': False,
                       'scaling_fac': 1000000000.0,
                       'start_slice': 0,
                       'trn_path_list': ['../../datasets/fastmri_preprocessed/brain_T2W_coil_combined/train'],
                       'tst_path_list': ['../../datasets/fastmri_preprocessed/brain_T2W_coil_combined/test'],
                       'val_path_list': ['../../datasets/fastmri_preprocessed/brain_T2W_coil_combined/val']},
           'opt': {'lr': 0.001},
           'sched': {'gamma': 0.95, 'step_size': 50}},
 'type': 'CDLNet'}
Loading ['../../datasets/fastmri_preprocessed/brain_T2W_coil_combined/train']:
Loading ['../../datasets/fastmri_preprocessed/brain_T2W_coil_combined/val']:
Loading ['../../datasets/fastmri_preprocessed/brain_T2W_coil_combined/test']:
Running power-method on initial dictionary...
Done. L=3.137e+03-6.428e-07j.
Current Learning Rate(s):
0.001
Total Number of Parameters: 755,430
Using trained_nets/CDLNet-s2030 ...
fit: using device cuda:0
TRAIN PSNR: 60.614 dB
TRAIN PSNR: 62.416 dB
TRAIN PSNR: 62.472 dB
TRAIN PSNR: 62.676 dB
TRAIN PSNR: 62.482 dB
Checkpoint: trained_nets/CDLNet-s2030/net.ckpt
TRAIN PSNR: 62.484 dB
TRAIN PSNR: 62.457 dB
TRAIN PSNR: 62.581 dB
TRAIN PSNR: 62.592 dB
TRAIN PSNR: 62.277 dB
Checkpoint: trained_nets/CDLNet-s2030/net.ckpt
TRAIN PSNR: 62.453 dB
TRAIN PSNR: 62.481 dB
TRAIN PSNR: 62.489 dB
TRAIN PSNR: 62.618 dB
TRAIN PSNR: 62.458 dB
Checkpoint: trained_nets/CDLNet-s2030/net.ckpt
TRAIN PSNR: 62.481 dB
TRAIN PSNR: 62.570 dB
TRAIN PSNR: 62.442 dB
TRAIN PSNR: 62.641 dB
TRAIN PSNR: 62.471 dB
Checkpoint: trained_nets/CDLNet-s2030/net.ckpt
TRAIN PSNR: 62.569 dB
TRAIN PSNR: 62.455 dB
TRAIN PSNR: 62.444 dB
TRAIN PSNR: 62.534 dB
TRAIN PSNR: 62.692 dB
Checkpoint: trained_nets/CDLNet-s2030/net.ckpt
TRAIN PSNR: 62.472 dB
TRAIN PSNR: 62.529 dB
TRAIN PSNR: 62.430 dB
TRAIN PSNR: 62.464 dB
TRAIN PSNR: 62.528 dB
Checkpoint: trained_nets/CDLNet-s2030/net.ckpt
TRAIN PSNR: 62.565 dB
TRAIN PSNR: 62.592 dB
TRAIN PSNR: 62.637 dB
TRAIN PSNR: 62.573 dB
TRAIN PSNR: 62.500 dB
Checkpoint: trained_nets/CDLNet-s2030/net.ckpt
TRAIN PSNR: 62.605 dB
TRAIN PSNR: 62.639 dB
TRAIN PSNR: 62.447 dB
TRAIN PSNR: 62.615 dB
TRAIN PSNR: 62.346 dB
Checkpoint: trained_nets/CDLNet-s2030/net.ckpt
TRAIN PSNR: 62.670 dB
TRAIN PSNR: 62.380 dB
TRAIN PSNR: 62.435 dB
TRAIN PSNR: 62.387 dB
TRAIN PSNR: 62.539 dB
Checkpoint: trained_nets/CDLNet-s2030/net.ckpt
TRAIN PSNR: 62.442 dB
TRAIN PSNR: 62.231 dB
TRAIN PSNR: 62.603 dB
TRAIN PSNR: 62.386 dB
TRAIN PSNR: 62.493 dB
VAL PSNR: 30.282 dB
Updated Learning Rate(s): 
[0.00095]
Checkpoint: trained_nets/CDLNet-s2030/net.ckpt
TRAIN PSNR: 62.693 dB
TRAIN PSNR: 62.480 dB
TRAIN PSNR: 62.548 dB
TRAIN PSNR: 62.499 dB
TRAIN PSNR: 62.450 dB
Checkpoint: trained_nets/CDLNet-s2030/net.ckpt
TRAIN PSNR: 62.554 dB
TRAIN PSNR: 62.552 dB
TRAIN PSNR: 62.509 dB
TRAIN PSNR: 62.548 dB
TRAIN PSNR: 62.473 dB
Checkpoint: trained_nets/CDLNet-s2030/net.ckpt
TRAIN PSNR: 62.519 dB
TRAIN PSNR: 62.520 dB
TRAIN PSNR: 62.461 dB
TRAIN PSNR: 62.531 dB
TRAIN PSNR: 62.408 dB
Checkpoint: trained_nets/CDLNet-s2030/net.ckpt
TRAIN PSNR: 62.358 dB
TRAIN PSNR: 62.473 dB
TRAIN PSNR: 62.494 dB
TRAIN PSNR: 62.390 dB
TRAIN PSNR: 62.477 dB
Checkpoint: trained_nets/CDLNet-s2030/net.ckpt
TRAIN PSNR: 62.459 dB
TRAIN PSNR: 62.454 dB
TRAIN PSNR: 62.598 dB
TRAIN PSNR: 62.432 dB
TRAIN PSNR: 62.459 dB
Checkpoint: trained_nets/CDLNet-s2030/net.ckpt
TRAIN PSNR: 62.512 dB
TRAIN PSNR: 62.599 dB
TRAIN PSNR: 62.412 dB
TRAIN PSNR: 62.534 dB
TRAIN PSNR: 62.537 dB
Checkpoint: trained_nets/CDLNet-s2030/net.ckpt
TRAIN PSNR: 62.569 dB
TRAIN PSNR: 62.569 dB
TRAIN PSNR: 62.593 dB
TRAIN PSNR: 62.419 dB
TRAIN PSNR: 62.516 dB
Checkpoint: trained_nets/CDLNet-s2030/net.ckpt
