{'model': {'C': 1, 'K': 20, 'M': 32, 'P': 7, 'adaptive': True, 's': 1},
 'paths': {'ckpt': None, 'save': 'trained_nets/CDLNet-s2030'},
 'train': {'fit': {'backtrack_thresh': 2,
                   'clip_grad': 0.05,
                   'demosaic': False,
                   'epochs': 6000,
                   'mcsure': False,
                   'noise_std': [20, 30],
                   'save_freq': 5,
                   'val_freq': 50,
                   'verbose': True},
           'loaders': {'batch_size': 10,
                       'crop_size': 128,
                       'end_slice': 8,
                       'load_color': False,
                       'scaling_fac': 100000.0,
                       'start_slice': 0,
                       'trn_path_list': ['../../datasets/fastmri_preprocessed/brain_T2W_coil_combined/train'],
                       'tst_path_list': ['../../datasets/fastmri_preprocessed/brain_T2W_coil_combined/test'],
                       'val_path_list': ['../../datasets/fastmri_preprocessed/brain_T2W_coil_combined/val']},
           'opt': {'lr': 0.001},
           'sched': {'gamma': 0.95, 'step_size': 50}},
 'type': 'CDLNet'}
Loading ['../../datasets/fastmri_preprocessed/brain_T2W_coil_combined/train']:
Loading ['../../datasets/fastmri_preprocessed/brain_T2W_coil_combined/val']:
Loading ['../../datasets/fastmri_preprocessed/brain_T2W_coil_combined/test']:
Running power-method on initial dictionary...
Done. L=2.704e+03+9.361e-07j.
Current Learning Rate(s):
0.001
Total Number of Parameters: 95,360
Using trained_nets/CDLNet-s2030 ...
fit: using device cuda:0
TRAIN PSNR: 60.573 dB
TRAIN PSNR: 62.441 dB
TRAIN PSNR: 62.582 dB
TRAIN PSNR: 62.450 dB
TRAIN PSNR: 62.522 dB
Checkpoint: trained_nets/CDLNet-s2030/net.ckpt
TRAIN PSNR: 62.400 dB
TRAIN PSNR: 62.467 dB
TRAIN PSNR: 62.413 dB
TRAIN PSNR: 62.524 dB
TRAIN PSNR: 62.539 dB
Checkpoint: trained_nets/CDLNet-s2030/net.ckpt
TRAIN PSNR: 62.329 dB
TRAIN PSNR: 62.576 dB
TRAIN PSNR: 62.416 dB
TRAIN PSNR: 62.439 dB
TRAIN PSNR: 62.548 dB
Checkpoint: trained_nets/CDLNet-s2030/net.ckpt
TRAIN PSNR: 62.304 dB
TRAIN PSNR: 62.539 dB
TRAIN PSNR: 62.420 dB
TRAIN PSNR: 62.509 dB
TRAIN PSNR: 62.497 dB
Checkpoint: trained_nets/CDLNet-s2030/net.ckpt
TRAIN PSNR: 62.383 dB
TRAIN PSNR: 62.436 dB
TRAIN PSNR: 62.660 dB
TRAIN PSNR: 62.465 dB
TRAIN PSNR: 62.484 dB
Checkpoint: trained_nets/CDLNet-s2030/net.ckpt
TRAIN PSNR: 62.378 dB
TRAIN PSNR: 62.487 dB
TRAIN PSNR: 62.559 dB
TRAIN PSNR: 62.448 dB
TRAIN PSNR: 62.541 dB
Checkpoint: trained_nets/CDLNet-s2030/net.ckpt
TRAIN PSNR: 62.437 dB
TRAIN PSNR: 62.559 dB
TRAIN PSNR: 62.652 dB
TRAIN PSNR: 62.522 dB
TRAIN PSNR: 62.513 dB
Checkpoint: trained_nets/CDLNet-s2030/net.ckpt
TRAIN PSNR: 62.303 dB
TRAIN PSNR: 62.493 dB
TRAIN PSNR: 62.462 dB
TRAIN PSNR: 62.573 dB
TRAIN PSNR: 62.374 dB
Checkpoint: trained_nets/CDLNet-s2030/net.ckpt
TRAIN PSNR: 62.667 dB
TRAIN PSNR: 62.719 dB
TRAIN PSNR: 62.289 dB
TRAIN PSNR: 62.516 dB
TRAIN PSNR: 62.493 dB
Checkpoint: trained_nets/CDLNet-s2030/net.ckpt
TRAIN PSNR: 62.494 dB
TRAIN PSNR: 62.529 dB
TRAIN PSNR: 62.438 dB
TRAIN PSNR: 62.544 dB
TRAIN PSNR: 62.515 dB
VAL PSNR: 50.232 dB
Updated Learning Rate(s): 
[0.00095]
Checkpoint: trained_nets/CDLNet-s2030/net.ckpt
TRAIN PSNR: 62.309 dB
TRAIN PSNR: 62.498 dB
TRAIN PSNR: 62.509 dB
TRAIN PSNR: 62.662 dB
TRAIN PSNR: 62.613 dB
Checkpoint: trained_nets/CDLNet-s2030/net.ckpt
TRAIN PSNR: 62.505 dB
TRAIN PSNR: 62.599 dB
TRAIN PSNR: 62.492 dB
TRAIN PSNR: 62.560 dB
TRAIN PSNR: 62.585 dB
Checkpoint: trained_nets/CDLNet-s2030/net.ckpt
TRAIN PSNR: 62.502 dB
TRAIN PSNR: 62.345 dB
TRAIN PSNR: 62.450 dB
TRAIN PSNR: 62.488 dB
TRAIN PSNR: 62.494 dB
Checkpoint: trained_nets/CDLNet-s2030/net.ckpt
TRAIN PSNR: 62.408 dB
TRAIN PSNR: 62.555 dB
TRAIN PSNR: 62.450 dB
TRAIN PSNR: 62.487 dB
TRAIN PSNR: 62.619 dB
Checkpoint: trained_nets/CDLNet-s2030/net.ckpt
TRAIN PSNR: 62.565 dB
TRAIN PSNR: 62.403 dB
TRAIN PSNR: 62.498 dB
TRAIN PSNR: 62.477 dB
TRAIN PSNR: 62.467 dB
Checkpoint: trained_nets/CDLNet-s2030/net.ckpt
TRAIN PSNR: 62.493 dB
TRAIN PSNR: 62.485 dB
TRAIN PSNR: 62.469 dB
TRAIN PSNR: 62.549 dB
TRAIN PSNR: 62.452 dB
Checkpoint: trained_nets/CDLNet-s2030/net.ckpt
TRAIN PSNR: 62.575 dB
TRAIN PSNR: 62.523 dB
TRAIN PSNR: 62.705 dB
TRAIN PSNR: 62.595 dB
TRAIN PSNR: 62.564 dB
Checkpoint: trained_nets/CDLNet-s2030/net.ckpt
TRAIN PSNR: 62.500 dB
TRAIN PSNR: 62.396 dB
TRAIN PSNR: 62.349 dB
TRAIN PSNR: 62.471 dB
TRAIN PSNR: 62.308 dB
Checkpoint: trained_nets/CDLNet-s2030/net.ckpt
TRAIN PSNR: 62.596 dB
TRAIN PSNR: 62.456 dB
TRAIN PSNR: 62.512 dB
TRAIN PSNR: 62.529 dB
TRAIN PSNR: 62.555 dB
Checkpoint: trained_nets/CDLNet-s2030/net.ckpt
TRAIN PSNR: 62.623 dB
TRAIN PSNR: 62.467 dB
TRAIN PSNR: 62.505 dB
TRAIN PSNR: 62.675 dB
TRAIN PSNR: 62.373 dB
VAL PSNR: 49.953 dB
Updated Learning Rate(s): 
[0.0009025]
Checkpoint: trained_nets/CDLNet-s2030/net.ckpt
TRAIN PSNR: 62.369 dB
TRAIN PSNR: 62.459 dB
TRAIN PSNR: 62.507 dB
TRAIN PSNR: 62.471 dB
TRAIN PSNR: 62.239 dB
Checkpoint: trained_nets/CDLNet-s2030/net.ckpt
TRAIN PSNR: 62.503 dB
TRAIN PSNR: 62.277 dB
TRAIN PSNR: 62.527 dB
TRAIN PSNR: 62.440 dB
TRAIN PSNR: 62.507 dB
Checkpoint: trained_nets/CDLNet-s2030/net.ckpt
TRAIN PSNR: 62.418 dB
TRAIN PSNR: 62.576 dB
TRAIN PSNR: 62.397 dB
TRAIN PSNR: 62.382 dB
TRAIN PSNR: 62.564 dB
Checkpoint: trained_nets/CDLNet-s2030/net.ckpt
TRAIN PSNR: 62.546 dB
TRAIN PSNR: 62.374 dB
TRAIN PSNR: 62.497 dB
TRAIN PSNR: 62.679 dB
TRAIN PSNR: 62.577 dB
Checkpoint: trained_nets/CDLNet-s2030/net.ckpt
TRAIN PSNR: 62.683 dB
TRAIN PSNR: 62.471 dB
TRAIN PSNR: 62.484 dB
TRAIN PSNR: 62.461 dB
TRAIN PSNR: 62.516 dB
Checkpoint: trained_nets/CDLNet-s2030/net.ckpt
TRAIN PSNR: 62.385 dB
TRAIN PSNR: 62.651 dB
TRAIN PSNR: 62.478 dB
TRAIN PSNR: 62.647 dB
TRAIN PSNR: 62.497 dB
Checkpoint: trained_nets/CDLNet-s2030/net.ckpt
TRAIN PSNR: 62.411 dB
TRAIN PSNR: 62.466 dB
TRAIN PSNR: 62.433 dB
TRAIN PSNR: 62.570 dB
TRAIN PSNR: 62.396 dB
Checkpoint: trained_nets/CDLNet-s2030/net.ckpt
TRAIN PSNR: 62.511 dB
TRAIN PSNR: 62.349 dB
TRAIN PSNR: 62.816 dB
TRAIN PSNR: 62.552 dB
TRAIN PSNR: 62.345 dB
Checkpoint: trained_nets/CDLNet-s2030/net.ckpt
TRAIN PSNR: 62.575 dB
TRAIN PSNR: 62.605 dB
TRAIN PSNR: 62.594 dB
TRAIN PSNR: 62.399 dB
TRAIN PSNR: 62.532 dB
Checkpoint: trained_nets/CDLNet-s2030/net.ckpt
TRAIN PSNR: 62.419 dB
TRAIN PSNR: 62.550 dB
TRAIN PSNR: 62.574 dB
TRAIN PSNR: 62.497 dB
TRAIN PSNR: 62.571 dB
VAL PSNR: 49.675 dB
Updated Learning Rate(s): 
[0.000857375]
Checkpoint: trained_nets/CDLNet-s2030/net.ckpt
TRAIN PSNR: 62.664 dB
TRAIN PSNR: 62.461 dB
TRAIN PSNR: 62.454 dB
TRAIN PSNR: 62.532 dB
TRAIN PSNR: 62.592 dB
Checkpoint: trained_nets/CDLNet-s2030/net.ckpt
TRAIN PSNR: 62.370 dB
TRAIN PSNR: 62.467 dB
TRAIN PSNR: 62.576 dB
TRAIN PSNR: 62.439 dB
TRAIN PSNR: 62.306 dB
Checkpoint: trained_nets/CDLNet-s2030/net.ckpt
TRAIN PSNR: 62.480 dB
TRAIN PSNR: 62.498 dB
TRAIN PSNR: 62.388 dB
TRAIN PSNR: 62.541 dB
TRAIN PSNR: 62.551 dB
Checkpoint: trained_nets/CDLNet-s2030/net.ckpt
TRAIN PSNR: 62.495 dB
TRAIN PSNR: 62.580 dB
TRAIN PSNR: 62.556 dB
TRAIN PSNR: 62.574 dB
TRAIN PSNR: 62.447 dB
Checkpoint: trained_nets/CDLNet-s2030/net.ckpt
TRAIN PSNR: 62.331 dB
TRAIN PSNR: 62.407 dB
TRAIN PSNR: 62.606 dB
TRAIN PSNR: 62.642 dB
TRAIN PSNR: 62.637 dB
Checkpoint: trained_nets/CDLNet-s2030/net.ckpt
TRAIN PSNR: 62.531 dB
TRAIN PSNR: 62.335 dB
TRAIN PSNR: 62.429 dB
TRAIN PSNR: 62.420 dB
TRAIN PSNR: 62.536 dB
Checkpoint: trained_nets/CDLNet-s2030/net.ckpt
TRAIN PSNR: 62.436 dB
TRAIN PSNR: 62.616 dB
TRAIN PSNR: 62.579 dB
TRAIN PSNR: 62.416 dB
TRAIN PSNR: 62.459 dB
Checkpoint: trained_nets/CDLNet-s2030/net.ckpt
TRAIN PSNR: 62.504 dB
TRAIN PSNR: 62.496 dB
TRAIN PSNR: 62.611 dB
TRAIN PSNR: 62.593 dB
TRAIN PSNR: 62.349 dB
Checkpoint: trained_nets/CDLNet-s2030/net.ckpt
TRAIN PSNR: 62.496 dB
TRAIN PSNR: 62.390 dB
TRAIN PSNR: 62.476 dB
TRAIN PSNR: 62.579 dB
TRAIN PSNR: 62.339 dB
Checkpoint: trained_nets/CDLNet-s2030/net.ckpt
TRAIN PSNR: 62.479 dB
TRAIN PSNR: 62.543 dB
TRAIN PSNR: 62.472 dB
TRAIN PSNR: 62.588 dB
TRAIN PSNR: 62.343 dB
VAL PSNR: 50.254 dB
Updated Learning Rate(s): 
[0.0008145062499999999]
Checkpoint: trained_nets/CDLNet-s2030/net.ckpt
TRAIN PSNR: 62.444 dB
TRAIN PSNR: 62.375 dB
TRAIN PSNR: 62.330 dB
TRAIN PSNR: 62.315 dB
TRAIN PSNR: 62.368 dB
Checkpoint: trained_nets/CDLNet-s2030/net.ckpt
TRAIN PSNR: 62.445 dB
TRAIN PSNR: 62.534 dB
TRAIN PSNR: 62.496 dB
TRAIN PSNR: 62.475 dB
TRAIN PSNR: 62.543 dB
Checkpoint: trained_nets/CDLNet-s2030/net.ckpt
TRAIN PSNR: 62.629 dB
TRAIN PSNR: 62.467 dB
TRAIN PSNR: 62.451 dB
TRAIN PSNR: 62.477 dB
TRAIN PSNR: 62.494 dB
Checkpoint: trained_nets/CDLNet-s2030/net.ckpt
TRAIN PSNR: 62.482 dB
TRAIN PSNR: 62.519 dB
TRAIN PSNR: 62.384 dB
TRAIN PSNR: 62.564 dB
TRAIN PSNR: 62.515 dB
Checkpoint: trained_nets/CDLNet-s2030/net.ckpt
TRAIN PSNR: 62.393 dB
TRAIN PSNR: 62.391 dB
TRAIN PSNR: 62.559 dB
TRAIN PSNR: 62.495 dB
TRAIN PSNR: 62.487 dB
Checkpoint: trained_nets/CDLNet-s2030/net.ckpt
TRAIN PSNR: 62.645 dB
TRAIN PSNR: 62.685 dB
TRAIN PSNR: 62.574 dB
TRAIN PSNR: 62.393 dB
TRAIN PSNR: 62.565 dB
Checkpoint: trained_nets/CDLNet-s2030/net.ckpt
TRAIN PSNR: 62.573 dB
TRAIN PSNR: 62.437 dB
TRAIN PSNR: 62.469 dB
TRAIN PSNR: 62.569 dB
TRAIN PSNR: 62.491 dB
Checkpoint: trained_nets/CDLNet-s2030/net.ckpt
TRAIN PSNR: 62.565 dB
TRAIN PSNR: 62.593 dB
TRAIN PSNR: 62.542 dB
TRAIN PSNR: 62.480 dB
TRAIN PSNR: 62.451 dB
Checkpoint: trained_nets/CDLNet-s2030/net.ckpt
TRAIN PSNR: 62.582 dB
TRAIN PSNR: 62.485 dB
TRAIN PSNR: 62.569 dB
TRAIN PSNR: 62.478 dB
TRAIN PSNR: 62.748 dB
Checkpoint: trained_nets/CDLNet-s2030/net.ckpt
TRAIN PSNR: 62.532 dB
TRAIN PSNR: 62.686 dB
TRAIN PSNR: 62.422 dB
TRAIN PSNR: 62.590 dB
TRAIN PSNR: 62.569 dB
VAL PSNR: 50.541 dB
Updated Learning Rate(s): 
[0.0007737809374999998]
Checkpoint: trained_nets/CDLNet-s2030/net.ckpt
TRAIN PSNR: 62.524 dB
TRAIN PSNR: 62.537 dB
TRAIN PSNR: 62.463 dB
TRAIN PSNR: 62.649 dB
TRAIN PSNR: 62.552 dB
Checkpoint: trained_nets/CDLNet-s2030/net.ckpt
TRAIN PSNR: 62.446 dB
TRAIN PSNR: 62.380 dB
TRAIN PSNR: 62.651 dB
TRAIN PSNR: 62.509 dB
TRAIN PSNR: 62.426 dB
Checkpoint: trained_nets/CDLNet-s2030/net.ckpt
TRAIN PSNR: 62.522 dB
TRAIN PSNR: 62.729 dB
TRAIN PSNR: 62.600 dB
TRAIN PSNR: 62.390 dB
TRAIN PSNR: 62.622 dB
Checkpoint: trained_nets/CDLNet-s2030/net.ckpt
TRAIN PSNR: 62.588 dB
TRAIN PSNR: 62.366 dB
TRAIN PSNR: 62.565 dB
TRAIN PSNR: 62.329 dB
TRAIN PSNR: 62.637 dB
Checkpoint: trained_nets/CDLNet-s2030/net.ckpt
TRAIN PSNR: 62.522 dB
TRAIN PSNR: 62.516 dB
TRAIN PSNR: 62.497 dB
TRAIN PSNR: 62.640 dB
TRAIN PSNR: 62.599 dB
Checkpoint: trained_nets/CDLNet-s2030/net.ckpt
TRAIN PSNR: 62.631 dB
TRAIN PSNR: 62.389 dB
TRAIN PSNR: 62.429 dB
TRAIN PSNR: 62.545 dB
TRAIN PSNR: 62.558 dB
Checkpoint: trained_nets/CDLNet-s2030/net.ckpt
TRAIN PSNR: 62.625 dB
TRAIN PSNR: 62.506 dB
TRAIN PSNR: 62.533 dB
TRAIN PSNR: 62.525 dB
TRAIN PSNR: 62.556 dB
Checkpoint: trained_nets/CDLNet-s2030/net.ckpt
TRAIN PSNR: 62.497 dB
TRAIN PSNR: 62.587 dB
TRAIN PSNR: 62.558 dB
TRAIN PSNR: 62.613 dB
TRAIN PSNR: 62.551 dB
Checkpoint: trained_nets/CDLNet-s2030/net.ckpt
TRAIN PSNR: 62.794 dB
TRAIN PSNR: 62.528 dB
TRAIN PSNR: 62.510 dB
TRAIN PSNR: 62.606 dB
TRAIN PSNR: 62.722 dB
Checkpoint: trained_nets/CDLNet-s2030/net.ckpt
TRAIN PSNR: 62.549 dB
TRAIN PSNR: 62.503 dB
TRAIN PSNR: 62.585 dB
TRAIN PSNR: 62.371 dB
TRAIN PSNR: 62.537 dB
VAL PSNR: 50.269 dB
Updated Learning Rate(s): 
[0.0007350918906249997]
Checkpoint: trained_nets/CDLNet-s2030/net.ckpt
TRAIN PSNR: 62.297 dB
TRAIN PSNR: 62.522 dB
TRAIN PSNR: 62.496 dB
TRAIN PSNR: 62.627 dB
TRAIN PSNR: 62.392 dB
Checkpoint: trained_nets/CDLNet-s2030/net.ckpt
TRAIN PSNR: 62.533 dB
TRAIN PSNR: 62.592 dB
TRAIN PSNR: 62.378 dB
TRAIN PSNR: 62.501 dB
TRAIN PSNR: 62.328 dB
Checkpoint: trained_nets/CDLNet-s2030/net.ckpt
TRAIN PSNR: 62.455 dB
TRAIN PSNR: 62.498 dB
TRAIN PSNR: 62.505 dB
TRAIN PSNR: 62.447 dB
TRAIN PSNR: 62.427 dB
Checkpoint: trained_nets/CDLNet-s2030/net.ckpt
TRAIN PSNR: 62.385 dB
TRAIN PSNR: 62.425 dB
TRAIN PSNR: 62.623 dB
TRAIN PSNR: 62.546 dB
TRAIN PSNR: 62.549 dB
Checkpoint: trained_nets/CDLNet-s2030/net.ckpt
TRAIN PSNR: 62.372 dB
TRAIN PSNR: 62.478 dB
TRAIN PSNR: 62.723 dB
TRAIN PSNR: 62.459 dB
TRAIN PSNR: 62.697 dB
Checkpoint: trained_nets/CDLNet-s2030/net.ckpt
TRAIN PSNR: 62.444 dB
TRAIN PSNR: 62.514 dB
TRAIN PSNR: 62.326 dB
TRAIN PSNR: 62.472 dB
TRAIN PSNR: 62.496 dB
Checkpoint: trained_nets/CDLNet-s2030/net.ckpt
TRAIN PSNR: 62.578 dB
TRAIN PSNR: 62.432 dB
TRAIN PSNR: 62.342 dB
TRAIN PSNR: 62.500 dB
TRAIN PSNR: 62.478 dB
Checkpoint: trained_nets/CDLNet-s2030/net.ckpt
TRAIN PSNR: 62.474 dB
TRAIN PSNR: 62.472 dB
TRAIN PSNR: 62.468 dB
TRAIN PSNR: 62.329 dB
TRAIN PSNR: 62.498 dB
Checkpoint: trained_nets/CDLNet-s2030/net.ckpt
TRAIN PSNR: 62.616 dB
TRAIN PSNR: 62.499 dB
TRAIN PSNR: 62.476 dB
TRAIN PSNR: 62.533 dB
TRAIN PSNR: 62.603 dB
Checkpoint: trained_nets/CDLNet-s2030/net.ckpt
TRAIN PSNR: 62.513 dB
TRAIN PSNR: 62.450 dB
TRAIN PSNR: 62.565 dB
TRAIN PSNR: 62.393 dB
TRAIN PSNR: 62.513 dB
VAL PSNR: 50.361 dB
Updated Learning Rate(s): 
[0.0006983372960937497]
Checkpoint: trained_nets/CDLNet-s2030/net.ckpt
TRAIN PSNR: 62.483 dB
TRAIN PSNR: 62.253 dB
TRAIN PSNR: 62.504 dB
TRAIN PSNR: 62.340 dB
TRAIN PSNR: 62.287 dB
Checkpoint: trained_nets/CDLNet-s2030/net.ckpt
TRAIN PSNR: 62.494 dB
TRAIN PSNR: 62.632 dB
TRAIN PSNR: 62.808 dB
TRAIN PSNR: 62.680 dB
TRAIN PSNR: 62.635 dB
Checkpoint: trained_nets/CDLNet-s2030/net.ckpt
TRAIN PSNR: 62.590 dB
TRAIN PSNR: 62.675 dB
TRAIN PSNR: 62.506 dB
TRAIN PSNR: 62.342 dB
TRAIN PSNR: 62.589 dB
Checkpoint: trained_nets/CDLNet-s2030/net.ckpt
TRAIN PSNR: 62.346 dB
TRAIN PSNR: 62.404 dB
TRAIN PSNR: 62.420 dB
TRAIN PSNR: 62.579 dB
TRAIN PSNR: 62.462 dB
Checkpoint: trained_nets/CDLNet-s2030/net.ckpt
TRAIN PSNR: 62.421 dB
TRAIN PSNR: 62.343 dB
TRAIN PSNR: 62.397 dB
TRAIN PSNR: 62.502 dB
TRAIN PSNR: 62.528 dB
Checkpoint: trained_nets/CDLNet-s2030/net.ckpt
TRAIN PSNR: 62.536 dB
TRAIN PSNR: 62.442 dB
TRAIN PSNR: 62.598 dB
TRAIN PSNR: 62.489 dB
TRAIN PSNR: 62.616 dB
Checkpoint: trained_nets/CDLNet-s2030/net.ckpt
TRAIN PSNR: 62.388 dB
TRAIN PSNR: 62.482 dB
TRAIN PSNR: 62.394 dB
TRAIN PSNR: 62.454 dB
TRAIN PSNR: 62.532 dB
Checkpoint: trained_nets/CDLNet-s2030/net.ckpt
TRAIN PSNR: 62.564 dB
TRAIN PSNR: 62.520 dB
TRAIN PSNR: 62.608 dB
TRAIN PSNR: 62.461 dB
TRAIN PSNR: 62.586 dB
Checkpoint: trained_nets/CDLNet-s2030/net.ckpt
TRAIN PSNR: 62.486 dB
TRAIN PSNR: 62.663 dB
TRAIN PSNR: 62.475 dB
TRAIN PSNR: 62.601 dB
TRAIN PSNR: 62.532 dB
Checkpoint: trained_nets/CDLNet-s2030/net.ckpt
TRAIN PSNR: 62.633 dB
TRAIN PSNR: 62.506 dB
TRAIN PSNR: 62.608 dB
TRAIN PSNR: 62.491 dB
TRAIN PSNR: 62.682 dB
VAL PSNR: 50.065 dB
Updated Learning Rate(s): 
[0.0006634204312890621]
Checkpoint: trained_nets/CDLNet-s2030/net.ckpt
TRAIN PSNR: 62.544 dB
TRAIN PSNR: 62.599 dB
TRAIN PSNR: 62.586 dB
TRAIN PSNR: 62.502 dB
TRAIN PSNR: 62.404 dB
Checkpoint: trained_nets/CDLNet-s2030/net.ckpt
TRAIN PSNR: 62.382 dB
TRAIN PSNR: 62.465 dB
TRAIN PSNR: 62.393 dB
TRAIN PSNR: 62.537 dB
TRAIN PSNR: 62.691 dB
Checkpoint: trained_nets/CDLNet-s2030/net.ckpt
TRAIN PSNR: 62.676 dB
TRAIN PSNR: 62.472 dB
TRAIN PSNR: 62.383 dB
TRAIN PSNR: 62.516 dB
TRAIN PSNR: 62.445 dB
Checkpoint: trained_nets/CDLNet-s2030/net.ckpt
TRAIN PSNR: 62.559 dB
TRAIN PSNR: 62.428 dB
TRAIN PSNR: 62.383 dB
TRAIN PSNR: 62.448 dB
TRAIN PSNR: 62.549 dB
Checkpoint: trained_nets/CDLNet-s2030/net.ckpt
TRAIN PSNR: 62.629 dB
TRAIN PSNR: 62.362 dB
TRAIN PSNR: 62.523 dB
TRAIN PSNR: 62.485 dB
TRAIN PSNR: 62.529 dB
Checkpoint: trained_nets/CDLNet-s2030/net.ckpt
TRAIN PSNR: 62.286 dB
TRAIN PSNR: 62.554 dB
TRAIN PSNR: 62.292 dB
TRAIN PSNR: 62.512 dB
TRAIN PSNR: 62.583 dB
Checkpoint: trained_nets/CDLNet-s2030/net.ckpt
TRAIN PSNR: 62.536 dB
TRAIN PSNR: 62.447 dB
TRAIN PSNR: 62.607 dB
TRAIN PSNR: 62.412 dB
TRAIN PSNR: 62.571 dB
Checkpoint: trained_nets/CDLNet-s2030/net.ckpt
TRAIN PSNR: 62.710 dB
TRAIN PSNR: 62.510 dB
TRAIN PSNR: 62.628 dB
TRAIN PSNR: 62.494 dB
TRAIN PSNR: 62.433 dB
Checkpoint: trained_nets/CDLNet-s2030/net.ckpt
TRAIN PSNR: 62.469 dB
TRAIN PSNR: 62.371 dB
TRAIN PSNR: 62.530 dB
TRAIN PSNR: 62.479 dB
TRAIN PSNR: 62.414 dB
Checkpoint: trained_nets/CDLNet-s2030/net.ckpt
TRAIN PSNR: 62.492 dB
TRAIN PSNR: 62.367 dB
TRAIN PSNR: 62.394 dB
TRAIN PSNR: 62.455 dB
TRAIN PSNR: 62.672 dB
VAL PSNR: 50.188 dB
Updated Learning Rate(s): 
[0.000630249409724609]
Checkpoint: trained_nets/CDLNet-s2030/net.ckpt
TRAIN PSNR: 62.651 dB
TRAIN PSNR: 62.414 dB
TRAIN PSNR: 62.328 dB
TRAIN PSNR: 62.546 dB
TRAIN PSNR: 62.317 dB
Checkpoint: trained_nets/CDLNet-s2030/net.ckpt
TRAIN PSNR: 62.561 dB
TRAIN PSNR: 62.358 dB
TRAIN PSNR: 62.447 dB
TRAIN PSNR: 62.470 dB
TRAIN PSNR: 62.380 dB
Checkpoint: trained_nets/CDLNet-s2030/net.ckpt
TRAIN PSNR: 62.475 dB
TRAIN PSNR: 62.559 dB
TRAIN PSNR: 62.381 dB
TRAIN PSNR: 62.380 dB
TRAIN PSNR: 62.397 dB
Checkpoint: trained_nets/CDLNet-s2030/net.ckpt
TRAIN PSNR: 62.416 dB
TRAIN PSNR: 62.645 dB
TRAIN PSNR: 62.565 dB
TRAIN PSNR: 62.471 dB
TRAIN PSNR: 62.504 dB
Checkpoint: trained_nets/CDLNet-s2030/net.ckpt
TRAIN PSNR: 62.553 dB
TRAIN PSNR: 62.526 dB
TRAIN PSNR: 62.510 dB
TRAIN PSNR: 62.544 dB
TRAIN PSNR: 62.366 dB
Checkpoint: trained_nets/CDLNet-s2030/net.ckpt
TRAIN PSNR: 62.527 dB
TRAIN PSNR: 62.487 dB
TRAIN PSNR: 62.557 dB
TRAIN PSNR: 62.432 dB
TRAIN PSNR: 62.418 dB
Checkpoint: trained_nets/CDLNet-s2030/net.ckpt
TRAIN PSNR: 62.484 dB
TRAIN PSNR: 62.515 dB
TRAIN PSNR: 62.462 dB
TRAIN PSNR: 62.610 dB
TRAIN PSNR: 62.531 dB
Checkpoint: trained_nets/CDLNet-s2030/net.ckpt
TRAIN PSNR: 62.403 dB
TRAIN PSNR: 62.525 dB
TRAIN PSNR: 62.319 dB
TRAIN PSNR: 62.425 dB
TRAIN PSNR: 62.486 dB
Checkpoint: trained_nets/CDLNet-s2030/net.ckpt
TRAIN PSNR: 62.652 dB
TRAIN PSNR: 62.403 dB
TRAIN PSNR: 62.372 dB
TRAIN PSNR: 62.558 dB
TRAIN PSNR: 62.478 dB
Checkpoint: trained_nets/CDLNet-s2030/net.ckpt
TRAIN PSNR: 62.442 dB
TRAIN PSNR: 62.318 dB
TRAIN PSNR: 62.759 dB
TRAIN PSNR: 62.497 dB
TRAIN PSNR: 62.556 dB
VAL PSNR: 50.110 dB
Updated Learning Rate(s): 
[0.0005987369392383785]
Checkpoint: trained_nets/CDLNet-s2030/net.ckpt
TRAIN PSNR: 62.422 dB
TRAIN PSNR: 62.594 dB
TRAIN PSNR: 62.565 dB
TRAIN PSNR: 62.372 dB
TRAIN PSNR: 62.431 dB
Checkpoint: trained_nets/CDLNet-s2030/net.ckpt
TRAIN PSNR: 62.487 dB
TRAIN PSNR: 62.788 dB
TRAIN PSNR: 62.398 dB
TRAIN PSNR: 62.563 dB
TRAIN PSNR: 62.559 dB
Checkpoint: trained_nets/CDLNet-s2030/net.ckpt
TRAIN PSNR: 62.476 dB
TRAIN PSNR: 62.407 dB
TRAIN PSNR: 62.595 dB
TRAIN PSNR: 62.626 dB
TRAIN PSNR: 62.459 dB
Checkpoint: trained_nets/CDLNet-s2030/net.ckpt
TRAIN PSNR: 62.471 dB
TRAIN PSNR: 62.453 dB
TRAIN PSNR: 62.776 dB
TRAIN PSNR: 62.443 dB
TRAIN PSNR: 62.663 dB
Checkpoint: trained_nets/CDLNet-s2030/net.ckpt
TRAIN PSNR: 62.632 dB
TRAIN PSNR: 62.488 dB
TRAIN PSNR: 62.504 dB
TRAIN PSNR: 62.651 dB
TRAIN PSNR: 62.423 dB
Checkpoint: trained_nets/CDLNet-s2030/net.ckpt
TRAIN PSNR: 62.493 dB
TRAIN PSNR: 62.411 dB
TRAIN PSNR: 62.502 dB
TRAIN PSNR: 62.526 dB
TRAIN PSNR: 62.405 dB
Checkpoint: trained_nets/CDLNet-s2030/net.ckpt
TRAIN PSNR: 62.449 dB
TRAIN PSNR: 62.558 dB
TRAIN PSNR: 62.513 dB
TRAIN PSNR: 62.591 dB
TRAIN PSNR: 62.584 dB
Checkpoint: trained_nets/CDLNet-s2030/net.ckpt
TRAIN PSNR: 62.564 dB
TRAIN PSNR: 62.462 dB
TRAIN PSNR: 62.413 dB
TRAIN PSNR: 62.552 dB
TRAIN PSNR: 62.428 dB
Checkpoint: trained_nets/CDLNet-s2030/net.ckpt
TRAIN PSNR: 62.492 dB
TRAIN PSNR: 62.617 dB
TRAIN PSNR: 62.400 dB
TRAIN PSNR: 62.638 dB
TRAIN PSNR: 62.579 dB
Checkpoint: trained_nets/CDLNet-s2030/net.ckpt
TRAIN PSNR: 62.525 dB
TRAIN PSNR: 62.470 dB
TRAIN PSNR: 62.452 dB
TRAIN PSNR: 62.416 dB
TRAIN PSNR: 62.470 dB
VAL PSNR: 50.472 dB
Updated Learning Rate(s): 
[0.0005688000922764595]
Checkpoint: trained_nets/CDLNet-s2030/net.ckpt
TRAIN PSNR: 62.525 dB
TRAIN PSNR: 62.543 dB
TRAIN PSNR: 62.541 dB
TRAIN PSNR: 62.398 dB
TRAIN PSNR: 62.434 dB
Checkpoint: trained_nets/CDLNet-s2030/net.ckpt
TRAIN PSNR: 62.619 dB
TRAIN PSNR: 62.549 dB
TRAIN PSNR: 62.544 dB
TRAIN PSNR: 62.503 dB
TRAIN PSNR: 62.587 dB
Checkpoint: trained_nets/CDLNet-s2030/net.ckpt
TRAIN PSNR: 62.601 dB
TRAIN PSNR: 62.506 dB
TRAIN PSNR: 62.300 dB
TRAIN PSNR: 62.448 dB
TRAIN PSNR: 62.624 dB
Checkpoint: trained_nets/CDLNet-s2030/net.ckpt
TRAIN PSNR: 62.503 dB
TRAIN PSNR: 62.437 dB
TRAIN PSNR: 62.543 dB
TRAIN PSNR: 62.472 dB
TRAIN PSNR: 62.435 dB
Checkpoint: trained_nets/CDLNet-s2030/net.ckpt
TRAIN PSNR: 62.423 dB
TRAIN PSNR: 62.438 dB
TRAIN PSNR: 62.540 dB
TRAIN PSNR: 62.432 dB
TRAIN PSNR: 62.414 dB
Checkpoint: trained_nets/CDLNet-s2030/net.ckpt
TRAIN PSNR: 62.432 dB
TRAIN PSNR: 62.567 dB
TRAIN PSNR: 62.486 dB
TRAIN PSNR: 62.558 dB
TRAIN PSNR: 62.325 dB
Checkpoint: trained_nets/CDLNet-s2030/net.ckpt
TRAIN PSNR: 62.586 dB
TRAIN PSNR: 62.415 dB
TRAIN PSNR: 62.454 dB
TRAIN PSNR: 62.421 dB
TRAIN PSNR: 62.339 dB
Checkpoint: trained_nets/CDLNet-s2030/net.ckpt
TRAIN PSNR: 62.588 dB
TRAIN PSNR: 62.456 dB
TRAIN PSNR: 62.528 dB
TRAIN PSNR: 62.614 dB
TRAIN PSNR: 62.585 dB
Checkpoint: trained_nets/CDLNet-s2030/net.ckpt
TRAIN PSNR: 62.425 dB
TRAIN PSNR: 62.682 dB
TRAIN PSNR: 62.563 dB
TRAIN PSNR: 62.539 dB
TRAIN PSNR: 62.580 dB
Checkpoint: trained_nets/CDLNet-s2030/net.ckpt
TRAIN PSNR: 62.557 dB
TRAIN PSNR: 62.416 dB
TRAIN PSNR: 62.463 dB
TRAIN PSNR: 62.613 dB
TRAIN PSNR: 62.535 dB
VAL PSNR: 50.306 dB
Updated Learning Rate(s): 
[0.0005403600876626365]
Checkpoint: trained_nets/CDLNet-s2030/net.ckpt
TRAIN PSNR: 62.401 dB
TRAIN PSNR: 62.567 dB
TRAIN PSNR: 62.389 dB
TRAIN PSNR: 62.485 dB
TRAIN PSNR: 62.589 dB
Checkpoint: trained_nets/CDLNet-s2030/net.ckpt
TRAIN PSNR: 62.620 dB
TRAIN PSNR: 62.518 dB
TRAIN PSNR: 62.518 dB
TRAIN PSNR: 62.392 dB
TRAIN PSNR: 62.575 dB
Checkpoint: trained_nets/CDLNet-s2030/net.ckpt
TRAIN PSNR: 62.556 dB
TRAIN PSNR: 62.514 dB
TRAIN PSNR: 62.535 dB
TRAIN PSNR: 62.571 dB
TRAIN PSNR: 62.379 dB
Checkpoint: trained_nets/CDLNet-s2030/net.ckpt
TRAIN PSNR: 62.548 dB
TRAIN PSNR: 62.576 dB
TRAIN PSNR: 62.506 dB
TRAIN PSNR: 62.495 dB
TRAIN PSNR: 62.503 dB
Checkpoint: trained_nets/CDLNet-s2030/net.ckpt
TRAIN PSNR: 62.436 dB
TRAIN PSNR: 62.674 dB
TRAIN PSNR: 62.560 dB
TRAIN PSNR: 62.548 dB
TRAIN PSNR: 62.602 dB
Checkpoint: trained_nets/CDLNet-s2030/net.ckpt
TRAIN PSNR: 62.494 dB
TRAIN PSNR: 62.319 dB
TRAIN PSNR: 62.284 dB
TRAIN PSNR: 62.482 dB
TRAIN PSNR: 62.392 dB
Checkpoint: trained_nets/CDLNet-s2030/net.ckpt
TRAIN PSNR: 62.553 dB
TRAIN PSNR: 62.398 dB
TRAIN PSNR: 62.418 dB
TRAIN PSNR: 62.492 dB
TRAIN PSNR: 62.424 dB
Checkpoint: trained_nets/CDLNet-s2030/net.ckpt
TRAIN PSNR: 62.486 dB
TRAIN PSNR: 62.440 dB
TRAIN PSNR: 62.425 dB
TRAIN PSNR: 62.508 dB
TRAIN PSNR: 62.528 dB
Checkpoint: trained_nets/CDLNet-s2030/net.ckpt
TRAIN PSNR: 62.483 dB
TRAIN PSNR: 62.629 dB
TRAIN PSNR: 62.563 dB
TRAIN PSNR: 62.596 dB
TRAIN PSNR: 62.426 dB
Checkpoint: trained_nets/CDLNet-s2030/net.ckpt
TRAIN PSNR: 62.279 dB
TRAIN PSNR: 62.389 dB
TRAIN PSNR: 62.546 dB
TRAIN PSNR: 62.677 dB
TRAIN PSNR: 62.642 dB
VAL PSNR: 50.169 dB
Updated Learning Rate(s): 
[0.0005133420832795047]
Checkpoint: trained_nets/CDLNet-s2030/net.ckpt
TRAIN PSNR: 62.531 dB
TRAIN PSNR: 62.370 dB
TRAIN PSNR: 62.581 dB
TRAIN PSNR: 62.559 dB
TRAIN PSNR: 62.380 dB
Checkpoint: trained_nets/CDLNet-s2030/net.ckpt
TRAIN PSNR: 62.516 dB
TRAIN PSNR: 62.437 dB
TRAIN PSNR: 62.404 dB
TRAIN PSNR: 62.522 dB
TRAIN PSNR: 62.642 dB
Checkpoint: trained_nets/CDLNet-s2030/net.ckpt
TRAIN PSNR: 62.593 dB
TRAIN PSNR: 62.548 dB
TRAIN PSNR: 62.499 dB
TRAIN PSNR: 62.464 dB
TRAIN PSNR: 62.426 dB
Checkpoint: trained_nets/CDLNet-s2030/net.ckpt
TRAIN PSNR: 62.403 dB
TRAIN PSNR: 62.573 dB
TRAIN PSNR: 62.570 dB
TRAIN PSNR: 62.529 dB
TRAIN PSNR: 62.601 dB
Checkpoint: trained_nets/CDLNet-s2030/net.ckpt
TRAIN PSNR: 62.340 dB
TRAIN PSNR: 62.543 dB
TRAIN PSNR: 62.507 dB
TRAIN PSNR: 62.517 dB
TRAIN PSNR: 62.447 dB
Checkpoint: trained_nets/CDLNet-s2030/net.ckpt
TRAIN PSNR: 62.402 dB
TRAIN PSNR: 62.646 dB
TRAIN PSNR: 62.570 dB
TRAIN PSNR: 62.545 dB
TRAIN PSNR: 62.586 dB
Checkpoint: trained_nets/CDLNet-s2030/net.ckpt
TRAIN PSNR: 62.637 dB
TRAIN PSNR: 62.543 dB
TRAIN PSNR: 62.476 dB
TRAIN PSNR: 62.624 dB
TRAIN PSNR: 62.526 dB
Checkpoint: trained_nets/CDLNet-s2030/net.ckpt
TRAIN PSNR: 62.769 dB
TRAIN PSNR: 62.519 dB
TRAIN PSNR: 62.436 dB
TRAIN PSNR: 62.535 dB
TRAIN PSNR: 62.280 dB
Checkpoint: trained_nets/CDLNet-s2030/net.ckpt
TRAIN PSNR: 62.575 dB
TRAIN PSNR: 62.615 dB
TRAIN PSNR: 62.436 dB
TRAIN PSNR: 62.547 dB
TRAIN PSNR: 62.631 dB
Checkpoint: trained_nets/CDLNet-s2030/net.ckpt
TRAIN PSNR: 62.444 dB
TRAIN PSNR: 62.528 dB
TRAIN PSNR: 62.520 dB
TRAIN PSNR: 62.504 dB
TRAIN PSNR: 62.433 dB
VAL PSNR: 49.902 dB
Updated Learning Rate(s): 
[0.00048767497911552944]
Checkpoint: trained_nets/CDLNet-s2030/net.ckpt
TRAIN PSNR: 62.695 dB
TRAIN PSNR: 62.592 dB
TRAIN PSNR: 62.406 dB
TRAIN PSNR: 62.531 dB
TRAIN PSNR: 62.445 dB
Checkpoint: trained_nets/CDLNet-s2030/net.ckpt
TRAIN PSNR: 62.468 dB
TRAIN PSNR: 62.484 dB
TRAIN PSNR: 62.488 dB
TRAIN PSNR: 62.537 dB
TRAIN PSNR: 62.481 dB
Checkpoint: trained_nets/CDLNet-s2030/net.ckpt
TRAIN PSNR: 62.376 dB
TRAIN PSNR: 62.350 dB
TRAIN PSNR: 62.533 dB
TRAIN PSNR: 62.373 dB
TRAIN PSNR: 62.561 dB
Checkpoint: trained_nets/CDLNet-s2030/net.ckpt
TRAIN PSNR: 62.409 dB
TRAIN PSNR: 62.446 dB
TRAIN PSNR: 62.534 dB
TRAIN PSNR: 62.442 dB
TRAIN PSNR: 62.411 dB
Checkpoint: trained_nets/CDLNet-s2030/net.ckpt
TRAIN PSNR: 62.531 dB
TRAIN PSNR: 62.507 dB
TRAIN PSNR: 62.360 dB
TRAIN PSNR: 62.452 dB
TRAIN PSNR: 62.588 dB
Checkpoint: trained_nets/CDLNet-s2030/net.ckpt
TRAIN PSNR: 62.497 dB
TRAIN PSNR: 62.369 dB
TRAIN PSNR: 62.567 dB
TRAIN PSNR: 62.478 dB
TRAIN PSNR: 62.421 dB
Checkpoint: trained_nets/CDLNet-s2030/net.ckpt
TRAIN PSNR: 62.427 dB
TRAIN PSNR: 62.482 dB
TRAIN PSNR: 62.475 dB
TRAIN PSNR: 62.391 dB
TRAIN PSNR: 62.474 dB
Checkpoint: trained_nets/CDLNet-s2030/net.ckpt
TRAIN PSNR: 62.459 dB
TRAIN PSNR: 62.389 dB
TRAIN PSNR: 62.730 dB
TRAIN PSNR: 62.506 dB
TRAIN PSNR: 62.575 dB
Checkpoint: trained_nets/CDLNet-s2030/net.ckpt
TRAIN PSNR: 62.373 dB
TRAIN PSNR: 62.530 dB
TRAIN PSNR: 62.559 dB
TRAIN PSNR: 62.451 dB
TRAIN PSNR: 62.594 dB
Checkpoint: trained_nets/CDLNet-s2030/net.ckpt
TRAIN PSNR: 62.355 dB
TRAIN PSNR: 62.442 dB
TRAIN PSNR: 62.615 dB
TRAIN PSNR: 62.556 dB
TRAIN PSNR: 62.429 dB
VAL PSNR: 50.519 dB
Updated Learning Rate(s): 
[0.00046329123015975297]
Checkpoint: trained_nets/CDLNet-s2030/net.ckpt
TRAIN PSNR: 62.473 dB
TRAIN PSNR: 62.337 dB
TRAIN PSNR: 62.590 dB
TRAIN PSNR: 62.340 dB
TRAIN PSNR: 62.325 dB
Checkpoint: trained_nets/CDLNet-s2030/net.ckpt
TRAIN PSNR: 62.497 dB
TRAIN PSNR: 62.392 dB
TRAIN PSNR: 62.650 dB
TRAIN PSNR: 62.511 dB
TRAIN PSNR: 62.620 dB
Checkpoint: trained_nets/CDLNet-s2030/net.ckpt
TRAIN PSNR: 62.478 dB
TRAIN PSNR: 62.460 dB
TRAIN PSNR: 62.576 dB
TRAIN PSNR: 62.461 dB
TRAIN PSNR: 62.529 dB
Checkpoint: trained_nets/CDLNet-s2030/net.ckpt
TRAIN PSNR: 62.496 dB
TRAIN PSNR: 62.588 dB
TRAIN PSNR: 62.399 dB
TRAIN PSNR: 62.445 dB
TRAIN PSNR: 62.553 dB
Checkpoint: trained_nets/CDLNet-s2030/net.ckpt
TRAIN PSNR: 62.368 dB
TRAIN PSNR: 62.562 dB
TRAIN PSNR: 62.643 dB
TRAIN PSNR: 62.599 dB
TRAIN PSNR: 62.559 dB
Checkpoint: trained_nets/CDLNet-s2030/net.ckpt
TRAIN PSNR: 62.530 dB
TRAIN PSNR: 62.399 dB
TRAIN PSNR: 62.501 dB
TRAIN PSNR: 62.494 dB
TRAIN PSNR: 62.563 dB
Checkpoint: trained_nets/CDLNet-s2030/net.ckpt
TRAIN PSNR: 62.450 dB
TRAIN PSNR: 62.507 dB
TRAIN PSNR: 62.507 dB
TRAIN PSNR: 62.506 dB
TRAIN PSNR: 62.400 dB
Checkpoint: trained_nets/CDLNet-s2030/net.ckpt
TRAIN PSNR: 62.439 dB
TRAIN PSNR: 62.466 dB
TRAIN PSNR: 62.522 dB
TRAIN PSNR: 62.579 dB
TRAIN PSNR: 62.623 dB
Checkpoint: trained_nets/CDLNet-s2030/net.ckpt
TRAIN PSNR: 62.403 dB
TRAIN PSNR: 62.594 dB
TRAIN PSNR: 62.529 dB
TRAIN PSNR: 62.533 dB
TRAIN PSNR: 62.470 dB
Checkpoint: trained_nets/CDLNet-s2030/net.ckpt
TRAIN PSNR: 62.278 dB
TRAIN PSNR: 62.471 dB
TRAIN PSNR: 62.576 dB
TRAIN PSNR: 62.469 dB
TRAIN PSNR: 62.637 dB
VAL PSNR: 50.357 dB
Updated Learning Rate(s): 
[0.0004401266686517653]
Checkpoint: trained_nets/CDLNet-s2030/net.ckpt
TRAIN PSNR: 62.456 dB
TRAIN PSNR: 62.386 dB
TRAIN PSNR: 62.480 dB
TRAIN PSNR: 62.596 dB
TRAIN PSNR: 62.470 dB
Checkpoint: trained_nets/CDLNet-s2030/net.ckpt
TRAIN PSNR: 62.681 dB
TRAIN PSNR: 62.541 dB
TRAIN PSNR: 62.465 dB
TRAIN PSNR: 62.358 dB
TRAIN PSNR: 62.466 dB
Checkpoint: trained_nets/CDLNet-s2030/net.ckpt
TRAIN PSNR: 62.479 dB
TRAIN PSNR: 62.446 dB
TRAIN PSNR: 62.643 dB
TRAIN PSNR: 62.401 dB
TRAIN PSNR: 62.388 dB
Checkpoint: trained_nets/CDLNet-s2030/net.ckpt
TRAIN PSNR: 62.524 dB
TRAIN PSNR: 62.403 dB
TRAIN PSNR: 62.473 dB
TRAIN PSNR: 62.676 dB
TRAIN PSNR: 62.477 dB
Checkpoint: trained_nets/CDLNet-s2030/net.ckpt
TRAIN PSNR: 62.513 dB
TRAIN PSNR: 62.439 dB
TRAIN PSNR: 62.351 dB
TRAIN PSNR: 62.560 dB
TRAIN PSNR: 62.503 dB
Checkpoint: trained_nets/CDLNet-s2030/net.ckpt
TRAIN PSNR: 62.497 dB
TRAIN PSNR: 62.393 dB
TRAIN PSNR: 62.471 dB
TRAIN PSNR: 62.447 dB
TRAIN PSNR: 62.524 dB
Checkpoint: trained_nets/CDLNet-s2030/net.ckpt
TRAIN PSNR: 62.531 dB
TRAIN PSNR: 62.498 dB
TRAIN PSNR: 62.278 dB
TRAIN PSNR: 62.564 dB
TRAIN PSNR: 62.545 dB
Checkpoint: trained_nets/CDLNet-s2030/net.ckpt
TRAIN PSNR: 62.455 dB
TRAIN PSNR: 62.597 dB
TRAIN PSNR: 62.459 dB
TRAIN PSNR: 62.439 dB
TRAIN PSNR: 62.752 dB
Checkpoint: trained_nets/CDLNet-s2030/net.ckpt
TRAIN PSNR: 62.606 dB
TRAIN PSNR: 62.632 dB
TRAIN PSNR: 62.399 dB
TRAIN PSNR: 62.391 dB
TRAIN PSNR: 62.564 dB
Checkpoint: trained_nets/CDLNet-s2030/net.ckpt
TRAIN PSNR: 62.454 dB
TRAIN PSNR: 62.645 dB
TRAIN PSNR: 62.366 dB
TRAIN PSNR: 62.425 dB
TRAIN PSNR: 62.501 dB
VAL PSNR: 50.260 dB
Updated Learning Rate(s): 
[0.00041812033521917703]
Checkpoint: trained_nets/CDLNet-s2030/net.ckpt
TRAIN PSNR: 62.506 dB
TRAIN PSNR: 62.574 dB
TRAIN PSNR: 62.515 dB
TRAIN PSNR: 62.515 dB
TRAIN PSNR: 62.473 dB
Checkpoint: trained_nets/CDLNet-s2030/net.ckpt
TRAIN PSNR: 62.374 dB
TRAIN PSNR: 62.687 dB
TRAIN PSNR: 62.482 dB
TRAIN PSNR: 62.599 dB
TRAIN PSNR: 62.515 dB
Checkpoint: trained_nets/CDLNet-s2030/net.ckpt
TRAIN PSNR: 62.551 dB
TRAIN PSNR: 62.624 dB
TRAIN PSNR: 62.356 dB
TRAIN PSNR: 62.357 dB
TRAIN PSNR: 62.510 dB
Checkpoint: trained_nets/CDLNet-s2030/net.ckpt
TRAIN PSNR: 62.407 dB
TRAIN PSNR: 62.405 dB
TRAIN PSNR: 62.762 dB
TRAIN PSNR: 62.559 dB
TRAIN PSNR: 62.509 dB
Checkpoint: trained_nets/CDLNet-s2030/net.ckpt
TRAIN PSNR: 62.425 dB
TRAIN PSNR: 62.506 dB
TRAIN PSNR: 62.447 dB
TRAIN PSNR: 62.650 dB
TRAIN PSNR: 62.626 dB
Checkpoint: trained_nets/CDLNet-s2030/net.ckpt
TRAIN PSNR: 62.606 dB
TRAIN PSNR: 62.589 dB
TRAIN PSNR: 62.705 dB
TRAIN PSNR: 62.484 dB
TRAIN PSNR: 62.360 dB
Checkpoint: trained_nets/CDLNet-s2030/net.ckpt
TRAIN PSNR: 62.401 dB
TRAIN PSNR: 62.443 dB
TRAIN PSNR: 62.528 dB
TRAIN PSNR: 62.566 dB
TRAIN PSNR: 62.469 dB
Checkpoint: trained_nets/CDLNet-s2030/net.ckpt
TRAIN PSNR: 62.537 dB
TRAIN PSNR: 62.625 dB
TRAIN PSNR: 62.428 dB
TRAIN PSNR: 62.541 dB
TRAIN PSNR: 62.410 dB
Checkpoint: trained_nets/CDLNet-s2030/net.ckpt
TRAIN PSNR: 62.382 dB
TRAIN PSNR: 62.602 dB
TRAIN PSNR: 62.547 dB
TRAIN PSNR: 62.412 dB
TRAIN PSNR: 62.521 dB
Checkpoint: trained_nets/CDLNet-s2030/net.ckpt
TRAIN PSNR: 62.392 dB
TRAIN PSNR: 62.490 dB
TRAIN PSNR: 62.466 dB
TRAIN PSNR: 62.473 dB
TRAIN PSNR: 62.529 dB
VAL PSNR: 50.467 dB
Updated Learning Rate(s): 
[0.00039721431845821814]
Checkpoint: trained_nets/CDLNet-s2030/net.ckpt
TRAIN PSNR: 62.572 dB
TRAIN PSNR: 62.459 dB
TRAIN PSNR: 62.501 dB
TRAIN PSNR: 62.611 dB
TRAIN PSNR: 62.451 dB
Checkpoint: trained_nets/CDLNet-s2030/net.ckpt
TRAIN PSNR: 62.631 dB
TRAIN PSNR: 62.409 dB
TRAIN PSNR: 62.410 dB
TRAIN PSNR: 62.535 dB
TRAIN PSNR: 62.542 dB
Checkpoint: trained_nets/CDLNet-s2030/net.ckpt
TRAIN PSNR: 62.375 dB
TRAIN PSNR: 62.499 dB
TRAIN PSNR: 62.522 dB
TRAIN PSNR: 62.549 dB
TRAIN PSNR: 62.527 dB
Checkpoint: trained_nets/CDLNet-s2030/net.ckpt
TRAIN PSNR: 62.503 dB
TRAIN PSNR: 62.520 dB
TRAIN PSNR: 62.466 dB
TRAIN PSNR: 62.507 dB
TRAIN PSNR: 62.483 dB
Checkpoint: trained_nets/CDLNet-s2030/net.ckpt
TRAIN PSNR: 62.531 dB
TRAIN PSNR: 62.516 dB
TRAIN PSNR: 62.493 dB
TRAIN PSNR: 62.400 dB
TRAIN PSNR: 62.442 dB
Checkpoint: trained_nets/CDLNet-s2030/net.ckpt
TRAIN PSNR: 62.616 dB
TRAIN PSNR: 62.429 dB
