{'model': {'C': 1, 'K': 30, 'M': 169, 'P': 7, 'adaptive': True, 's': 2},
 'paths': {'ckpt': None, 'save': 'trained_nets/LPDSNet'},
 'train': {'fit': {'backtrack_thresh': 2,
                   'clip_grad': 0.05,
                   'demosaic': False,
                   'epochs': 6000,
                   'mcsure': False,
                   'noise_std': [0, 126],
                   'save_freq': 5,
                   'val_freq': 50,
                   'verbose': True},
           'loaders': {'batch_size': 10,
                       'crop_size': 256,
                       'end_slice': 8,
                       'load_color': False,
                       'scaling_fac': 2000.0,
                       'start_slice': 0,
                       'trn_path_list': ['../../datasets/fastmri_preprocessed/brain_T2W_coil_combined/train'],
                       'tst_path_list': ['../../datasets/fastmri_preprocessed/brain_T2W_coil_combined/test'],
                       'val_path_list': ['../../datasets/fastmri_preprocessed/brain_T2W_coil_combined/val']},
           'opt': {'lr': 0.001},
           'sched': {'gamma': 0.95, 'step_size': 50}},
 'type': 'LPDSNet'}
Loading ['../../datasets/fastmri_preprocessed/brain_T2W_coil_combined/train']:
Loading ['../../datasets/fastmri_preprocessed/brain_T2W_coil_combined/val']:
Loading ['../../datasets/fastmri_preprocessed/brain_T2W_coil_combined/test']:
Running power-method on initial dictionary...
Done. L=3.292e+03+7.035e-06j.
Current Learning Rate(s):
0.001
Total Number of Parameters: 755,490
Using trained_nets/LPDSNet ...
fit: using device cuda:0
TRAIN PSNR: 24.362 dB
TRAIN PSNR: 25.793 dB
TRAIN PSNR: 26.109 dB
TRAIN PSNR: 26.265 dB
TRAIN PSNR: 26.574 dB
Checkpoint: trained_nets/LPDSNet/net.ckpt
TRAIN PSNR: 26.507 dB
TRAIN PSNR: 26.564 dB
TRAIN PSNR: 26.720 dB
TRAIN PSNR: nan dB
Loss has diverged. Backtracking to trained_nets/LPDSNet/net.ckpt ...
Loading net state-dict...
Loading opt state-dict...
Loading sched state-dict...
Updated Learning Rate(s): [0.0008]
TRAIN PSNR: 26.634 dB
TRAIN PSNR: 26.694 dB
TRAIN PSNR: nan dB
Loss has diverged. Backtracking to trained_nets/LPDSNet/net.ckpt ...
Loading net state-dict...
Loading opt state-dict...
Loading sched state-dict...
Updated Learning Rate(s): [0.00064]
TRAIN PSNR: 26.706 dB
TRAIN PSNR: 26.797 dB
TRAIN PSNR: 3.516 dB
Loss has diverged. Backtracking to trained_nets/LPDSNet/net.ckpt ...
Loading net state-dict...
Loading opt state-dict...
Loading sched state-dict...
Updated Learning Rate(s): [0.000512]
TRAIN PSNR: 26.697 dB
TRAIN PSNR: 26.694 dB
TRAIN PSNR: 26.797 dB
TRAIN PSNR: 26.844 dB
TRAIN PSNR: 26.810 dB
Checkpoint: trained_nets/LPDSNet/net.ckpt
TRAIN PSNR: 26.762 dB
TRAIN PSNR: 11.360 dB
Loss has diverged. Backtracking to trained_nets/LPDSNet/net.ckpt ...
Loading net state-dict...
Loading opt state-dict...
Loading sched state-dict...
Updated Learning Rate(s): [0.0004096]
TRAIN PSNR: 26.870 dB
TRAIN PSNR: 26.752 dB
TRAIN PSNR: 26.844 dB
TRAIN PSNR: 26.816 dB
TRAIN PSNR: 26.857 dB
Checkpoint: trained_nets/LPDSNet/net.ckpt
TRAIN PSNR: 26.720 dB
TRAIN PSNR: 17.156 dB
Loss has diverged. Backtracking to trained_nets/LPDSNet/net.ckpt ...
Loading net state-dict...
Loading opt state-dict...
Loading sched state-dict...
Updated Learning Rate(s): [0.00032768]
