Using device cuda:0.
{'model': {'C': 1, 'K': 30, 'M': 169, 'P': 7, 'adaptive': True, 's': 2},
 'paths': {'ckpt': 'trained_nets/CDLNet-s2030/net.ckpt',
           'save': 'trained_nets/LPDSNet'},
 'train': {'fit': {'backtrack_thresh': 2,
                   'clip_grad': 0.05,
                   'demosaic': False,
                   'epochs': 6000,
                   'mcsure': False,
                   'noise_std': [0, 126],
                   'save_freq': 5,
                   'val_freq': 50,
                   'verbose': True},
           'loaders': {'batch_size': 10,
                       'crop_size': 256,
                       'end_slice': 8,
                       'load_color': False,
                       'scaling_fac': 2000.0,
                       'start_slice': 0,
                       'trn_path_list': ['../../datasets/fastmri_preprocessed/brain_T2W_coil_combined/train'],
                       'tst_path_list': ['../../datasets/fastmri_preprocessed/brain_T2W_coil_combined/test'],
                       'val_path_list': ['../../datasets/fastmri_preprocessed/brain_T2W_coil_combined/val']},
           'opt': {'lr': 0.001},
           'sched': {'gamma': 0.95, 'step_size': 50}},
 'type': 'CDLNet'}
Initializing net from trained_nets/CDLNet-s2030/net.ckpt ...
Loading net state-dict...
Total Number of Parameters: 755,430
Using trained_nets/LPDSNet ...
Initializing net from trained_nets/LPDS_mixedimmap/net.ckpt ...
Loading net state-dict...
Loading opt state-dict...
Loading sched state-dict...
Total Number of Parameters: 760,560
Using trained_nets/LPDS_mixedimmap ...
Iteration 1 complete. Noise level: 1.0.
Iteration 2 complete. Noise level: 0.9899091124534607.
Iteration 3 complete. Noise level: 0.9798181653022766.
Iteration 4 complete. Noise level: 0.9697272777557373.
Iteration 5 complete. Noise level: 0.959636390209198.
Iteration 6 complete. Noise level: 0.9495454430580139.
Iteration 7 complete. Noise level: 0.9394545555114746.
Iteration 8 complete. Noise level: 0.9293636083602905.
Iteration 9 complete. Noise level: 0.9192727208137512.
Iteration 10 complete. Noise level: 0.9091818332672119.
Iteration 11 complete. Noise level: 0.8990908861160278.
Iteration 12 complete. Noise level: 0.8889999985694885.
Iteration 13 complete. Noise level: 0.8789091110229492.
Iteration 14 complete. Noise level: 0.8688181638717651.
Iteration 15 complete. Noise level: 0.8587272763252258.
Iteration 16 complete. Noise level: 0.8486363887786865.
Iteration 17 complete. Noise level: 0.8385454416275024.
Iteration 18 complete. Noise level: 0.8284545540809631.
Iteration 19 complete. Noise level: 0.8183636665344238.
Iteration 20 complete. Noise level: 0.8082727193832397.
Iteration 21 complete. Noise level: 0.7981818318367004.
Iteration 22 complete. Noise level: 0.7880908846855164.
Iteration 23 complete. Noise level: 0.777999997138977.
Iteration 24 complete. Noise level: 0.7679091095924377.
Iteration 25 complete. Noise level: 0.7578181624412537.
Iteration 26 complete. Noise level: 0.7477272748947144.
Iteration 27 complete. Noise level: 0.737636387348175.
Iteration 28 complete. Noise level: 0.727545440196991.
Iteration 29 complete. Noise level: 0.7174545526504517.
Iteration 30 complete. Noise level: 0.7073636651039124.
Iteration 31 complete. Noise level: 0.6972727179527283.
Iteration 32 complete. Noise level: 0.687181830406189.
Iteration 33 complete. Noise level: 0.6770908832550049.
Iteration 34 complete. Noise level: 0.6669999957084656.
Iteration 35 complete. Noise level: 0.6569091081619263.
Iteration 36 complete. Noise level: 0.6468181610107422.
Iteration 37 complete. Noise level: 0.6367272734642029.
Iteration 38 complete. Noise level: 0.6266363859176636.
Iteration 39 complete. Noise level: 0.6165454387664795.
Iteration 40 complete. Noise level: 0.6064545512199402.
Iteration 41 complete. Noise level: 0.5963636636734009.
Iteration 42 complete. Noise level: 0.5862727165222168.
Iteration 43 complete. Noise level: 0.5761818289756775.
Iteration 44 complete. Noise level: 0.5660909414291382.
Iteration 45 complete. Noise level: 0.5559999942779541.
Iteration 46 complete. Noise level: 0.5459091067314148.
Iteration 47 complete. Noise level: 0.5358181595802307.
Iteration 48 complete. Noise level: 0.5257272720336914.
Iteration 49 complete. Noise level: 0.5156363844871521.
Iteration 50 complete. Noise level: 0.505545437335968.
Iteration 51 complete. Noise level: 0.4954545497894287.
Iteration 52 complete. Noise level: 0.485363632440567.
Iteration 53 complete. Noise level: 0.4752727150917053.
Iteration 54 complete. Noise level: 0.46518179774284363.
Iteration 55 complete. Noise level: 0.4550909101963043.
Iteration 56 complete. Noise level: 0.4449999928474426.
Iteration 57 complete. Noise level: 0.43490907549858093.
Iteration 58 complete. Noise level: 0.4248181879520416.
Iteration 59 complete. Noise level: 0.41472727060317993.
Iteration 60 complete. Noise level: 0.40463635325431824.
Iteration 61 complete. Noise level: 0.39454543590545654.
Iteration 62 complete. Noise level: 0.38445454835891724.
Iteration 63 complete. Noise level: 0.37436363101005554.
Iteration 64 complete. Noise level: 0.36427271366119385.
Iteration 65 complete. Noise level: 0.35418182611465454.
Iteration 66 complete. Noise level: 0.34409090876579285.
Iteration 67 complete. Noise level: 0.33399999141693115.
Iteration 68 complete. Noise level: 0.32390907406806946.
Iteration 69 complete. Noise level: 0.31381818652153015.
Iteration 70 complete. Noise level: 0.30372726917266846.
Iteration 71 complete. Noise level: 0.29363635182380676.
Iteration 72 complete. Noise level: 0.28354546427726746.
Iteration 73 complete. Noise level: 0.27345454692840576.
Iteration 74 complete. Noise level: 0.26336362957954407.
Iteration 75 complete. Noise level: 0.2532727122306824.
Iteration 76 complete. Noise level: 0.24318180978298187.
Iteration 77 complete. Noise level: 0.23309090733528137.
Iteration 78 complete. Noise level: 0.22299998998641968.
Iteration 79 complete. Noise level: 0.21290908753871918.
Iteration 80 complete. Noise level: 0.20281818509101868.
Iteration 81 complete. Noise level: 0.19272726774215698.
Iteration 82 complete. Noise level: 0.18263636529445648.
Iteration 83 complete. Noise level: 0.1725454479455948.
Iteration 84 complete. Noise level: 0.1624545454978943.
Iteration 85 complete. Noise level: 0.1523636281490326.
Iteration 86 complete. Noise level: 0.1422727257013321.
Iteration 87 complete. Noise level: 0.1321818232536316.
Iteration 88 complete. Noise level: 0.1220909059047699.
Iteration 89 complete. Noise level: 0.1119999960064888.
Iteration 90 complete. Noise level: 0.1019090861082077.
Iteration 91 complete. Noise level: 0.0918181836605072.
Iteration 92 complete. Noise level: 0.0817272737622261.
Iteration 93 complete. Noise level: 0.07163636386394501.
Iteration 94 complete. Noise level: 0.06154545396566391.
Iteration 95 complete. Noise level: 0.05145454406738281.
Iteration 96 complete. Noise level: 0.041363634169101715.
Iteration 97 complete. Noise level: 0.031272727996110916.
Iteration 98 complete. Noise level: 0.02118181809782982.
Iteration 99 complete. Noise level: 0.011090909130871296.
Iteration 100 complete. Noise level: 0.0010000000474974513.
