{'model': {'C': 1,
           'K': 30,
           'M': 169,
           'P': 7,
           'adaptive': True,
           'e2e_diff': True,
           's': 2},
 'mri': {'R': 8, 'acs_lines': 24},
 'paths': {'ckpt': None, 'save': 'trained_nets/LPDS_mixedimmap'},
 'train': {'fit': {'backtrack_thresh': 2,
                   'clip_grad': 0.05,
                   'demosaic': False,
                   'denoiser_args_path': 'eval_config.json',
                   'epochs': 6000,
                   'image_noise_std': [0, 255],
                   'mcsure': False,
                   'noise_std': [10, 13],
                   'save_freq': 5,
                   'val_freq': 50,
                   'verbose': True,
                   'x_init': True},
           'loaders': {'batch_size': 1,
                       'crop_size': 256,
                       'scaling_fac': 2000.0,
                       'trn_kspace_path_list': ['../../datasets/fastmri/brain/multicoil_train'],
                       'trn_path_list': ['../../datasets/fastmri_preprocessed/brain_T2W_coil_combined/train'],
                       'tst_kspace_path_list': ['../../datasets/fastmri/brain/multicoil_test'],
                       'tst_path_list': ['../../datasets/fastmri_preprocessed/brain_T2W_coil_combined/test'],
                       'val_kspace_path_list': ['../../datasets/fastmri/brain/multicoil_val'],
                       'val_path_list': ['../../datasets/fastmri_preprocessed/brain_T2W_coil_combined/val']},
           'opt': {'lr': 0.001},
           'sched': {'gamma': 0.95, 'step_size': 50}},
 'type': 'LPDSNet'}
Loading ['../../datasets/fastmri_preprocessed/brain_T2W_coil_combined/train']:
Loading ['../../datasets/fastmri/brain/multicoil_train']
Loading ['../../datasets/fastmri_preprocessed/brain_T2W_coil_combined/val']:
Loading ['../../datasets/fastmri/brain/multicoil_val']
Loading ['../../datasets/fastmri_preprocessed/brain_T2W_coil_combined/test']:
Loading ['../../datasets/fastmri/brain/multicoil_test']
Running power-method on initial dictionary...
Done. L=3.283e+03+4.268e-06j.
Total Number of Parameters: 760,560
Using trained_nets/LPDS_mixedimmap ...
fit: using device cuda:0
TRAIN PSNR: 29.526 dB
TRAIN PSNR: 30.462 dB
TRAIN PSNR: 30.577 dB
TRAIN PSNR: 30.766 dB
TRAIN PSNR: 30.872 dB
Checkpoint: trained_nets/LPDS_mixedimmap/net.ckpt
TRAIN PSNR: 30.714 dB
TRAIN PSNR: 30.802 dB
TRAIN PSNR: 30.954 dB
TRAIN PSNR: 30.899 dB
TRAIN PSNR: 31.018 dB
Checkpoint: trained_nets/LPDS_mixedimmap/net.ckpt
TRAIN PSNR: 31.034 dB
TRAIN PSNR: 31.058 dB
TRAIN PSNR: 31.107 dB
TRAIN PSNR: 31.090 dB
TRAIN PSNR: 31.086 dB
Checkpoint: trained_nets/LPDS_mixedimmap/net.ckpt
TRAIN PSNR: 31.169 dB
TRAIN PSNR: 31.188 dB
TRAIN PSNR: 31.163 dB
TRAIN PSNR: 31.232 dB
TRAIN PSNR: 31.203 dB
Checkpoint: trained_nets/LPDS_mixedimmap/net.ckpt
TRAIN PSNR: 31.253 dB
TRAIN PSNR: 31.251 dB
TRAIN PSNR: 31.188 dB
TRAIN PSNR: 31.179 dB
